DEBUG 2019-02-21 13:13:31,095: 	 Executing command: 'submit'
DEBUG 2019-02-21 13:13:31,095: 	 Found CRAB cache file /afs/cern.ch/user/b/bjoshi/.crab3
DEBUG 2019-02-21 13:13:31,108: 	 Checking credentials
DEBUG 2019-02-21 13:13:31,109: 	 Found proxy file /tmp/x509up_u92327
DEBUG 2019-02-21 13:13:31,109: 	 Getting proxy life time left
DEBUG 2019-02-21 13:13:32,329: 	 Executing : 
 command : voms-proxy-info -file /tmp/x509up_u92327 -timeleft
 output : 34853

 error: 
 retcode : 0
DEBUG 2019-02-21 13:13:33,454: 	 Executing : 
 command : voms-proxy-info -file /tmp/x509up_u92327 -actimeleft
 output : 34852

 error: 
 retcode : 0
DEBUG 2019-02-21 13:13:33,455: 	 Proxy lifetime 34853 secs is different from voms extension lifetime 34852 secs for proxy: /tmp/x509up_u92327
DEBUG 2019-02-21 13:13:33,455: 	 Proxy valid for 09:40:52 hours
INFO 2019-02-21 13:13:33,456: 	 Will use CRAB configuration file crab_mc.py
DEBUG 2019-02-21 13:13:33,456: 	 Loading CRAB configuration file.
DEBUG 2019-02-21 13:13:37,609: 	 Will use CRAB PrivateMC plugin (i.e. will run a MC generation job type).
DEBUG 2019-02-21 13:13:37,807: 	 Executing : 
 command : openssl x509 -in ~/.globus/usercert.pem -subject -noout
 output : subject= /DC=ch/DC=cern/OU=Organic Units/OU=Users/CN=bjoshi/CN=796100/CN=Bhargav Madhusudan Joshi

 error: 
 retcode : 0
DEBUG 2019-02-21 13:13:37,807: 	 Checking credentials
DEBUG 2019-02-21 13:13:37,808: 	 Found proxy file /tmp/x509up_u92327
DEBUG 2019-02-21 13:13:37,808: 	 Getting proxy life time left
DEBUG 2019-02-21 13:13:39,020: 	 Executing : 
 command : voms-proxy-info -file /tmp/x509up_u92327 -timeleft
 output : 34847

 error: 
 retcode : 0
DEBUG 2019-02-21 13:13:41,734: 	 Executing : 
 command : voms-proxy-info -file /tmp/x509up_u92327 -actimeleft
 output : 34844

 error: 
 retcode : 0
DEBUG 2019-02-21 13:13:41,735: 	 Proxy lifetime 34847 secs is different from voms extension lifetime 34844 secs for proxy: /tmp/x509up_u92327
DEBUG 2019-02-21 13:13:41,735: 	 Proxy valid for 09:40:44 hours
DEBUG 2019-02-21 13:13:42,846: 	 Executing : 
 command : env X509_USER_PROXY=/tmp/x509up_u92327 voms-proxy-info -fqan
 output : /cms/Role=NULL/Capability=NULL
/cms/uscms/Role=NULL/Capability=NULL

 error: 
 retcode : 0
DEBUG 2019-02-21 13:13:42,996: 	 Registering user credentials for server /DC=ch/DC=cern/OU=computers/CN=vocms(052|058|030|0118|0105|0109).cern.ch|/DC=ch/DC=cern/OU=computers/CN=crab-(preprod|prod)-tw(02|01).cern.ch
DEBUG 2019-02-21 13:13:43,124: 	 Executing : 
 command : openssl x509 -in ~/.globus/usercert.pem -subject -noout
 output : subject= /DC=ch/DC=cern/OU=Organic Units/OU=Users/CN=bjoshi/CN=796100/CN=Bhargav Madhusudan Joshi

 error: 
 retcode : 0
DEBUG 2019-02-21 13:13:43,124: 	 Getting myproxy life time left for myproxy.cern.ch
DEBUG 2019-02-21 13:13:43,125: 	 Calculating hash of /DC=ch/DC=cern/OU=Organic Units/OU=Users/CN=bjoshi/CN=796100/CN=Bhargav Madhusudan Joshi_cmsweb.cern.ch for credential name
DEBUG 2019-02-21 13:13:43,939: 	 Executing : 
 command : myproxy-info -l e9ed08ae3e67a03e4db9d489b1351b281e6abeef -s myproxy.cern.ch
 output : username: e9ed08ae3e67a03e4db9d489b1351b281e6abeef
owner: /DC=ch/DC=cern/OU=Organic Units/OU=Users/CN=bjoshi/CN=796100/CN=Bhargav Madhusudan Joshi
  renewal policy: /DC=ch/DC=cern/OU=computers/CN=vocms(052|058|030|0118|0105|0109).cern.ch|/DC=ch/DC=cern/OU=computers/CN=crab-(preprod|prod)-tw(02|01).cern.ch
  trusted retrieval policy: /DC=ch/DC=cern/OU=computers/CN=vocms(052|058|030|0118|0105|0109).cern.ch|/DC=ch/DC=cern/OU=computers/CN=crab-(preprod|prod)-tw(02|01).cern.ch
  timeleft: 557:08:13  (23.2 days)

 error: 
 retcode : 0
DEBUG 2019-02-21 13:13:43,940: 	 Myproxy is valid: 2005693
DEBUG 2019-02-21 13:13:43,941: 	 Command use: submit
DEBUG 2019-02-21 13:13:43,941: 	 Options use: ['-c', 'crab_mc.py']
DEBUG 2019-02-21 13:13:44,073: 	 CRABClient version: 3.3.1902.patch1
DEBUG 2019-02-21 13:13:44,073: 	 Instance is prod
DEBUG 2019-02-21 13:13:44,073: 	 Server base url is cmsweb.cern.ch
DEBUG 2019-02-21 13:13:44,073: 	 Command url /crabserver/prod/workflow
DEBUG 2019-02-21 13:13:44,073: 	 Started submission
DEBUG 2019-02-21 13:13:44,073: 	 Working on /afs/cern.ch/work/b/bjoshi/private/Analysis/Tools/workdir/CMSSW_9_4_4/src/SkimProduction/CRAB/crab_projects/crab_minBias_pythia8_MC_generation_1MEvents_002
DEBUG 2019-02-21 13:13:44,310: 	 Loading required information from the environment
DEBUG 2019-02-21 13:13:44,310: 	 Found CMSSW_9_4_4 for slc6_amd64_gcc630 with base /afs/cern.ch/work/b/bjoshi/private/Analysis/Tools/workdir/CMSSW_9_4_4
DEBUG 2019-02-21 13:13:44,363: 	 UNIQUE NAME: tarUUID 8a0ac9a3-4782-45f5-b7fe-6eac0477983c 
DEBUG 2019-02-21 13:13:44,364: 	 self.config: from WMCore.Configuration import Configuration
config = Configuration()
config.section_('General')
config.General.transferLogs = False
config.General.transferOutputs = True
config.General.workArea = 'crab_projects'
config.General.requestName = 'minBias_pythia8_MC_generation_1MEvents_002'
config.section_('JobType')
config.JobType.psetName = 'MinBias_13TeV_config_test.py'
config.JobType.pluginName = 'PrivateMC'
config.section_('Data')
config.Data.outputDatasetTag = 'MinBias_Pythia8_1MEvents_002'
config.Data.publication = True
config.Data.unitsPerJob = 1000
config.Data.splitting = 'EventBased'
config.Data.outLFNDirBase = '/store/user/bjoshi/'
config.Data.outputPrimaryDataset = 'MinBias_Pythia8_1MEvents_002'
config.Data.totalUnits = 10000000000
config.section_('Site')
config.Site.storageSite = 'T2_US_Florida'
config.section_('User')
config.section_('Debug')

DEBUG 2019-02-21 13:13:44,364: 	 self.config.JobType.psetName: MinBias_13TeV_config_test.py
INFO 2019-02-21 13:13:44,364: 	 Importing CMSSW configuration MinBias_13TeV_config_test.py
INFO 2019-02-21 13:13:46,945: 	 Finished importing CMSSW configuration MinBias_13TeV_config_test.py
DEBUG 2019-02-21 13:13:46,945: 	 Writing CMSSW configuration to /afs/cern.ch/work/b/bjoshi/private/Analysis/Tools/workdir/CMSSW_9_4_4/src/SkimProduction/CRAB/crab_projects/crab_minBias_pythia8_MC_generation_1MEvents_002/inputs/PSet.py
DEBUG 2019-02-21 13:13:47,410: 	 The following EDM output files will be collected: ['minbias.root']
DEBUG 2019-02-21 13:13:47,411: 	 The following TFile output files will be collected: []
DEBUG 2019-02-21 13:13:47,411: 	 The following user output files will be collected: []
DEBUG 2019-02-21 13:13:47,411: 	 Loading required information from the environment
DEBUG 2019-02-21 13:13:47,411: 	 Found CMSSW_9_4_4 for slc6_amd64_gcc630 with base /afs/cern.ch/work/b/bjoshi/private/Analysis/Tools/workdir/CMSSW_9_4_4
DEBUG 2019-02-21 13:13:47,411: 	 Making tarball in /afs/cern.ch/work/b/bjoshi/private/Analysis/Tools/workdir/CMSSW_9_4_4/src/SkimProduction/CRAB/crab_projects/crab_minBias_pythia8_MC_generation_1MEvents_002/inputs/8a0ac9a3-4782-45f5-b7fe-6eac0477983cdefault.tgz
DEBUG 2019-02-21 13:13:47,480: 	 Checking directory /afs/cern.ch/work/b/bjoshi/private/Analysis/Tools/workdir/CMSSW_9_4_4/lib
DEBUG 2019-02-21 13:13:47,480: 	 Adding directory /afs/cern.ch/work/b/bjoshi/private/Analysis/Tools/workdir/CMSSW_9_4_4/lib to tarball
DEBUG 2019-02-21 13:13:47,893: 	 Checking directory /afs/cern.ch/work/b/bjoshi/private/Analysis/Tools/workdir/CMSSW_9_4_4/biglib
DEBUG 2019-02-21 13:13:47,894: 	 Adding directory /afs/cern.ch/work/b/bjoshi/private/Analysis/Tools/workdir/CMSSW_9_4_4/biglib to tarball
DEBUG 2019-02-21 13:13:47,895: 	 Checking directory /afs/cern.ch/work/b/bjoshi/private/Analysis/Tools/workdir/CMSSW_9_4_4/module
DEBUG 2019-02-21 13:13:48,535: 	 Adding data directory /afs/cern.ch/work/b/bjoshi/private/Analysis/Tools/workdir/CMSSW_9_4_4/src/DsTau23Mu/T3MNtuple/interface to tarball
DEBUG 2019-02-21 13:14:15,449: 	 Uploading archive /afs/cern.ch/work/b/bjoshi/private/Analysis/Tools/workdir/CMSSW_9_4_4/src/SkimProduction/CRAB/crab_projects/crab_minBias_pythia8_MC_generation_1MEvents_002/inputs/8a0ac9a3-4782-45f5-b7fe-6eac0477983cdefault.tgz (0.814453.1 MB) to the CRAB cache. Using URI https://cmsweb.cern.ch/crabcache
DEBUG 2019-02-21 13:14:15,852: 	 Loading required information from the environment
DEBUG 2019-02-21 13:14:15,853: 	 Found CMSSW_9_4_4 for slc6_amd64_gcc630 with base /afs/cern.ch/work/b/bjoshi/private/Analysis/Tools/workdir/CMSSW_9_4_4
DEBUG 2019-02-21 13:14:15,853: 	 Making tarball in /afs/cern.ch/work/b/bjoshi/private/Analysis/Tools/workdir/CMSSW_9_4_4/src/SkimProduction/CRAB/crab_projects/crab_minBias_pythia8_MC_generation_1MEvents_002/inputs/debugFiles.tgz
DEBUG 2019-02-21 13:14:15,861: 	 Uploading archive /afs/cern.ch/work/b/bjoshi/private/Analysis/Tools/workdir/CMSSW_9_4_4/src/SkimProduction/CRAB/crab_projects/crab_minBias_pythia8_MC_generation_1MEvents_002/inputs/debugFiles.tgz (1 KB) to the CRAB cache. Using URI https://cmsweb.cern.ch/crabcache
DEBUG 2019-02-21 13:14:15,961: 	 Result uploading input files: 9b119b31662c1a6dc19a14f74297b79de7a4031b61d47c96769568def61e94e2.tar.gz 
INFO 2019-02-21 13:14:15,962: 	 Sending the request to the server
DEBUG 2019-02-21 13:14:15,962: 	 Submitting {'maxjobruntime': 1250, 'extrajdl': [], 'ignorelocality': 0, 'savelogsflag': 0, 'useparent': 0, 'asyncdest': 'T2_US_Florida', 'algoargs': 1000, 'cachefilename': '9b119b31662c1a6dc19a14f74297b79de7a4031b61d47c96769568def61e94e2.tar.gz', 'numcores': 1, 'addoutputfiles': [], 'generator': 'pythia', 'maxmemory': 2000, 'publishdbsurl': 'https://cmsweb.cern.ch/dbs/prod/phys03/DBSWriter', 'priority': 10, 'jobsw': 'CMSSW_9_4_4', 'edmoutfiles': ['minbias.root'], 'userfiles': [], 'primarydataset': 'MinBias_Pythia8_1MEvents_002', 'inputdata': '', 'lfn': '/store/user/bjoshi/', 'dryrun': 0, 'workflow': 'crab_minBias_pythia8_MC_generation_1MEvents_002', 'cacheurl': u'https://cmsweb.cern.ch/crabcache', 'nonprodsw': 0, 'tfileoutfiles': [], 'oneEventMode': 0, 'debugfilename': 'b589e285d9831e5d7b689a12cbd2900d53ab74a3a63a8dd5216720a22216ea12.tar.gz', 'saveoutput': 1, 'publication': 1, 'jobarch': 'slc6_amd64_gcc630', 'totalunits': 10000000000, 'splitalgo': 'EventBased', 'ignoreglobalblacklist': 0, 'nonvaliddata': 0, 'dbsurl': 'https://cmsweb.cern.ch/dbs/prod/global/DBSReader', 'publishgroupname': 0, 'jobtype': 'PrivateMC', 'publishname2': 'MinBias_Pythia8_1MEvents_002'} 
DEBUG 2019-02-21 13:14:15,962: 	 Encoded submit request: maxjobruntime=1250&ignorelocality=0&savelogsflag=0&useparent=0&asyncdest=T2_US_Florida&algoargs=1000&cachefilename=9b119b31662c1a6dc19a14f74297b79de7a4031b61d47c96769568def61e94e2.tar.gz&numcores=1&generator=pythia&maxmemory=2000&publishdbsurl=https%3A%2F%2Fcmsweb.cern.ch%2Fdbs%2Fprod%2Fphys03%2FDBSWriter&priority=10&jobsw=CMSSW_9_4_4&primarydataset=MinBias_Pythia8_1MEvents_002&inputdata=&lfn=%2Fstore%2Fuser%2Fbjoshi%2F&dryrun=0&workflow=crab_minBias_pythia8_MC_generation_1MEvents_002&cacheurl=https%3A%2F%2Fcmsweb.cern.ch%2Fcrabcache&nonprodsw=0&oneEventMode=0&debugfilename=b589e285d9831e5d7b689a12cbd2900d53ab74a3a63a8dd5216720a22216ea12.tar.gz&saveoutput=1&publication=1&jobarch=slc6_amd64_gcc630&totalunits=10000000000&splitalgo=EventBased&ignoreglobalblacklist=0&nonvaliddata=0&dbsurl=https%3A%2F%2Fcmsweb.cern.ch%2Fdbs%2Fprod%2Fglobal%2FDBSReader&publishgroupname=0&jobtype=PrivateMC&publishname2=MinBias_Pythia8_1MEvents_002&edmoutfiles=minbias.root
DEBUG 2019-02-21 13:14:16,273: 	 Result: {u'result': [{u'RequestName': u'190221_121416:bjoshi_crab_minBias_pythia8_MC_generation_1MEvents_002'}]}
INFO 2019-02-21 13:14:16,277: 	 Success: Your task has been delivered to the CRAB3 server.
INFO 2019-02-21 13:14:16,277: 	 Task name: 190221_121416:bjoshi_crab_minBias_pythia8_MC_generation_1MEvents_002
INFO 2019-02-21 13:14:16,278: 	 Please use 'crab status' to check how the submission process proceeds.
DEBUG 2019-02-21 13:14:16,279: 	 About to return
INFO 2019-02-21 13:14:16,282: 	 Log file is /afs/cern.ch/work/b/bjoshi/private/Analysis/Tools/workdir/CMSSW_9_4_4/src/SkimProduction/CRAB/crab_projects/crab_minBias_pythia8_MC_generation_1MEvents_002/crab.log
DEBUG 2019-02-21 13:28:15,386: 	 Executing command: 'status'
DEBUG 2019-02-21 13:28:15,386: 	 Found CRAB cache file /afs/cern.ch/user/b/bjoshi/.crab3
DEBUG 2019-02-21 13:28:15,404: 	 Checking credentials
DEBUG 2019-02-21 13:28:15,405: 	 Found proxy file /tmp/x509up_u92327
DEBUG 2019-02-21 13:28:15,405: 	 Getting proxy life time left
DEBUG 2019-02-21 13:28:16,624: 	 Executing : 
 command : voms-proxy-info -file /tmp/x509up_u92327 -timeleft
 output : 33969

 error: 
 retcode : 0
DEBUG 2019-02-21 13:28:17,632: 	 Executing : 
 command : voms-proxy-info -file /tmp/x509up_u92327 -actimeleft
 output : 33968

 error: 
 retcode : 0
DEBUG 2019-02-21 13:28:17,633: 	 Proxy lifetime 33969 secs is different from voms extension lifetime 33968 secs for proxy: /tmp/x509up_u92327
DEBUG 2019-02-21 13:28:17,633: 	 Proxy valid for 09:26:08 hours
DEBUG 2019-02-21 13:28:17,782: 	 Executing : 
 command : openssl x509 -in ~/.globus/usercert.pem -subject -noout
 output : subject= /DC=ch/DC=cern/OU=Organic Units/OU=Users/CN=bjoshi/CN=796100/CN=Bhargav Madhusudan Joshi

 error: 
 retcode : 0
DEBUG 2019-02-21 13:28:17,782: 	 Checking credentials
DEBUG 2019-02-21 13:28:17,784: 	 Found proxy file /tmp/x509up_u92327
DEBUG 2019-02-21 13:28:17,784: 	 Getting proxy life time left
DEBUG 2019-02-21 13:28:19,008: 	 Executing : 
 command : voms-proxy-info -file /tmp/x509up_u92327 -timeleft
 output : 33967

 error: 
 retcode : 0
DEBUG 2019-02-21 13:28:20,332: 	 Executing : 
 command : voms-proxy-info -file /tmp/x509up_u92327 -actimeleft
 output : 33965

 error: 
 retcode : 0
DEBUG 2019-02-21 13:28:20,332: 	 Proxy lifetime 33967 secs is different from voms extension lifetime 33965 secs for proxy: /tmp/x509up_u92327
DEBUG 2019-02-21 13:28:20,332: 	 Proxy valid for 09:26:05 hours
DEBUG 2019-02-21 13:28:20,460: 	 Registering user credentials for server /DC=ch/DC=cern/OU=computers/CN=vocms(052|058|030|0118|0105|0109).cern.ch|/DC=ch/DC=cern/OU=computers/CN=crab-(preprod|prod)-tw(02|01).cern.ch
DEBUG 2019-02-21 13:28:20,580: 	 Executing : 
 command : openssl x509 -in ~/.globus/usercert.pem -subject -noout
 output : subject= /DC=ch/DC=cern/OU=Organic Units/OU=Users/CN=bjoshi/CN=796100/CN=Bhargav Madhusudan Joshi

 error: 
 retcode : 0
DEBUG 2019-02-21 13:28:20,581: 	 Getting myproxy life time left for myproxy.cern.ch
DEBUG 2019-02-21 13:28:20,581: 	 Calculating hash of /DC=ch/DC=cern/OU=Organic Units/OU=Users/CN=bjoshi/CN=796100/CN=Bhargav Madhusudan Joshi_cmsweb.cern.ch for credential name
DEBUG 2019-02-21 13:28:20,989: 	 Executing : 
 command : myproxy-info -l e9ed08ae3e67a03e4db9d489b1351b281e6abeef -s myproxy.cern.ch
 output : username: e9ed08ae3e67a03e4db9d489b1351b281e6abeef
owner: /DC=ch/DC=cern/OU=Organic Units/OU=Users/CN=bjoshi/CN=796100/CN=Bhargav Madhusudan Joshi
  renewal policy: /DC=ch/DC=cern/OU=computers/CN=vocms(052|058|030|0118|0105|0109).cern.ch|/DC=ch/DC=cern/OU=computers/CN=crab-(preprod|prod)-tw(02|01).cern.ch
  trusted retrieval policy: /DC=ch/DC=cern/OU=computers/CN=vocms(052|058|030|0118|0105|0109).cern.ch|/DC=ch/DC=cern/OU=computers/CN=crab-(preprod|prod)-tw(02|01).cern.ch
  timeleft: 556:53:36  (23.2 days)

 error: 
 retcode : 0
DEBUG 2019-02-21 13:28:20,991: 	 Myproxy is valid: 2004816
DEBUG 2019-02-21 13:28:20,992: 	 Command use: status
DEBUG 2019-02-21 13:28:20,992: 	 Options use: ['-d', 'crab_projects/crab_minBias_pythia8_MC_generation_1MEvents_002/']
DEBUG 2019-02-21 13:28:21,108: 	 CRABClient version: 3.3.1902.patch1
DEBUG 2019-02-21 13:28:21,108: 	 Instance is prod
DEBUG 2019-02-21 13:28:21,108: 	 Server base url is cmsweb.cern.ch
DEBUG 2019-02-21 13:28:21,108: 	 Command url /crabserver/prod/workflow
DEBUG 2019-02-21 13:28:21,297: 	 Got information from server oracle database: {u'result': [u'190221_121416:bjoshi_crab_minBias_pythia8_MC_generation_1MEvents_002', u'None', u'None', u'QUEUED', u'SUBMIT', u'2019-02-21 12:14:16.249965', u'None', u'None', u'None', u'CMSSW_9_4_4', u'slc6_amd64_gcc630', u'None', u'F', u'0', u'[]', u'[]', u'EventBased', u"{'splitOnRun': False, 'events_per_job': 1000, 'halt_job_on_file_boundaries': False, 'runs': [], 'lumis': []}", u'9b119b31662c1a6dc19a14f74297b79de7a4031b61d47c96769568def61e94e2.tar.gz', u'https://cmsweb.cern.ch/crabcache', u'bjoshi', u'/DC=ch/DC=cern/OU=Organic Units/OU=Users/CN=bjoshi/CN=796100/CN=Bhargav Madhusudan Joshi', u'cms', u'None', u'None', u'MinBias_Pythia8_1MEvents_002-00000000000000000000000000000000', u'F', u'T2_US_Florida', u'https://cmsweb.cern.ch/dbs/prod/global/DBSReader', u'https://cmsweb.cern.ch/dbs/prod/phys03/DBSWriter', u'T', u'[]', u'[]', u"['minbias.root']", u'PrivateMC', u'pythia', u'None', u'{}', u'[]', u'F', u'crab-prod-tw01', u'[]', u'1250', u'1', u'2000', u'10', u'None', u'[]', u'None', u'None', u'[]', u'[]', u'https://cmsweb.cern.ch/crabserver/prod', u'cmsgwms-collector-global.cern.ch:9620,cmssrv221.fnal.gov:9620', u'None', u'F', u'[]', u'T', u'/store/user/bjoshi/', u'F', u'None', u'F', u'None', u'MinBias_Pythia8_1MEvents_002', u'None', u'b589e285d9831e5d7b689a12cbd2900d53ab74a3a63a8dd5216720a22216ea12.tar.gz', u'None', u'filetransfers', u'F', u'188.184.108.99', u'10000000000.0', u'None'], u'desc': {u'columns': [u'tm_taskname', u'tm_activity', u'panda_jobset_id', u'tm_task_status', u'tm_task_command', u'tm_start_time', u'tm_start_injection', u'tm_end_injection', u'tm_task_failure', u'tm_job_sw', u'tm_job_arch', u'tm_input_dataset', u'tm_nonvalid_input_dataset', u'tm_use_parent', u'tm_site_whitelist', u'tm_site_blacklist', u'tm_split_algo', u'tm_split_args', u'tm_user_sandbox', u'tm_cache_url', u'tm_username', u'tm_user_dn', u'tm_user_vo', u'tm_user_role', u'tm_user_group', u'tm_publish_name', u'tm_publish_groupname', u'tm_asyncdest', u'tm_dbs_url', u'tm_publish_dbs_url', u'tm_publication', u'tm_outfiles', u'tm_tfile_outfiles', u'tm_edm_outfiles', u'tm_job_type', u'tm_generator', u'tm_events_per_lumi', u'tm_arguments', u'panda_resubmitted_jobs', u'tm_save_logs', u'tw_name', u'tm_user_infiles', u'tm_maxjobruntime', u'tm_numcores', u'tm_maxmemory', u'tm_priority', u'tm_output_dataset', u'tm_task_warnings', u'tm_user_webdir', u'tm_scriptexe', u'tm_scriptargs', u'tm_extrajdl', u'tm_asourl', u'tm_collector', u'tm_schedd', u'tm_dry_run', u'tm_user_files', u'tm_transfer_outputs', u'tm_output_lfn', u'tm_ignore_locality', u'tm_fail_limit', u'tm_one_event_mode', u'tm_secondary_input_dataset', u'tm_primary_dataset', u'tm_last_publication', u'tm_debug_files', u'clusterid', u'tm_asodb', u'tm_ignore_global_blacklist', u'tm_submitter_ip_addr', u'tm_totalunits', u'tm_ddm_reqid']}}
INFO 2019-02-21 13:28:21,298: 	 CRAB project directory:		/afs/cern.ch/work/b/bjoshi/private/Analysis/Tools/workdir/CMSSW_9_4_4/src/SkimProduction/CRAB/crab_projects/crab_minBias_pythia8_MC_generation_1MEvents_002
INFO 2019-02-21 13:28:21,298: 	 Task name:			190221_121416:bjoshi_crab_minBias_pythia8_MC_generation_1MEvents_002
INFO 2019-02-21 13:28:21,298: 	 Grid scheduler - Task Worker:	N/A yet - crab-prod-tw01
INFO 2019-02-21 13:28:21,298: 	 Status on the CRAB server:	QUEUED on command SUBMIT
INFO 2019-02-21 13:28:21,299: 	 Task URL to use for HELP:	https://cmsweb.cern.ch/crabserver/ui/task/190221_121416%3Abjoshi_crab_minBias_pythia8_MC_generation_1MEvents_002
INFO 2019-02-21 13:28:21,299: 	 Dashboard monitoring URL:	http://dashb-cms-job.cern.ch/dashboard/templates/task-analysis/#user=bjoshi&refresh=0&table=Jobs&p=1&records=25&activemenu=2&status=&site=&tid=190221_121416%3Abjoshi_crab_minBias_pythia8_MC_generation_1MEvents_002
DEBUG 2019-02-21 13:28:21,299: 	 The task has not been submitted to the Grid scheduler yet. Not printing job information.
INFO 2019-02-21 13:28:21,344: 	 Log file is /afs/cern.ch/work/b/bjoshi/private/Analysis/Tools/workdir/CMSSW_9_4_4/src/SkimProduction/CRAB/crab_projects/crab_minBias_pythia8_MC_generation_1MEvents_002/crab.log
DEBUG 2019-02-21 13:43:22,635: 	 Executing command: 'status'
DEBUG 2019-02-21 13:43:22,635: 	 Found CRAB cache file /afs/cern.ch/user/b/bjoshi/.crab3
DEBUG 2019-02-21 13:43:22,649: 	 Checking credentials
DEBUG 2019-02-21 13:43:22,653: 	 Found proxy file /tmp/x509up_u92327
DEBUG 2019-02-21 13:43:22,653: 	 Getting proxy life time left
DEBUG 2019-02-21 13:43:23,864: 	 Executing : 
 command : voms-proxy-info -file /tmp/x509up_u92327 -timeleft
 output : 33062

 error: 
 retcode : 0
DEBUG 2019-02-21 13:43:24,876: 	 Executing : 
 command : voms-proxy-info -file /tmp/x509up_u92327 -actimeleft
 output : 33061

 error: 
 retcode : 0
DEBUG 2019-02-21 13:43:24,877: 	 Proxy lifetime 33062 secs is different from voms extension lifetime 33061 secs for proxy: /tmp/x509up_u92327
DEBUG 2019-02-21 13:43:24,877: 	 Proxy valid for 09:11:01 hours
DEBUG 2019-02-21 13:43:25,035: 	 Executing : 
 command : openssl x509 -in ~/.globus/usercert.pem -subject -noout
 output : subject= /DC=ch/DC=cern/OU=Organic Units/OU=Users/CN=bjoshi/CN=796100/CN=Bhargav Madhusudan Joshi

 error: 
 retcode : 0
DEBUG 2019-02-21 13:43:25,035: 	 Checking credentials
DEBUG 2019-02-21 13:43:25,036: 	 Found proxy file /tmp/x509up_u92327
DEBUG 2019-02-21 13:43:25,036: 	 Getting proxy life time left
DEBUG 2019-02-21 13:43:26,150: 	 Executing : 
 command : voms-proxy-info -file /tmp/x509up_u92327 -timeleft
 output : 33059

 error: 
 retcode : 0
DEBUG 2019-02-21 13:43:27,262: 	 Executing : 
 command : voms-proxy-info -file /tmp/x509up_u92327 -actimeleft
 output : 33058

 error: 
 retcode : 0
DEBUG 2019-02-21 13:43:27,263: 	 Proxy lifetime 33059 secs is different from voms extension lifetime 33058 secs for proxy: /tmp/x509up_u92327
DEBUG 2019-02-21 13:43:27,263: 	 Proxy valid for 09:10:58 hours
DEBUG 2019-02-21 13:43:27,410: 	 Registering user credentials for server /DC=ch/DC=cern/OU=computers/CN=vocms(052|058|030|0118|0105|0109).cern.ch|/DC=ch/DC=cern/OU=computers/CN=crab-(preprod|prod)-tw(02|01).cern.ch
DEBUG 2019-02-21 13:43:27,528: 	 Executing : 
 command : openssl x509 -in ~/.globus/usercert.pem -subject -noout
 output : subject= /DC=ch/DC=cern/OU=Organic Units/OU=Users/CN=bjoshi/CN=796100/CN=Bhargav Madhusudan Joshi

 error: 
 retcode : 0
DEBUG 2019-02-21 13:43:27,529: 	 Getting myproxy life time left for myproxy.cern.ch
DEBUG 2019-02-21 13:43:27,529: 	 Calculating hash of /DC=ch/DC=cern/OU=Organic Units/OU=Users/CN=bjoshi/CN=796100/CN=Bhargav Madhusudan Joshi_cmsweb.cern.ch for credential name
DEBUG 2019-02-21 13:43:28,339: 	 Executing : 
 command : myproxy-info -l e9ed08ae3e67a03e4db9d489b1351b281e6abeef -s myproxy.cern.ch
 output : username: e9ed08ae3e67a03e4db9d489b1351b281e6abeef
owner: /DC=ch/DC=cern/OU=Organic Units/OU=Users/CN=bjoshi/CN=796100/CN=Bhargav Madhusudan Joshi
  renewal policy: /DC=ch/DC=cern/OU=computers/CN=vocms(052|058|030|0118|0105|0109).cern.ch|/DC=ch/DC=cern/OU=computers/CN=crab-(preprod|prod)-tw(02|01).cern.ch
  trusted retrieval policy: /DC=ch/DC=cern/OU=computers/CN=vocms(052|058|030|0118|0105|0109).cern.ch|/DC=ch/DC=cern/OU=computers/CN=crab-(preprod|prod)-tw(02|01).cern.ch
  timeleft: 556:38:28  (23.2 days)

 error: 
 retcode : 0
DEBUG 2019-02-21 13:43:28,341: 	 Myproxy is valid: 2003908
DEBUG 2019-02-21 13:43:28,343: 	 Command use: status
DEBUG 2019-02-21 13:43:28,343: 	 Options use: ['-d', 'crab_projects/crab_minBias_pythia8_MC_generation_1MEvents_002/', '--long']
DEBUG 2019-02-21 13:43:28,459: 	 CRABClient version: 3.3.1902.patch1
DEBUG 2019-02-21 13:43:28,459: 	 Instance is prod
DEBUG 2019-02-21 13:43:28,459: 	 Server base url is cmsweb.cern.ch
DEBUG 2019-02-21 13:43:28,459: 	 Command url /crabserver/prod/workflow
DEBUG 2019-02-21 13:43:28,605: 	 Got information from server oracle database: {u'result': [u'190221_121416:bjoshi_crab_minBias_pythia8_MC_generation_1MEvents_002', u'None', u'None', u'QUEUED', u'SUBMIT', u'2019-02-21 12:14:16.249965', u'None', u'None', u'None', u'CMSSW_9_4_4', u'slc6_amd64_gcc630', u'None', u'F', u'0', u'[]', u'[]', u'EventBased', u"{'splitOnRun': False, 'events_per_job': 1000, 'halt_job_on_file_boundaries': False, 'runs': [], 'lumis': []}", u'9b119b31662c1a6dc19a14f74297b79de7a4031b61d47c96769568def61e94e2.tar.gz', u'https://cmsweb.cern.ch/crabcache', u'bjoshi', u'/DC=ch/DC=cern/OU=Organic Units/OU=Users/CN=bjoshi/CN=796100/CN=Bhargav Madhusudan Joshi', u'cms', u'None', u'None', u'MinBias_Pythia8_1MEvents_002-00000000000000000000000000000000', u'F', u'T2_US_Florida', u'https://cmsweb.cern.ch/dbs/prod/global/DBSReader', u'https://cmsweb.cern.ch/dbs/prod/phys03/DBSWriter', u'T', u'[]', u'[]', u"['minbias.root']", u'PrivateMC', u'pythia', u'None', u'{}', u'[]', u'F', u'crab-prod-tw01', u'[]', u'1250', u'1', u'2000', u'10', u'None', u'[]', u'None', u'None', u'[]', u'[]', u'https://cmsweb.cern.ch/crabserver/prod', u'cmsgwms-collector-global.cern.ch:9620,cmssrv221.fnal.gov:9620', u'None', u'F', u'[]', u'T', u'/store/user/bjoshi/', u'F', u'None', u'F', u'None', u'MinBias_Pythia8_1MEvents_002', u'None', u'b589e285d9831e5d7b689a12cbd2900d53ab74a3a63a8dd5216720a22216ea12.tar.gz', u'None', u'filetransfers', u'F', u'188.184.108.99', u'10000000000.0', u'None'], u'desc': {u'columns': [u'tm_taskname', u'tm_activity', u'panda_jobset_id', u'tm_task_status', u'tm_task_command', u'tm_start_time', u'tm_start_injection', u'tm_end_injection', u'tm_task_failure', u'tm_job_sw', u'tm_job_arch', u'tm_input_dataset', u'tm_nonvalid_input_dataset', u'tm_use_parent', u'tm_site_whitelist', u'tm_site_blacklist', u'tm_split_algo', u'tm_split_args', u'tm_user_sandbox', u'tm_cache_url', u'tm_username', u'tm_user_dn', u'tm_user_vo', u'tm_user_role', u'tm_user_group', u'tm_publish_name', u'tm_publish_groupname', u'tm_asyncdest', u'tm_dbs_url', u'tm_publish_dbs_url', u'tm_publication', u'tm_outfiles', u'tm_tfile_outfiles', u'tm_edm_outfiles', u'tm_job_type', u'tm_generator', u'tm_events_per_lumi', u'tm_arguments', u'panda_resubmitted_jobs', u'tm_save_logs', u'tw_name', u'tm_user_infiles', u'tm_maxjobruntime', u'tm_numcores', u'tm_maxmemory', u'tm_priority', u'tm_output_dataset', u'tm_task_warnings', u'tm_user_webdir', u'tm_scriptexe', u'tm_scriptargs', u'tm_extrajdl', u'tm_asourl', u'tm_collector', u'tm_schedd', u'tm_dry_run', u'tm_user_files', u'tm_transfer_outputs', u'tm_output_lfn', u'tm_ignore_locality', u'tm_fail_limit', u'tm_one_event_mode', u'tm_secondary_input_dataset', u'tm_primary_dataset', u'tm_last_publication', u'tm_debug_files', u'clusterid', u'tm_asodb', u'tm_ignore_global_blacklist', u'tm_submitter_ip_addr', u'tm_totalunits', u'tm_ddm_reqid']}}
INFO 2019-02-21 13:43:28,605: 	 CRAB project directory:		/afs/cern.ch/work/b/bjoshi/private/Analysis/Tools/workdir/CMSSW_9_4_4/src/SkimProduction/CRAB/crab_projects/crab_minBias_pythia8_MC_generation_1MEvents_002
INFO 2019-02-21 13:43:28,606: 	 Task name:			190221_121416:bjoshi_crab_minBias_pythia8_MC_generation_1MEvents_002
INFO 2019-02-21 13:43:28,606: 	 Grid scheduler - Task Worker:	N/A yet - crab-prod-tw01
INFO 2019-02-21 13:43:28,606: 	 Status on the CRAB server:	QUEUED on command SUBMIT
INFO 2019-02-21 13:43:28,606: 	 Task URL to use for HELP:	https://cmsweb.cern.ch/crabserver/ui/task/190221_121416%3Abjoshi_crab_minBias_pythia8_MC_generation_1MEvents_002
INFO 2019-02-21 13:43:28,606: 	 Dashboard monitoring URL:	http://dashb-cms-job.cern.ch/dashboard/templates/task-analysis/#user=bjoshi&refresh=0&table=Jobs&p=1&records=25&activemenu=2&status=&site=&tid=190221_121416%3Abjoshi_crab_minBias_pythia8_MC_generation_1MEvents_002
DEBUG 2019-02-21 13:43:28,606: 	 The task has not been submitted to the Grid scheduler yet. Not printing job information.
INFO 2019-02-21 13:43:28,650: 	 Log file is /afs/cern.ch/work/b/bjoshi/private/Analysis/Tools/workdir/CMSSW_9_4_4/src/SkimProduction/CRAB/crab_projects/crab_minBias_pythia8_MC_generation_1MEvents_002/crab.log
DEBUG 2019-02-21 13:48:34,380: 	 Executing command: 'kill'
DEBUG 2019-02-21 13:48:34,381: 	 Found CRAB cache file /afs/cern.ch/user/b/bjoshi/.crab3
DEBUG 2019-02-21 13:48:34,399: 	 Checking credentials
DEBUG 2019-02-21 13:48:34,400: 	 Found proxy file /tmp/x509up_u92327
DEBUG 2019-02-21 13:48:34,400: 	 Getting proxy life time left
DEBUG 2019-02-21 13:48:35,521: 	 Executing : 
 command : voms-proxy-info -file /tmp/x509up_u92327 -timeleft
 output : 32750

 error: 
 retcode : 0
DEBUG 2019-02-21 13:48:36,635: 	 Executing : 
 command : voms-proxy-info -file /tmp/x509up_u92327 -actimeleft
 output : 32749

 error: 
 retcode : 0
DEBUG 2019-02-21 13:48:36,636: 	 Proxy lifetime 32750 secs is different from voms extension lifetime 32749 secs for proxy: /tmp/x509up_u92327
DEBUG 2019-02-21 13:48:36,637: 	 Proxy valid for 09:05:49 hours
DEBUG 2019-02-21 13:48:36,795: 	 Executing : 
 command : openssl x509 -in ~/.globus/usercert.pem -subject -noout
 output : subject= /DC=ch/DC=cern/OU=Organic Units/OU=Users/CN=bjoshi/CN=796100/CN=Bhargav Madhusudan Joshi

 error: 
 retcode : 0
DEBUG 2019-02-21 13:48:36,796: 	 Checking credentials
DEBUG 2019-02-21 13:48:36,797: 	 Found proxy file /tmp/x509up_u92327
DEBUG 2019-02-21 13:48:36,798: 	 Getting proxy life time left
DEBUG 2019-02-21 13:48:37,912: 	 Executing : 
 command : voms-proxy-info -file /tmp/x509up_u92327 -timeleft
 output : 32748

 error: 
 retcode : 0
DEBUG 2019-02-21 13:48:39,026: 	 Executing : 
 command : voms-proxy-info -file /tmp/x509up_u92327 -actimeleft
 output : 32747

 error: 
 retcode : 0
DEBUG 2019-02-21 13:48:39,026: 	 Proxy lifetime 32748 secs is different from voms extension lifetime 32747 secs for proxy: /tmp/x509up_u92327
DEBUG 2019-02-21 13:48:39,026: 	 Proxy valid for 09:05:47 hours
DEBUG 2019-02-21 13:48:39,196: 	 Registering user credentials for server /DC=ch/DC=cern/OU=computers/CN=vocms(052|058|030|0118|0105|0109).cern.ch|/DC=ch/DC=cern/OU=computers/CN=crab-(preprod|prod)-tw(02|01).cern.ch
DEBUG 2019-02-21 13:48:39,315: 	 Executing : 
 command : openssl x509 -in ~/.globus/usercert.pem -subject -noout
 output : subject= /DC=ch/DC=cern/OU=Organic Units/OU=Users/CN=bjoshi/CN=796100/CN=Bhargav Madhusudan Joshi

 error: 
 retcode : 0
DEBUG 2019-02-21 13:48:39,316: 	 Getting myproxy life time left for myproxy.cern.ch
DEBUG 2019-02-21 13:48:39,316: 	 Calculating hash of /DC=ch/DC=cern/OU=Organic Units/OU=Users/CN=bjoshi/CN=796100/CN=Bhargav Madhusudan Joshi_cmsweb.cern.ch for credential name
DEBUG 2019-02-21 13:48:39,722: 	 Executing : 
 command : myproxy-info -l e9ed08ae3e67a03e4db9d489b1351b281e6abeef -s myproxy.cern.ch
 output : username: e9ed08ae3e67a03e4db9d489b1351b281e6abeef
owner: /DC=ch/DC=cern/OU=Organic Units/OU=Users/CN=bjoshi/CN=796100/CN=Bhargav Madhusudan Joshi
  renewal policy: /DC=ch/DC=cern/OU=computers/CN=vocms(052|058|030|0118|0105|0109).cern.ch|/DC=ch/DC=cern/OU=computers/CN=crab-(preprod|prod)-tw(02|01).cern.ch
  trusted retrieval policy: /DC=ch/DC=cern/OU=computers/CN=vocms(052|058|030|0118|0105|0109).cern.ch|/DC=ch/DC=cern/OU=computers/CN=crab-(preprod|prod)-tw(02|01).cern.ch
  timeleft: 556:33:17  (23.2 days)

 error: 
 retcode : 0
DEBUG 2019-02-21 13:48:39,724: 	 Myproxy is valid: 2003597
DEBUG 2019-02-21 13:48:39,725: 	 Command use: kill
DEBUG 2019-02-21 13:48:39,725: 	 Options use: ['/afs/cern.ch/work/b/bjoshi/private/Analysis/Tools/workdir/CMSSW_9_4_4/src/SkimProduction/CRAB/crab_projects/crab_minBias_pythia8_MC_generation_1MEvents_002']
DEBUG 2019-02-21 13:48:39,916: 	 CRABClient version: 3.3.1902.patch1
DEBUG 2019-02-21 13:48:39,916: 	 Instance is prod
DEBUG 2019-02-21 13:48:39,916: 	 Server base url is cmsweb.cern.ch
DEBUG 2019-02-21 13:48:39,916: 	 Command url /crabserver/prod/workflow
DEBUG 2019-02-21 13:48:39,916: 	 Killing task 190221_121416:bjoshi_crab_minBias_pythia8_MC_generation_1MEvents_002
INFO 2019-02-21 13:48:40,058: 	 The server answered with an error.
INFO 2019-02-21 13:48:40,058: 	 Server answered with: Execution error
INFO 2019-02-21 13:48:40,058: 	 Reason is: You cannot kill a task if it is in the QUEUED state
INFO 2019-02-21 13:48:40,058: 	 Error Id: 042a9c1cf6820e15601fa76c058890b4
DEBUG 2019-02-21 13:48:40,058: 	 ERROR: Internal Server Error (500):  '<!DOCTYPE html PUBLIC
"-//W3C//DTD XHTML 1.0 Transitional//EN"
"http://www.w3.org/TR/xhtml1/DTD/xhtml1-transitional.dtd">
<html>
<head>
    <meta http-equiv="Content-Type" content="text/html; charset=utf-8"></meta>
    <title>500 Internal Server Error</title>
    <style type="text/css">
    #powered_by {
        margin-top: 20px;
        border-top: 2px solid black;
        font-style: italic;
    }

    #traceback {
        color: red;
    }
    </style>
</head>
    <body>
        <h2>500 Internal Server Error</h2>
        <p>Execution error</p>
        <pre id="traceback"></pre>
    <div id="powered_by">
      <span>
        Powered by <a href="http://www.cherrypy.org">CherryPy unknown</a>
      </span>
    </div>
    </body>
</html>
'
DEBUG 2019-02-21 13:48:40,058: 	 Command failed with URI: https://cmsweb.cern.ch/crabserver/prod/workflow
DEBUG 2019-02-21 13:48:40,058: 	      Input data: workflow=190221_121416%3Abjoshi_crab_minBias_pythia8_MC_generation_1MEvents_002
DEBUG 2019-02-21 13:48:40,059: 	      Request headers: {'Content-Length': '746', 'X-Error-Http': '500', 'X-Rest-Time': '10325.193 us', 'Server': 'CherryPy/unknown', 'Connection': 'close', 'X-Error-Detail': 'Execution error', 'CMS-Server-Time': 'D=34768 t=1550753320020184', 'X-Rest-Status': '403', 'Date': 'Thu, 21 Feb 2019 12:48:40 GMT', 'Content-Type': 'text/html;charset=utf-8', 'X-Error-Info': 'You cannot kill a task if it is in the QUEUED state', 'X-Error-Id': '042a9c1cf6820e15601fa76c058890b4'}
ERROR 2019-02-21 13:48:40,059: 	 Caught exception
Traceback (most recent call last):
  File "/cvmfs/cms.cern.ch/crab3/slc6_amd64_gcc493/cms/crabclient/3.3.1902.patch1/bin/crab", line 160, in <module>
    client()
  File "/cvmfs/cms.cern.ch/crab3/slc6_amd64_gcc493/cms/crabclient/3.3.1902.patch1/bin/crab", line 148, in __call__
    self.cmd()
  File "/cvmfs/cms.cern.ch/crab3/slc6_amd64_gcc493/cms/crabclient/3.3.1902.patch1/lib/python2.7/site-packages/CRABClient/Commands/kill.py", line 26, in __call__
    dictresult, status, reason = server.delete(self.uri, data=urlencode(inputs))
  File "/cvmfs/cms.cern.ch/crab3/slc6_amd64_gcc493/cms/crabclient/3.3.1902.patch1/lib/python2.7/site-packages/RESTInteractions.py", line 98, in delete
    return self.makeRequest(uri = uri, data = data, verb = 'DELETE')
  File "/cvmfs/cms.cern.ch/crab3/slc6_amd64_gcc493/cms/crabclient/3.3.1902.patch1/lib/python2.7/site-packages/RESTInteractions.py", line 129, in makeRequest
    capath=caCertPath, verbose=self['verbose'])
  File "/cvmfs/cms.cern.ch/crab3/slc6_amd64_gcc493/cms/crabclient/3.3.1902.patch1/lib/python2.7/site-packages/WMCore/Services/pycurl_manager.py", line 252, in request
    raise exc
HTTPException: url=https://cmsweb.cern.ch/crabserver/prod/workflow, code=500, reason=Internal Server Error, headers={'Content-Length': '746', 'X-Error-Http': '500', 'X-Rest-Time': '10325.193 us', 'Server': 'CherryPy/unknown', 'Connection': 'close', 'X-Error-Detail': 'Execution error', 'CMS-Server-Time': 'D=34768 t=1550753320020184', 'X-Rest-Status': '403', 'Date': 'Thu, 21 Feb 2019 12:48:40 GMT', 'Content-Type': 'text/html;charset=utf-8', 'X-Error-Info': 'You cannot kill a task if it is in the QUEUED state', 'X-Error-Id': '042a9c1cf6820e15601fa76c058890b4'}
INFO 2019-02-21 13:48:40,071: 	 Log file is /afs/cern.ch/work/b/bjoshi/private/Analysis/Tools/workdir/CMSSW_9_4_4/src/SkimProduction/CRAB/crab_projects/crab_minBias_pythia8_MC_generation_1MEvents_002/crab.log
DEBUG 2019-02-26 14:13:43,734: 	 Executing command: 'status'
DEBUG 2019-02-26 14:13:43,734: 	 Found CRAB cache file /afs/cern.ch/user/b/bjoshi/.crab3
DEBUG 2019-02-26 14:13:43,787: 	 Checking credentials
DEBUG 2019-02-26 14:13:43,788: 	 Found proxy file /tmp/x509up_u92327
DEBUG 2019-02-26 14:13:43,788: 	 Getting proxy life time left
DEBUG 2019-02-26 14:13:44,796: 	 Executing : 
 command : voms-proxy-info -file /tmp/x509up_u92327 -timeleft
 output : 86279

 error: 
 retcode : 0
DEBUG 2019-02-26 14:13:45,707: 	 Executing : 
 command : voms-proxy-info -file /tmp/x509up_u92327 -actimeleft
 output : 86278

 error: 
 retcode : 0
DEBUG 2019-02-26 14:13:45,707: 	 Proxy lifetime 86279 secs is different from voms extension lifetime 86278 secs for proxy: /tmp/x509up_u92327
DEBUG 2019-02-26 14:13:45,707: 	 Proxy valid for 23:57:58 hours
DEBUG 2019-02-26 14:13:45,849: 	 Executing : 
 command : openssl x509 -in ~/.globus/usercert.pem -subject -noout
 output : subject= /DC=ch/DC=cern/OU=Organic Units/OU=Users/CN=bjoshi/CN=796100/CN=Bhargav Madhusudan Joshi

 error: 
 retcode : 0
DEBUG 2019-02-26 14:13:45,849: 	 Checking credentials
DEBUG 2019-02-26 14:13:45,849: 	 Found proxy file /tmp/x509up_u92327
DEBUG 2019-02-26 14:13:45,849: 	 Getting proxy life time left
DEBUG 2019-02-26 14:13:46,860: 	 Executing : 
 command : voms-proxy-info -file /tmp/x509up_u92327 -timeleft
 output : 86277

 error: 
 retcode : 0
DEBUG 2019-02-26 14:13:47,773: 	 Executing : 
 command : voms-proxy-info -file /tmp/x509up_u92327 -actimeleft
 output : 86276

 error: 
 retcode : 0
DEBUG 2019-02-26 14:13:47,774: 	 Proxy lifetime 86277 secs is different from voms extension lifetime 86276 secs for proxy: /tmp/x509up_u92327
DEBUG 2019-02-26 14:13:47,774: 	 Proxy valid for 23:57:56 hours
DEBUG 2019-02-26 14:13:47,942: 	 Registering user credentials for server /DC=ch/DC=cern/OU=computers/CN=vocms(052|058|030|0118|0105|0109).cern.ch|/DC=ch/DC=cern/OU=computers/CN=crab-(preprod|prod)-tw(02|01).cern.ch
DEBUG 2019-02-26 14:13:48,057: 	 Executing : 
 command : openssl x509 -in ~/.globus/usercert.pem -subject -noout
 output : subject= /DC=ch/DC=cern/OU=Organic Units/OU=Users/CN=bjoshi/CN=796100/CN=Bhargav Madhusudan Joshi

 error: 
 retcode : 0
DEBUG 2019-02-26 14:13:48,058: 	 Getting myproxy life time left for myproxy.cern.ch
DEBUG 2019-02-26 14:13:48,058: 	 Calculating hash of /DC=ch/DC=cern/OU=Organic Units/OU=Users/CN=bjoshi/CN=796100/CN=Bhargav Madhusudan Joshi_cmsweb.cern.ch for credential name
DEBUG 2019-02-26 14:13:48,464: 	 Executing : 
 command : myproxy-info -l e9ed08ae3e67a03e4db9d489b1351b281e6abeef -s myproxy.cern.ch
 output : username: e9ed08ae3e67a03e4db9d489b1351b281e6abeef
owner: /DC=ch/DC=cern/OU=Organic Units/OU=Users/CN=bjoshi/CN=796100/CN=Bhargav Madhusudan Joshi
  renewal policy: /DC=ch/DC=cern/OU=computers/CN=vocms(052|058|030|0118|0105|0109).cern.ch|/DC=ch/DC=cern/OU=computers/CN=crab-(preprod|prod)-tw(02|01).cern.ch
  trusted retrieval policy: /DC=ch/DC=cern/OU=computers/CN=vocms(052|058|030|0118|0105|0109).cern.ch|/DC=ch/DC=cern/OU=computers/CN=crab-(preprod|prod)-tw(02|01).cern.ch
  timeleft: 436:08:08  (18.2 days)

 error: 
 retcode : 0
DEBUG 2019-02-26 14:13:48,466: 	 Myproxy is valid: 1570088
DEBUG 2019-02-26 14:13:48,467: 	 Command use: status
DEBUG 2019-02-26 14:13:48,467: 	 Options use: ['crab_projects/crab_minBias_pythia8_MC_generation_1MEvents_002/']
DEBUG 2019-02-26 14:13:48,626: 	 CRABClient version: 3.3.1902.patch1
DEBUG 2019-02-26 14:13:48,626: 	 Instance is prod
DEBUG 2019-02-26 14:13:48,626: 	 Server base url is cmsweb.cern.ch
DEBUG 2019-02-26 14:13:48,626: 	 Command url /crabserver/prod/workflow
DEBUG 2019-02-26 14:13:48,787: 	 Got information from server oracle database: {u'result': [u'190221_121416:bjoshi_crab_minBias_pythia8_MC_generation_1MEvents_002', u'None', u'None', u'SUBMITFAILED', u'SUBMIT', u'2019-02-21 12:14:16.249965', u'None', u'None', u'None', u'CMSSW_9_4_4', u'slc6_amd64_gcc630', u'None', u'F', u'0', u'[]', u'[]', u'EventBased', u"{'splitOnRun': False, 'events_per_job': 1000, 'halt_job_on_file_boundaries': False, 'runs': [], 'lumis': []}", u'9b119b31662c1a6dc19a14f74297b79de7a4031b61d47c96769568def61e94e2.tar.gz', u'https://cmsweb.cern.ch/crabcache', u'bjoshi', u'/DC=ch/DC=cern/OU=Organic Units/OU=Users/CN=bjoshi/CN=796100/CN=Bhargav Madhusudan Joshi', u'cms', u'None', u'None', u'MinBias_Pythia8_1MEvents_002-00000000000000000000000000000000', u'F', u'T2_US_Florida', u'https://cmsweb.cern.ch/dbs/prod/global/DBSReader', u'https://cmsweb.cern.ch/dbs/prod/phys03/DBSWriter', u'T', u'[]', u'[]', u"['minbias.root']", u'PrivateMC', u'pythia', u'None', u'{}', u'[]', u'F', u'crab-prod-tw01', u'[]', u'1250', u'1', u'2000', u'10', u'None', u'[]', u'None', u'None', u'[]', u'[]', u'https://cmsweb.cern.ch/crabserver/prod', u'cmsgwms-collector-global.cern.ch:9620,cmssrv221.fnal.gov:9620', u'None', u'F', u'[]', u'T', u'/store/user/bjoshi/', u'F', u'None', u'F', u'None', u'MinBias_Pythia8_1MEvents_002', u'None', u'b589e285d9831e5d7b689a12cbd2900d53ab74a3a63a8dd5216720a22216ea12.tar.gz', u'None', u'filetransfers', u'F', u'188.184.108.99', u'10000000000.0', u'None'], u'desc': {u'columns': [u'tm_taskname', u'tm_activity', u'panda_jobset_id', u'tm_task_status', u'tm_task_command', u'tm_start_time', u'tm_start_injection', u'tm_end_injection', u'tm_task_failure', u'tm_job_sw', u'tm_job_arch', u'tm_input_dataset', u'tm_nonvalid_input_dataset', u'tm_use_parent', u'tm_site_whitelist', u'tm_site_blacklist', u'tm_split_algo', u'tm_split_args', u'tm_user_sandbox', u'tm_cache_url', u'tm_username', u'tm_user_dn', u'tm_user_vo', u'tm_user_role', u'tm_user_group', u'tm_publish_name', u'tm_publish_groupname', u'tm_asyncdest', u'tm_dbs_url', u'tm_publish_dbs_url', u'tm_publication', u'tm_outfiles', u'tm_tfile_outfiles', u'tm_edm_outfiles', u'tm_job_type', u'tm_generator', u'tm_events_per_lumi', u'tm_arguments', u'panda_resubmitted_jobs', u'tm_save_logs', u'tw_name', u'tm_user_infiles', u'tm_maxjobruntime', u'tm_numcores', u'tm_maxmemory', u'tm_priority', u'tm_output_dataset', u'tm_task_warnings', u'tm_user_webdir', u'tm_scriptexe', u'tm_scriptargs', u'tm_extrajdl', u'tm_asourl', u'tm_collector', u'tm_schedd', u'tm_dry_run', u'tm_user_files', u'tm_transfer_outputs', u'tm_output_lfn', u'tm_ignore_locality', u'tm_fail_limit', u'tm_one_event_mode', u'tm_secondary_input_dataset', u'tm_primary_dataset', u'tm_last_publication', u'tm_debug_files', u'clusterid', u'tm_asodb', u'tm_ignore_global_blacklist', u'tm_submitter_ip_addr', u'tm_totalunits', u'tm_ddm_reqid']}}
INFO 2019-02-26 14:13:48,788: 	 CRAB project directory:		/afs/cern.ch/work/b/bjoshi/private/Analysis/Tools/workdir/CMSSW_9_4_4/src/SkimProduction/CRAB/crab_projects/crab_minBias_pythia8_MC_generation_1MEvents_002
INFO 2019-02-26 14:13:48,788: 	 Task name:			190221_121416:bjoshi_crab_minBias_pythia8_MC_generation_1MEvents_002
INFO 2019-02-26 14:13:48,788: 	 Grid scheduler - Task Worker:	N/A yet - crab-prod-tw01
INFO 2019-02-26 14:13:48,789: 	 Status on the CRAB server:	SUBMITFAILED
INFO 2019-02-26 14:13:48,789: 	 Task URL to use for HELP:	https://cmsweb.cern.ch/crabserver/ui/task/190221_121416%3Abjoshi_crab_minBias_pythia8_MC_generation_1MEvents_002
INFO 2019-02-26 14:13:48,789: 	 Dashboard monitoring URL:	http://dashb-cms-job.cern.ch/dashboard/templates/task-analysis/#user=bjoshi&refresh=0&table=Jobs&p=1&records=25&activemenu=2&status=&site=&tid=190221_121416%3Abjoshi_crab_minBias_pythia8_MC_generation_1MEvents_002
DEBUG 2019-02-26 14:13:48,789: 	 The task has not been submitted to the Grid scheduler yet. Not printing job information.
INFO 2019-02-26 14:13:48,894: 	 Log file is /afs/cern.ch/work/b/bjoshi/private/Analysis/Tools/workdir/CMSSW_9_4_4/src/SkimProduction/CRAB/crab_projects/crab_minBias_pythia8_MC_generation_1MEvents_002/crab.log
DEBUG 2019-02-28 16:41:56,022: 	 Executing command: 'status'
DEBUG 2019-02-28 16:41:56,023: 	 Found CRAB cache file /afs/cern.ch/user/b/bjoshi/.crab3
DEBUG 2019-02-28 16:41:56,053: 	 Checking credentials
DEBUG 2019-02-28 16:41:56,054: 	 Found proxy file /tmp/x509up_u92327
DEBUG 2019-02-28 16:41:56,054: 	 Getting proxy life time left
DEBUG 2019-02-28 16:41:57,388: 	 Executing : 
 command : voms-proxy-info -file /tmp/x509up_u92327 -timeleft
 output : 29781

 error: 
 retcode : 0
DEBUG 2019-02-28 16:41:58,748: 	 Executing : 
 command : voms-proxy-info -file /tmp/x509up_u92327 -actimeleft
 output : 29780

 error: 
 retcode : 0
DEBUG 2019-02-28 16:41:58,748: 	 Proxy lifetime 29781 secs is different from voms extension lifetime 29780 secs for proxy: /tmp/x509up_u92327
DEBUG 2019-02-28 16:41:58,748: 	 Proxy valid for 08:16:20 hours
DEBUG 2019-02-28 16:41:58,866: 	 Executing : 
 command : openssl x509 -in ~/.globus/usercert.pem -subject -noout
 output : subject= /DC=ch/DC=cern/OU=Organic Units/OU=Users/CN=bjoshi/CN=796100/CN=Bhargav Madhusudan Joshi

 error: 
 retcode : 0
DEBUG 2019-02-28 16:41:58,866: 	 Checking credentials
DEBUG 2019-02-28 16:41:58,867: 	 Found proxy file /tmp/x509up_u92327
DEBUG 2019-02-28 16:41:58,867: 	 Getting proxy life time left
DEBUG 2019-02-28 16:41:59,879: 	 Executing : 
 command : voms-proxy-info -file /tmp/x509up_u92327 -timeleft
 output : 29779

 error: 
 retcode : 0
DEBUG 2019-02-28 16:42:00,887: 	 Executing : 
 command : voms-proxy-info -file /tmp/x509up_u92327 -actimeleft
 output : 29778

 error: 
 retcode : 0
DEBUG 2019-02-28 16:42:00,888: 	 Proxy lifetime 29779 secs is different from voms extension lifetime 29778 secs for proxy: /tmp/x509up_u92327
DEBUG 2019-02-28 16:42:00,888: 	 Proxy valid for 08:16:18 hours
DEBUG 2019-02-28 16:42:00,998: 	 Registering user credentials for server /DC=ch/DC=cern/OU=computers/CN=vocms(052|058|030|0118|0105|0109).cern.ch|/DC=ch/DC=cern/OU=computers/CN=crab-(preprod|prod)-tw(02|01).cern.ch
DEBUG 2019-02-28 16:42:01,113: 	 Executing : 
 command : openssl x509 -in ~/.globus/usercert.pem -subject -noout
 output : subject= /DC=ch/DC=cern/OU=Organic Units/OU=Users/CN=bjoshi/CN=796100/CN=Bhargav Madhusudan Joshi

 error: 
 retcode : 0
DEBUG 2019-02-28 16:42:01,113: 	 Getting myproxy life time left for myproxy.cern.ch
DEBUG 2019-02-28 16:42:01,113: 	 Calculating hash of /DC=ch/DC=cern/OU=Organic Units/OU=Users/CN=bjoshi/CN=796100/CN=Bhargav Madhusudan Joshi_cmsweb.cern.ch for credential name
DEBUG 2019-02-28 16:42:01,522: 	 Executing : 
 command : myproxy-info -l e9ed08ae3e67a03e4db9d489b1351b281e6abeef -s myproxy.cern.ch
 output : username: e9ed08ae3e67a03e4db9d489b1351b281e6abeef
owner: /DC=ch/DC=cern/OU=Organic Units/OU=Users/CN=bjoshi/CN=796100/CN=Bhargav Madhusudan Joshi
  renewal policy: /DC=ch/DC=cern/OU=computers/CN=vocms(052|058|030|0118|0105|0109).cern.ch|/DC=ch/DC=cern/OU=computers/CN=crab-(preprod|prod)-tw(02|01).cern.ch
  trusted retrieval policy: /DC=ch/DC=cern/OU=computers/CN=vocms(052|058|030|0118|0105|0109).cern.ch|/DC=ch/DC=cern/OU=computers/CN=crab-(preprod|prod)-tw(02|01).cern.ch
  timeleft: 385:39:55  (16.1 days)

 error: 
 retcode : 0
DEBUG 2019-02-28 16:42:01,524: 	 Myproxy is valid: 1388395
DEBUG 2019-02-28 16:42:01,525: 	 Command use: status
DEBUG 2019-02-28 16:42:01,525: 	 Options use: ['-d', 'crab_minBias_pythia8_MC_generation_1MEvents_002/']
DEBUG 2019-02-28 16:42:01,697: 	 CRABClient version: 3.3.1902.patch1
DEBUG 2019-02-28 16:42:01,697: 	 Instance is prod
DEBUG 2019-02-28 16:42:01,697: 	 Server base url is cmsweb.cern.ch
DEBUG 2019-02-28 16:42:01,697: 	 Command url /crabserver/prod/workflow
DEBUG 2019-02-28 16:42:01,864: 	 Got information from server oracle database: {u'result': [u'190221_121416:bjoshi_crab_minBias_pythia8_MC_generation_1MEvents_002', u'None', u'None', u'SUBMITFAILED', u'SUBMIT', u'2019-02-21 12:14:16.249965', u'None', u'None', u'None', u'CMSSW_9_4_4', u'slc6_amd64_gcc630', u'None', u'F', u'0', u'[]', u'[]', u'EventBased', u"{'splitOnRun': False, 'events_per_job': 1000, 'halt_job_on_file_boundaries': False, 'runs': [], 'lumis': []}", u'9b119b31662c1a6dc19a14f74297b79de7a4031b61d47c96769568def61e94e2.tar.gz', u'https://cmsweb.cern.ch/crabcache', u'bjoshi', u'/DC=ch/DC=cern/OU=Organic Units/OU=Users/CN=bjoshi/CN=796100/CN=Bhargav Madhusudan Joshi', u'cms', u'None', u'None', u'MinBias_Pythia8_1MEvents_002-00000000000000000000000000000000', u'F', u'T2_US_Florida', u'https://cmsweb.cern.ch/dbs/prod/global/DBSReader', u'https://cmsweb.cern.ch/dbs/prod/phys03/DBSWriter', u'T', u'[]', u'[]', u"['minbias.root']", u'PrivateMC', u'pythia', u'None', u'{}', u'[]', u'F', u'crab-prod-tw01', u'[]', u'1250', u'1', u'2000', u'10', u'None', u'[]', u'None', u'None', u'[]', u'[]', u'https://cmsweb.cern.ch/crabserver/prod', u'cmsgwms-collector-global.cern.ch:9620,cmssrv221.fnal.gov:9620', u'None', u'F', u'[]', u'T', u'/store/user/bjoshi/', u'F', u'None', u'F', u'None', u'MinBias_Pythia8_1MEvents_002', u'None', u'b589e285d9831e5d7b689a12cbd2900d53ab74a3a63a8dd5216720a22216ea12.tar.gz', u'None', u'filetransfers', u'F', u'188.184.108.99', u'10000000000.0', u'None'], u'desc': {u'columns': [u'tm_taskname', u'tm_activity', u'panda_jobset_id', u'tm_task_status', u'tm_task_command', u'tm_start_time', u'tm_start_injection', u'tm_end_injection', u'tm_task_failure', u'tm_job_sw', u'tm_job_arch', u'tm_input_dataset', u'tm_nonvalid_input_dataset', u'tm_use_parent', u'tm_site_whitelist', u'tm_site_blacklist', u'tm_split_algo', u'tm_split_args', u'tm_user_sandbox', u'tm_cache_url', u'tm_username', u'tm_user_dn', u'tm_user_vo', u'tm_user_role', u'tm_user_group', u'tm_publish_name', u'tm_publish_groupname', u'tm_asyncdest', u'tm_dbs_url', u'tm_publish_dbs_url', u'tm_publication', u'tm_outfiles', u'tm_tfile_outfiles', u'tm_edm_outfiles', u'tm_job_type', u'tm_generator', u'tm_events_per_lumi', u'tm_arguments', u'panda_resubmitted_jobs', u'tm_save_logs', u'tw_name', u'tm_user_infiles', u'tm_maxjobruntime', u'tm_numcores', u'tm_maxmemory', u'tm_priority', u'tm_output_dataset', u'tm_task_warnings', u'tm_user_webdir', u'tm_scriptexe', u'tm_scriptargs', u'tm_extrajdl', u'tm_asourl', u'tm_collector', u'tm_schedd', u'tm_dry_run', u'tm_user_files', u'tm_transfer_outputs', u'tm_output_lfn', u'tm_ignore_locality', u'tm_fail_limit', u'tm_one_event_mode', u'tm_secondary_input_dataset', u'tm_primary_dataset', u'tm_last_publication', u'tm_debug_files', u'clusterid', u'tm_asodb', u'tm_ignore_global_blacklist', u'tm_submitter_ip_addr', u'tm_totalunits', u'tm_ddm_reqid']}}
INFO 2019-02-28 16:42:01,865: 	 CRAB project directory:		/afs/cern.ch/work/b/bjoshi/private/Analysis/Tools/workdir/CMSSW_9_4_4/src/SkimProduction/CRAB/crab_projects/crab_minBias_pythia8_MC_generation_1MEvents_002
INFO 2019-02-28 16:42:01,865: 	 Task name:			190221_121416:bjoshi_crab_minBias_pythia8_MC_generation_1MEvents_002
INFO 2019-02-28 16:42:01,865: 	 Grid scheduler - Task Worker:	N/A yet - crab-prod-tw01
INFO 2019-02-28 16:42:01,865: 	 Status on the CRAB server:	SUBMITFAILED
INFO 2019-02-28 16:42:01,865: 	 Task URL to use for HELP:	https://cmsweb.cern.ch/crabserver/ui/task/190221_121416%3Abjoshi_crab_minBias_pythia8_MC_generation_1MEvents_002
INFO 2019-02-28 16:42:01,865: 	 Dashboard monitoring URL:	http://dashb-cms-job.cern.ch/dashboard/templates/task-analysis/#user=bjoshi&refresh=0&table=Jobs&p=1&records=25&activemenu=2&status=&site=&tid=190221_121416%3Abjoshi_crab_minBias_pythia8_MC_generation_1MEvents_002
DEBUG 2019-02-28 16:42:01,865: 	 The task has not been submitted to the Grid scheduler yet. Not printing job information.
INFO 2019-02-28 16:42:01,958: 	 Log file is /afs/cern.ch/work/b/bjoshi/private/Analysis/Tools/workdir/CMSSW_9_4_4/src/SkimProduction/CRAB/crab_projects/crab_minBias_pythia8_MC_generation_1MEvents_002/crab.log
DEBUG 2019-03-14 16:44:14,283: 	 Executing command: 'status'
DEBUG 2019-03-14 16:44:14,284: 	 Found CRAB cache file /afs/cern.ch/user/b/bjoshi/.crab3
DEBUG 2019-03-14 16:44:14,346: 	 Checking credentials
DEBUG 2019-03-14 16:44:14,348: 	 Found proxy file /tmp/x509up_u92327
DEBUG 2019-03-14 16:44:14,348: 	 Getting proxy life time left
DEBUG 2019-03-14 16:44:15,458: 	 Executing : 
 command : voms-proxy-info -file /tmp/x509up_u92327 -timeleft
 output : 19414

 error: 
 retcode : 0
DEBUG 2019-03-14 16:44:16,676: 	 Executing : 
 command : voms-proxy-info -file /tmp/x509up_u92327 -actimeleft
 output : 19413

 error: 
 retcode : 0
DEBUG 2019-03-14 16:44:16,676: 	 Proxy lifetime 19414 secs is different from voms extension lifetime 19413 secs for proxy: /tmp/x509up_u92327
DEBUG 2019-03-14 16:44:16,676: 	 Proxy valid for 05:23:33 hours
DEBUG 2019-03-14 16:44:16,800: 	 Executing : 
 command : openssl x509 -in ~/.globus/usercert.pem -subject -noout
 output : subject= /DC=ch/DC=cern/OU=Organic Units/OU=Users/CN=bjoshi/CN=796100/CN=Bhargav Madhusudan Joshi

 error: 
 retcode : 0
DEBUG 2019-03-14 16:44:16,800: 	 Checking credentials
DEBUG 2019-03-14 16:44:16,800: 	 Found proxy file /tmp/x509up_u92327
DEBUG 2019-03-14 16:44:16,801: 	 Getting proxy life time left
DEBUG 2019-03-14 16:44:17,923: 	 Executing : 
 command : voms-proxy-info -file /tmp/x509up_u92327 -timeleft
 output : 19412

 error: 
 retcode : 0
DEBUG 2019-03-14 16:44:19,034: 	 Executing : 
 command : voms-proxy-info -file /tmp/x509up_u92327 -actimeleft
 output : 19410

 error: 
 retcode : 0
DEBUG 2019-03-14 16:44:19,034: 	 Proxy lifetime 19412 secs is different from voms extension lifetime 19410 secs for proxy: /tmp/x509up_u92327
DEBUG 2019-03-14 16:44:19,034: 	 Proxy valid for 05:23:30 hours
DEBUG 2019-03-14 16:44:19,190: 	 Registering user credentials for server /DC=ch/DC=cern/OU=computers/CN=vocms(052|058|030|0118|0105|0109).cern.ch|/DC=ch/DC=cern/OU=computers/CN=crab-(preprod|prod)-tw(02|01).cern.ch
DEBUG 2019-03-14 16:44:19,314: 	 Executing : 
 command : openssl x509 -in ~/.globus/usercert.pem -subject -noout
 output : subject= /DC=ch/DC=cern/OU=Organic Units/OU=Users/CN=bjoshi/CN=796100/CN=Bhargav Madhusudan Joshi

 error: 
 retcode : 0
DEBUG 2019-03-14 16:44:19,314: 	 Getting myproxy life time left for myproxy.cern.ch
DEBUG 2019-03-14 16:44:19,314: 	 Calculating hash of /DC=ch/DC=cern/OU=Organic Units/OU=Users/CN=bjoshi/CN=796100/CN=Bhargav Madhusudan Joshi_cmsweb.cern.ch for credential name
DEBUG 2019-03-14 16:44:19,730: 	 Executing : 
 command : myproxy-info -l e9ed08ae3e67a03e4db9d489b1351b281e6abeef -s myproxy.cern.ch
 output : username: e9ed08ae3e67a03e4db9d489b1351b281e6abeef
owner: /DC=ch/DC=cern/OU=Organic Units/OU=Users/CN=bjoshi/CN=796100/CN=Bhargav Madhusudan Joshi
  renewal policy: /DC=ch/DC=cern/OU=computers/CN=vocms(052|058|030|0118|0105|0109).cern.ch|/DC=ch/DC=cern/OU=computers/CN=crab-(preprod|prod)-tw(02|01).cern.ch
  trusted retrieval policy: /DC=ch/DC=cern/OU=computers/CN=vocms(052|058|030|0118|0105|0109).cern.ch|/DC=ch/DC=cern/OU=computers/CN=crab-(preprod|prod)-tw(02|01).cern.ch
  timeleft: 523:05:59  (21.8 days)

 error: 
 retcode : 0
DEBUG 2019-03-14 16:44:19,731: 	 Myproxy is valid: 1883159
DEBUG 2019-03-14 16:44:19,732: 	 Command use: status
DEBUG 2019-03-14 16:44:19,732: 	 Options use: ['-d', 'crab_projects/crab_minBias_pythia8_MC_generation_1MEvents_002/', '--long']
DEBUG 2019-03-14 16:44:19,890: 	 CRABClient version: 3.3.1903.patch1
DEBUG 2019-03-14 16:44:19,890: 	 Instance is prod
DEBUG 2019-03-14 16:44:19,890: 	 Server base url is cmsweb.cern.ch
DEBUG 2019-03-14 16:44:19,890: 	 Command url /crabserver/prod/workflow
DEBUG 2019-03-14 16:44:20,052: 	 Got information from server oracle database: {u'result': [u'190221_121416:bjoshi_crab_minBias_pythia8_MC_generation_1MEvents_002', u'None', u'None', u'SUBMITFAILED', u'SUBMIT', u'2019-02-21 12:14:16.249965', u'None', u'None', u'None', u'CMSSW_9_4_4', u'slc6_amd64_gcc630', u'None', u'F', u'0', u'[]', u'[]', u'EventBased', u"{'splitOnRun': False, 'events_per_job': 1000, 'halt_job_on_file_boundaries': False, 'runs': [], 'lumis': []}", u'9b119b31662c1a6dc19a14f74297b79de7a4031b61d47c96769568def61e94e2.tar.gz', u'https://cmsweb.cern.ch/crabcache', u'bjoshi', u'/DC=ch/DC=cern/OU=Organic Units/OU=Users/CN=bjoshi/CN=796100/CN=Bhargav Madhusudan Joshi', u'cms', u'None', u'None', u'MinBias_Pythia8_1MEvents_002-00000000000000000000000000000000', u'F', u'T2_US_Florida', u'https://cmsweb.cern.ch/dbs/prod/global/DBSReader', u'https://cmsweb.cern.ch/dbs/prod/phys03/DBSWriter', u'T', u'[]', u'[]', u"['minbias.root']", u'PrivateMC', u'pythia', u'None', u'{}', u'[]', u'F', u'crab-prod-tw01', u'[]', u'1250', u'1', u'2000', u'10', u'None', u'[]', u'None', u'None', u'[]', u'[]', u'https://cmsweb.cern.ch/crabserver/prod', u'cmsgwms-collector-global.cern.ch:9620,cmssrv221.fnal.gov:9620', u'None', u'F', u'[]', u'T', u'/store/user/bjoshi/', u'F', u'None', u'F', u'None', u'MinBias_Pythia8_1MEvents_002', u'None', u'b589e285d9831e5d7b689a12cbd2900d53ab74a3a63a8dd5216720a22216ea12.tar.gz', u'None', u'filetransfers', u'F', u'188.184.108.99', u'10000000000.0', u'None'], u'desc': {u'columns': [u'tm_taskname', u'tm_activity', u'panda_jobset_id', u'tm_task_status', u'tm_task_command', u'tm_start_time', u'tm_start_injection', u'tm_end_injection', u'tm_task_failure', u'tm_job_sw', u'tm_job_arch', u'tm_input_dataset', u'tm_nonvalid_input_dataset', u'tm_use_parent', u'tm_site_whitelist', u'tm_site_blacklist', u'tm_split_algo', u'tm_split_args', u'tm_user_sandbox', u'tm_cache_url', u'tm_username', u'tm_user_dn', u'tm_user_vo', u'tm_user_role', u'tm_user_group', u'tm_publish_name', u'tm_publish_groupname', u'tm_asyncdest', u'tm_dbs_url', u'tm_publish_dbs_url', u'tm_publication', u'tm_outfiles', u'tm_tfile_outfiles', u'tm_edm_outfiles', u'tm_job_type', u'tm_generator', u'tm_events_per_lumi', u'tm_arguments', u'panda_resubmitted_jobs', u'tm_save_logs', u'tw_name', u'tm_user_infiles', u'tm_maxjobruntime', u'tm_numcores', u'tm_maxmemory', u'tm_priority', u'tm_output_dataset', u'tm_task_warnings', u'tm_user_webdir', u'tm_scriptexe', u'tm_scriptargs', u'tm_extrajdl', u'tm_asourl', u'tm_collector', u'tm_schedd', u'tm_dry_run', u'tm_user_files', u'tm_transfer_outputs', u'tm_output_lfn', u'tm_ignore_locality', u'tm_fail_limit', u'tm_one_event_mode', u'tm_secondary_input_dataset', u'tm_primary_dataset', u'tm_last_publication', u'tm_debug_files', u'clusterid', u'tm_asodb', u'tm_ignore_global_blacklist', u'tm_submitter_ip_addr', u'tm_totalunits', u'tm_ddm_reqid']}}
INFO 2019-03-14 16:44:20,052: 	 CRAB project directory:		/afs/cern.ch/work/b/bjoshi/private/Analysis/Tools/workdir/CMSSW_9_4_4/src/SkimProduction/CRAB/crab_projects/crab_minBias_pythia8_MC_generation_1MEvents_002
INFO 2019-03-14 16:44:20,052: 	 Task name:			190221_121416:bjoshi_crab_minBias_pythia8_MC_generation_1MEvents_002
INFO 2019-03-14 16:44:20,054: 	 Grid scheduler - Task Worker:	N/A yet - crab-prod-tw01
INFO 2019-03-14 16:44:20,055: 	 Status on the CRAB server:	SUBMITFAILED
INFO 2019-03-14 16:44:20,055: 	 Task URL to use for HELP:	https://cmsweb.cern.ch/crabserver/ui/task/190221_121416%3Abjoshi_crab_minBias_pythia8_MC_generation_1MEvents_002
INFO 2019-03-14 16:44:20,055: 	 Dashboard monitoring URL:	http://dashb-cms-job.cern.ch/dashboard/templates/task-analysis/#user=bjoshi&refresh=0&table=Jobs&p=1&records=25&activemenu=2&status=&site=&tid=190221_121416%3Abjoshi_crab_minBias_pythia8_MC_generation_1MEvents_002
DEBUG 2019-03-14 16:44:20,055: 	 The task has not been submitted to the Grid scheduler yet. Not printing job information.
INFO 2019-03-14 16:44:20,080: 	 Log file is /afs/cern.ch/work/b/bjoshi/private/Analysis/Tools/workdir/CMSSW_9_4_4/src/SkimProduction/CRAB/crab_projects/crab_minBias_pythia8_MC_generation_1MEvents_002/crab.log
