DEBUG 2019-02-26 15:07:39,304: 	 Executing command: 'submit'
DEBUG 2019-02-26 15:07:39,305: 	 Found CRAB cache file /afs/cern.ch/user/b/bjoshi/.crab3
DEBUG 2019-02-26 15:07:39,325: 	 Checking credentials
DEBUG 2019-02-26 15:07:39,325: 	 Found proxy file /tmp/x509up_u92327
DEBUG 2019-02-26 15:07:39,325: 	 Getting proxy life time left
DEBUG 2019-02-26 15:07:40,546: 	 Executing : 
 command : voms-proxy-info -file /tmp/x509up_u92327 -timeleft
 output : 40705

 error: 
 retcode : 0
DEBUG 2019-02-26 15:07:41,766: 	 Executing : 
 command : voms-proxy-info -file /tmp/x509up_u92327 -actimeleft
 output : 40704

 error: 
 retcode : 0
DEBUG 2019-02-26 15:07:41,766: 	 Proxy lifetime 40705 secs is different from voms extension lifetime 40704 secs for proxy: /tmp/x509up_u92327
DEBUG 2019-02-26 15:07:41,766: 	 Proxy valid for 11:18:24 hours
INFO 2019-02-26 15:07:41,767: 	 Will use CRAB configuration file crab_mc.py
DEBUG 2019-02-26 15:07:41,767: 	 Loading CRAB configuration file.
DEBUG 2019-02-26 15:07:47,226: 	 Will use CRAB PrivateMC plugin (i.e. will run a MC generation job type).
DEBUG 2019-02-26 15:07:47,397: 	 Executing : 
 command : openssl x509 -in ~/.globus/usercert.pem -subject -noout
 output : subject= /DC=ch/DC=cern/OU=Organic Units/OU=Users/CN=bjoshi/CN=796100/CN=Bhargav Madhusudan Joshi

 error: 
 retcode : 0
DEBUG 2019-02-26 15:07:47,397: 	 Checking credentials
DEBUG 2019-02-26 15:07:47,397: 	 Found proxy file /tmp/x509up_u92327
DEBUG 2019-02-26 15:07:47,397: 	 Getting proxy life time left
DEBUG 2019-02-26 15:07:48,826: 	 Executing : 
 command : voms-proxy-info -file /tmp/x509up_u92327 -timeleft
 output : 40697

 error: 
 retcode : 0
DEBUG 2019-02-26 15:07:50,150: 	 Executing : 
 command : voms-proxy-info -file /tmp/x509up_u92327 -actimeleft
 output : 40695

 error: 
 retcode : 0
DEBUG 2019-02-26 15:07:50,151: 	 Proxy lifetime 40697 secs is different from voms extension lifetime 40695 secs for proxy: /tmp/x509up_u92327
DEBUG 2019-02-26 15:07:50,151: 	 Proxy valid for 11:18:15 hours
DEBUG 2019-02-26 15:07:51,363: 	 Executing : 
 command : env X509_USER_PROXY=/tmp/x509up_u92327 voms-proxy-info -fqan
 output : /cms/Role=NULL/Capability=NULL
/cms/uscms/Role=NULL/Capability=NULL

 error: 
 retcode : 0
DEBUG 2019-02-26 15:07:51,563: 	 Registering user credentials for server /DC=ch/DC=cern/OU=computers/CN=vocms(052|058|030|0118|0105|0109).cern.ch|/DC=ch/DC=cern/OU=computers/CN=crab-(preprod|prod)-tw(02|01).cern.ch
DEBUG 2019-02-26 15:07:51,679: 	 Executing : 
 command : openssl x509 -in ~/.globus/usercert.pem -subject -noout
 output : subject= /DC=ch/DC=cern/OU=Organic Units/OU=Users/CN=bjoshi/CN=796100/CN=Bhargav Madhusudan Joshi

 error: 
 retcode : 0
DEBUG 2019-02-26 15:07:51,680: 	 Getting myproxy life time left for myproxy.cern.ch
DEBUG 2019-02-26 15:07:51,680: 	 Calculating hash of /DC=ch/DC=cern/OU=Organic Units/OU=Users/CN=bjoshi/CN=796100/CN=Bhargav Madhusudan Joshi_cmsweb.cern.ch for credential name
DEBUG 2019-02-26 15:07:52,294: 	 Executing : 
 command : myproxy-info -l e9ed08ae3e67a03e4db9d489b1351b281e6abeef -s myproxy.cern.ch
 output : username: e9ed08ae3e67a03e4db9d489b1351b281e6abeef
owner: /DC=ch/DC=cern/OU=Organic Units/OU=Users/CN=bjoshi/CN=796100/CN=Bhargav Madhusudan Joshi
  renewal policy: /DC=ch/DC=cern/OU=computers/CN=vocms(052|058|030|0118|0105|0109).cern.ch|/DC=ch/DC=cern/OU=computers/CN=crab-(preprod|prod)-tw(02|01).cern.ch
  trusted retrieval policy: /DC=ch/DC=cern/OU=computers/CN=vocms(052|058|030|0118|0105|0109).cern.ch|/DC=ch/DC=cern/OU=computers/CN=crab-(preprod|prod)-tw(02|01).cern.ch
  timeleft: 435:14:04  (18.1 days)

 error: 
 retcode : 0
DEBUG 2019-02-26 15:07:52,296: 	 Myproxy is valid: 1566844
DEBUG 2019-02-26 15:07:52,296: 	 Command use: submit
DEBUG 2019-02-26 15:07:52,296: 	 Options use: ['-c', 'crab_mc.py']
DEBUG 2019-02-26 15:07:52,449: 	 CRABClient version: 3.3.1902.patch1
DEBUG 2019-02-26 15:07:52,449: 	 Instance is prod
DEBUG 2019-02-26 15:07:52,450: 	 Server base url is cmsweb.cern.ch
DEBUG 2019-02-26 15:07:52,450: 	 Command url /crabserver/prod/workflow
DEBUG 2019-02-26 15:07:52,450: 	 Started submission
DEBUG 2019-02-26 15:07:52,450: 	 Working on /afs/cern.ch/work/b/bjoshi/private/Analysis/Tools/workdir/CMSSW_9_4_4/src/SkimProduction/CRAB/crab_projects/crab_minBias_pythia8_MC_generation_1MEvents_004
DEBUG 2019-02-26 15:07:55,214: 	 Loading required information from the environment
DEBUG 2019-02-26 15:07:55,214: 	 Found CMSSW_9_4_4 for slc6_amd64_gcc630 with base /afs/cern.ch/work/b/bjoshi/private/Analysis/Tools/workdir/CMSSW_9_4_4
DEBUG 2019-02-26 15:07:55,251: 	 UNIQUE NAME: tarUUID 0c20adfc-3ab4-4a2b-b9b0-d91e5d873b2f 
DEBUG 2019-02-26 15:07:55,251: 	 self.config: from WMCore.Configuration import Configuration
config = Configuration()
config.section_('General')
config.General.transferLogs = False
config.General.transferOutputs = True
config.General.workArea = 'crab_projects'
config.General.requestName = 'minBias_pythia8_MC_generation_1MEvents_004'
config.section_('JobType')
config.JobType.psetName = 'MinBias_13TeV_config_test.py'
config.JobType.pluginName = 'PrivateMC'
config.section_('Data')
config.Data.outputDatasetTag = 'MinBias_Pythia8_1MEvents_004'
config.Data.publication = True
config.Data.unitsPerJob = 1000
config.Data.splitting = 'EventBased'
config.Data.outLFNDirBase = '/store/user/bjoshi/'
config.Data.outputPrimaryDataset = 'MinBias_Pythia8_1MEvents_004'
config.Data.totalUnits = 50000
config.section_('Site')
config.Site.storageSite = 'T2_US_Florida'
config.section_('User')
config.section_('Debug')

DEBUG 2019-02-26 15:07:55,252: 	 self.config.JobType.psetName: MinBias_13TeV_config_test.py
INFO 2019-02-26 15:07:55,252: 	 Importing CMSSW configuration MinBias_13TeV_config_test.py
INFO 2019-02-26 15:07:58,294: 	 Finished importing CMSSW configuration MinBias_13TeV_config_test.py
DEBUG 2019-02-26 15:07:58,294: 	 Writing CMSSW configuration to /afs/cern.ch/work/b/bjoshi/private/Analysis/Tools/workdir/CMSSW_9_4_4/src/SkimProduction/CRAB/crab_projects/crab_minBias_pythia8_MC_generation_1MEvents_004/inputs/PSet.py
DEBUG 2019-02-26 15:07:58,747: 	 The following EDM output files will be collected: ['minbias.root']
DEBUG 2019-02-26 15:07:58,747: 	 The following TFile output files will be collected: []
DEBUG 2019-02-26 15:07:58,747: 	 The following user output files will be collected: []
DEBUG 2019-02-26 15:07:58,747: 	 Loading required information from the environment
DEBUG 2019-02-26 15:07:58,747: 	 Found CMSSW_9_4_4 for slc6_amd64_gcc630 with base /afs/cern.ch/work/b/bjoshi/private/Analysis/Tools/workdir/CMSSW_9_4_4
DEBUG 2019-02-26 15:07:58,748: 	 Making tarball in /afs/cern.ch/work/b/bjoshi/private/Analysis/Tools/workdir/CMSSW_9_4_4/src/SkimProduction/CRAB/crab_projects/crab_minBias_pythia8_MC_generation_1MEvents_004/inputs/0c20adfc-3ab4-4a2b-b9b0-d91e5d873b2fdefault.tgz
DEBUG 2019-02-26 15:07:58,813: 	 Checking directory /afs/cern.ch/work/b/bjoshi/private/Analysis/Tools/workdir/CMSSW_9_4_4/lib
DEBUG 2019-02-26 15:07:58,813: 	 Adding directory /afs/cern.ch/work/b/bjoshi/private/Analysis/Tools/workdir/CMSSW_9_4_4/lib to tarball
DEBUG 2019-02-26 15:07:59,353: 	 Checking directory /afs/cern.ch/work/b/bjoshi/private/Analysis/Tools/workdir/CMSSW_9_4_4/biglib
DEBUG 2019-02-26 15:07:59,353: 	 Adding directory /afs/cern.ch/work/b/bjoshi/private/Analysis/Tools/workdir/CMSSW_9_4_4/biglib to tarball
DEBUG 2019-02-26 15:07:59,354: 	 Checking directory /afs/cern.ch/work/b/bjoshi/private/Analysis/Tools/workdir/CMSSW_9_4_4/module
DEBUG 2019-02-26 15:08:01,420: 	 Adding data directory /afs/cern.ch/work/b/bjoshi/private/Analysis/Tools/workdir/CMSSW_9_4_4/src/DsTau23Mu/T3MNtuple/interface to tarball
DEBUG 2019-02-26 15:08:56,444: 	 Uploading archive /afs/cern.ch/work/b/bjoshi/private/Analysis/Tools/workdir/CMSSW_9_4_4/src/SkimProduction/CRAB/crab_projects/crab_minBias_pythia8_MC_generation_1MEvents_004/inputs/0c20adfc-3ab4-4a2b-b9b0-d91e5d873b2fdefault.tgz (0.811523.1 MB) to the CRAB cache. Using URI https://cmsweb.cern.ch/crabcache
DEBUG 2019-02-26 15:08:56,883: 	 Loading required information from the environment
DEBUG 2019-02-26 15:08:56,884: 	 Found CMSSW_9_4_4 for slc6_amd64_gcc630 with base /afs/cern.ch/work/b/bjoshi/private/Analysis/Tools/workdir/CMSSW_9_4_4
DEBUG 2019-02-26 15:08:56,884: 	 Making tarball in /afs/cern.ch/work/b/bjoshi/private/Analysis/Tools/workdir/CMSSW_9_4_4/src/SkimProduction/CRAB/crab_projects/crab_minBias_pythia8_MC_generation_1MEvents_004/inputs/debugFiles.tgz
DEBUG 2019-02-26 15:08:56,897: 	 Uploading archive /afs/cern.ch/work/b/bjoshi/private/Analysis/Tools/workdir/CMSSW_9_4_4/src/SkimProduction/CRAB/crab_projects/crab_minBias_pythia8_MC_generation_1MEvents_004/inputs/debugFiles.tgz (1 KB) to the CRAB cache. Using URI https://cmsweb.cern.ch/crabcache
DEBUG 2019-02-26 15:08:57,273: 	 Result uploading input files: 9b390b1ded6b7ee1e635b3883ba468110a76039e918097f784c9b00849119ec0.tar.gz 
INFO 2019-02-26 15:08:57,275: 	 Sending the request to the server
DEBUG 2019-02-26 15:08:57,275: 	 Submitting {'maxjobruntime': 1250, 'extrajdl': [], 'ignorelocality': 0, 'savelogsflag': 0, 'useparent': 0, 'asyncdest': 'T2_US_Florida', 'algoargs': 1000, 'cachefilename': '9b390b1ded6b7ee1e635b3883ba468110a76039e918097f784c9b00849119ec0.tar.gz', 'numcores': 1, 'addoutputfiles': [], 'generator': 'pythia', 'maxmemory': 2000, 'publishdbsurl': 'https://cmsweb.cern.ch/dbs/prod/phys03/DBSWriter', 'priority': 10, 'jobsw': 'CMSSW_9_4_4', 'edmoutfiles': ['minbias.root'], 'userfiles': [], 'primarydataset': 'MinBias_Pythia8_1MEvents_004', 'inputdata': '', 'lfn': '/store/user/bjoshi/', 'dryrun': 0, 'workflow': 'crab_minBias_pythia8_MC_generation_1MEvents_004', 'cacheurl': u'https://cmsweb.cern.ch/crabcache', 'nonprodsw': 0, 'tfileoutfiles': [], 'oneEventMode': 0, 'debugfilename': '5a6e535de4287de27b8f2c75764da4ed85f6f2bf36527741e241b0eb1279a923.tar.gz', 'saveoutput': 1, 'publication': 1, 'jobarch': 'slc6_amd64_gcc630', 'totalunits': 50000, 'splitalgo': 'EventBased', 'ignoreglobalblacklist': 0, 'nonvaliddata': 0, 'dbsurl': 'https://cmsweb.cern.ch/dbs/prod/global/DBSReader', 'publishgroupname': 0, 'jobtype': 'PrivateMC', 'publishname2': 'MinBias_Pythia8_1MEvents_004'} 
DEBUG 2019-02-26 15:08:57,276: 	 Encoded submit request: maxjobruntime=1250&ignorelocality=0&savelogsflag=0&useparent=0&asyncdest=T2_US_Florida&algoargs=1000&cachefilename=9b390b1ded6b7ee1e635b3883ba468110a76039e918097f784c9b00849119ec0.tar.gz&numcores=1&generator=pythia&maxmemory=2000&publishdbsurl=https%3A%2F%2Fcmsweb.cern.ch%2Fdbs%2Fprod%2Fphys03%2FDBSWriter&priority=10&jobsw=CMSSW_9_4_4&primarydataset=MinBias_Pythia8_1MEvents_004&inputdata=&lfn=%2Fstore%2Fuser%2Fbjoshi%2F&dryrun=0&workflow=crab_minBias_pythia8_MC_generation_1MEvents_004&cacheurl=https%3A%2F%2Fcmsweb.cern.ch%2Fcrabcache&nonprodsw=0&oneEventMode=0&debugfilename=5a6e535de4287de27b8f2c75764da4ed85f6f2bf36527741e241b0eb1279a923.tar.gz&saveoutput=1&publication=1&jobarch=slc6_amd64_gcc630&totalunits=50000&splitalgo=EventBased&ignoreglobalblacklist=0&nonvaliddata=0&dbsurl=https%3A%2F%2Fcmsweb.cern.ch%2Fdbs%2Fprod%2Fglobal%2FDBSReader&publishgroupname=0&jobtype=PrivateMC&publishname2=MinBias_Pythia8_1MEvents_004&edmoutfiles=minbias.root
DEBUG 2019-02-26 15:08:57,666: 	 Result: {u'result': [{u'RequestName': u'190226_140857:bjoshi_crab_minBias_pythia8_MC_generation_1MEvents_004'}]}
INFO 2019-02-26 15:08:57,677: 	 Success: Your task has been delivered to the CRAB3 server.
INFO 2019-02-26 15:08:57,678: 	 Task name: 190226_140857:bjoshi_crab_minBias_pythia8_MC_generation_1MEvents_004
INFO 2019-02-26 15:08:57,678: 	 Please use 'crab status' to check how the submission process proceeds.
DEBUG 2019-02-26 15:08:57,678: 	 About to return
INFO 2019-02-26 15:08:57,682: 	 Log file is /afs/cern.ch/work/b/bjoshi/private/Analysis/Tools/workdir/CMSSW_9_4_4/src/SkimProduction/CRAB/crab_projects/crab_minBias_pythia8_MC_generation_1MEvents_004/crab.log
DEBUG 2019-02-26 15:13:56,784: 	 Executing command: 'status'
DEBUG 2019-02-26 15:13:56,785: 	 Found CRAB cache file /afs/cern.ch/user/b/bjoshi/.crab3
DEBUG 2019-02-26 15:13:56,797: 	 Checking credentials
DEBUG 2019-02-26 15:13:56,798: 	 Found proxy file /tmp/x509up_u92327
DEBUG 2019-02-26 15:13:56,798: 	 Getting proxy life time left
DEBUG 2019-02-26 15:13:57,912: 	 Executing : 
 command : voms-proxy-info -file /tmp/x509up_u92327 -timeleft
 output : 40328

 error: 
 retcode : 0
DEBUG 2019-02-26 15:13:59,025: 	 Executing : 
 command : voms-proxy-info -file /tmp/x509up_u92327 -actimeleft
 output : 40326

 error: 
 retcode : 0
DEBUG 2019-02-26 15:13:59,025: 	 Proxy lifetime 40328 secs is different from voms extension lifetime 40326 secs for proxy: /tmp/x509up_u92327
DEBUG 2019-02-26 15:13:59,026: 	 Proxy valid for 11:12:06 hours
DEBUG 2019-02-26 15:13:59,152: 	 Executing : 
 command : openssl x509 -in ~/.globus/usercert.pem -subject -noout
 output : subject= /DC=ch/DC=cern/OU=Organic Units/OU=Users/CN=bjoshi/CN=796100/CN=Bhargav Madhusudan Joshi

 error: 
 retcode : 0
DEBUG 2019-02-26 15:13:59,152: 	 Checking credentials
DEBUG 2019-02-26 15:13:59,152: 	 Found proxy file /tmp/x509up_u92327
DEBUG 2019-02-26 15:13:59,153: 	 Getting proxy life time left
DEBUG 2019-02-26 15:14:00,367: 	 Executing : 
 command : voms-proxy-info -file /tmp/x509up_u92327 -timeleft
 output : 40325

 error: 
 retcode : 0
DEBUG 2019-02-26 15:14:01,478: 	 Executing : 
 command : voms-proxy-info -file /tmp/x509up_u92327 -actimeleft
 output : 40324

 error: 
 retcode : 0
DEBUG 2019-02-26 15:14:01,479: 	 Proxy lifetime 40325 secs is different from voms extension lifetime 40324 secs for proxy: /tmp/x509up_u92327
DEBUG 2019-02-26 15:14:01,479: 	 Proxy valid for 11:12:04 hours
DEBUG 2019-02-26 15:14:01,700: 	 Registering user credentials for server /DC=ch/DC=cern/OU=computers/CN=vocms(052|058|030|0118|0105|0109).cern.ch|/DC=ch/DC=cern/OU=computers/CN=crab-(preprod|prod)-tw(02|01).cern.ch
DEBUG 2019-02-26 15:14:01,814: 	 Executing : 
 command : openssl x509 -in ~/.globus/usercert.pem -subject -noout
 output : subject= /DC=ch/DC=cern/OU=Organic Units/OU=Users/CN=bjoshi/CN=796100/CN=Bhargav Madhusudan Joshi

 error: 
 retcode : 0
DEBUG 2019-02-26 15:14:01,815: 	 Getting myproxy life time left for myproxy.cern.ch
DEBUG 2019-02-26 15:14:01,815: 	 Calculating hash of /DC=ch/DC=cern/OU=Organic Units/OU=Users/CN=bjoshi/CN=796100/CN=Bhargav Madhusudan Joshi_cmsweb.cern.ch for credential name
DEBUG 2019-02-26 15:14:02,726: 	 Executing : 
 command : myproxy-info -l e9ed08ae3e67a03e4db9d489b1351b281e6abeef -s myproxy.cern.ch
 output : username: e9ed08ae3e67a03e4db9d489b1351b281e6abeef
owner: /DC=ch/DC=cern/OU=Organic Units/OU=Users/CN=bjoshi/CN=796100/CN=Bhargav Madhusudan Joshi
  renewal policy: /DC=ch/DC=cern/OU=computers/CN=vocms(052|058|030|0118|0105|0109).cern.ch|/DC=ch/DC=cern/OU=computers/CN=crab-(preprod|prod)-tw(02|01).cern.ch
  trusted retrieval policy: /DC=ch/DC=cern/OU=computers/CN=vocms(052|058|030|0118|0105|0109).cern.ch|/DC=ch/DC=cern/OU=computers/CN=crab-(preprod|prod)-tw(02|01).cern.ch
  timeleft: 435:07:54  (18.1 days)

 error: 
 retcode : 0
DEBUG 2019-02-26 15:14:02,728: 	 Myproxy is valid: 1566474
DEBUG 2019-02-26 15:14:02,729: 	 Command use: status
DEBUG 2019-02-26 15:14:02,729: 	 Options use: ['-d', 'crab_projects/crab_minBias_pythia8_MC_generation_1MEvents_004/']
DEBUG 2019-02-26 15:14:02,945: 	 CRABClient version: 3.3.1902.patch1
DEBUG 2019-02-26 15:14:02,945: 	 Instance is prod
DEBUG 2019-02-26 15:14:02,945: 	 Server base url is cmsweb.cern.ch
DEBUG 2019-02-26 15:14:02,945: 	 Command url /crabserver/prod/workflow
DEBUG 2019-02-26 15:14:03,123: 	 Got information from server oracle database: {u'result': [u'190226_140857:bjoshi_crab_minBias_pythia8_MC_generation_1MEvents_004', u'None', u'None', u'SUBMITTED', u'SUBMIT', u'2019-02-26 14:08:57.578623', u'None', u'2019-02-26 14:09:32.621334', u'None', u'CMSSW_9_4_4', u'slc6_amd64_gcc630', u'None', u'F', u'0', u'[]', u'[]', u'EventBased', u"{'splitOnRun': False, 'events_per_job': 1000, 'halt_job_on_file_boundaries': False, 'runs': [], 'lumis': []}", u'9b390b1ded6b7ee1e635b3883ba468110a76039e918097f784c9b00849119ec0.tar.gz', u'https://cmsweb.cern.ch/crabcache', u'bjoshi', u'/DC=ch/DC=cern/OU=Organic Units/OU=Users/CN=bjoshi/CN=796100/CN=Bhargav Madhusudan Joshi', u'cms', u'None', u'None', u'MinBias_Pythia8_1MEvents_004-00000000000000000000000000000000', u'F', u'T2_US_Florida', u'https://cmsweb.cern.ch/dbs/prod/global/DBSReader', u'https://cmsweb.cern.ch/dbs/prod/phys03/DBSWriter', u'T', u'[]', u'[]', u"['minbias.root']", u'PrivateMC', u'pythia', u'None', u'{}', u'[]', u'F', u'crab-prod-tw01', u'[]', u'1250', u'1', u'2000', u'10', u'None', u'[]', u'http://vocms0194.cern.ch/mon/cms980/190226_140857:bjoshi_crab_minBias_pythia8_MC_generation_1MEvents_004', u'None', u'[]', u'[]', u'https://cmsweb.cern.ch/crabserver/prod', u'cmsgwms-collector-global.cern.ch:9620,cmssrv221.fnal.gov:9620', u'crab3@vocms0194.cern.ch', u'F', u'[]', u'T', u'/store/user/bjoshi/', u'F', u'None', u'F', u'None', u'MinBias_Pythia8_1MEvents_004', u'None', u'5a6e535de4287de27b8f2c75764da4ed85f6f2bf36527741e241b0eb1279a923.tar.gz', u'34057864', u'filetransfers', u'F', u'188.184.108.178', u'50000.0', u'None'], u'desc': {u'columns': [u'tm_taskname', u'tm_activity', u'panda_jobset_id', u'tm_task_status', u'tm_task_command', u'tm_start_time', u'tm_start_injection', u'tm_end_injection', u'tm_task_failure', u'tm_job_sw', u'tm_job_arch', u'tm_input_dataset', u'tm_nonvalid_input_dataset', u'tm_use_parent', u'tm_site_whitelist', u'tm_site_blacklist', u'tm_split_algo', u'tm_split_args', u'tm_user_sandbox', u'tm_cache_url', u'tm_username', u'tm_user_dn', u'tm_user_vo', u'tm_user_role', u'tm_user_group', u'tm_publish_name', u'tm_publish_groupname', u'tm_asyncdest', u'tm_dbs_url', u'tm_publish_dbs_url', u'tm_publication', u'tm_outfiles', u'tm_tfile_outfiles', u'tm_edm_outfiles', u'tm_job_type', u'tm_generator', u'tm_events_per_lumi', u'tm_arguments', u'panda_resubmitted_jobs', u'tm_save_logs', u'tw_name', u'tm_user_infiles', u'tm_maxjobruntime', u'tm_numcores', u'tm_maxmemory', u'tm_priority', u'tm_output_dataset', u'tm_task_warnings', u'tm_user_webdir', u'tm_scriptexe', u'tm_scriptargs', u'tm_extrajdl', u'tm_asourl', u'tm_collector', u'tm_schedd', u'tm_dry_run', u'tm_user_files', u'tm_transfer_outputs', u'tm_output_lfn', u'tm_ignore_locality', u'tm_fail_limit', u'tm_one_event_mode', u'tm_secondary_input_dataset', u'tm_primary_dataset', u'tm_last_publication', u'tm_debug_files', u'clusterid', u'tm_asodb', u'tm_ignore_global_blacklist', u'tm_submitter_ip_addr', u'tm_totalunits', u'tm_ddm_reqid']}}
INFO 2019-02-26 15:14:03,124: 	 CRAB project directory:		/afs/cern.ch/work/b/bjoshi/private/Analysis/Tools/workdir/CMSSW_9_4_4/src/SkimProduction/CRAB/crab_projects/crab_minBias_pythia8_MC_generation_1MEvents_004
INFO 2019-02-26 15:14:03,124: 	 Task name:			190226_140857:bjoshi_crab_minBias_pythia8_MC_generation_1MEvents_004
INFO 2019-02-26 15:14:03,124: 	 Grid scheduler - Task Worker:	crab3@vocms0194.cern.ch - crab-prod-tw01
INFO 2019-02-26 15:14:03,124: 	 Status on the CRAB server:	SUBMITTED
INFO 2019-02-26 15:14:03,124: 	 Task URL to use for HELP:	https://cmsweb.cern.ch/crabserver/ui/task/190226_140857%3Abjoshi_crab_minBias_pythia8_MC_generation_1MEvents_004
INFO 2019-02-26 15:14:03,124: 	 Dashboard monitoring URL:	http://dashb-cms-job.cern.ch/dashboard/templates/task-analysis/#user=bjoshi&refresh=0&table=Jobs&p=1&records=25&activemenu=2&status=&site=&tid=190226_140857%3Abjoshi_crab_minBias_pythia8_MC_generation_1MEvents_004
DEBUG 2019-02-26 15:14:03,124: 	 The CRAB server submitted your task to the Grid scheduler (cluster ID: 34057864)
DEBUG 2019-02-26 15:14:03,124: 	 Webdir is located at http://vocms0194.cern.ch/mon/cms980/190226_140857:bjoshi_crab_minBias_pythia8_MC_generation_1MEvents_004
DEBUG 2019-02-26 15:14:03,266: 	 Proxied webdir is located at https://cmsweb.cern.ch/scheddmon/0194/cms980/190226_140857:bjoshi_crab_minBias_pythia8_MC_generation_1MEvents_004
DEBUG 2019-02-26 15:14:03,266: 	 Retrieving 'status_cache' file from https://cmsweb.cern.ch/scheddmon/0194/cms980/190226_140857:bjoshi_crab_minBias_pythia8_MC_generation_1MEvents_004/status_cache
DEBUG 2019-02-26 15:14:03,427: 	 Got information from status cache file: {'30': {'Retries': 0, 'WallDurations': [0], 'StartTimes': [], 'SubmitTimes': [1551190201.0], 'JobIds': ['34057896.0'], 'EndTimes': [], 'Restarts': 0, 'RecordedSite': False, 'State': 'idle', 'ResidentSetSize': [0], 'TotalUserCpuTimeHistory': [0.0], 'SiteHistory': ['Unknown'], 'TotalSysCpuTimeHistory': [0.0]}, '28': {'Retries': 0, 'WallDurations': [0], 'StartTimes': [], 'SubmitTimes': [1551190198.0], 'JobIds': ['34057894.0'], 'EndTimes': [], 'Restarts': 0, 'RecordedSite': False, 'State': 'idle', 'ResidentSetSize': [0], 'TotalUserCpuTimeHistory': [0.0], 'SiteHistory': ['Unknown'], 'TotalSysCpuTimeHistory': [0.0]}, '29': {'Retries': 0, 'WallDurations': [0], 'StartTimes': [], 'SubmitTimes': [1551190201.0], 'JobIds': ['34057895.0'], 'EndTimes': [], 'Restarts': 0, 'RecordedSite': False, 'State': 'idle', 'ResidentSetSize': [0], 'TotalUserCpuTimeHistory': [0.0], 'SiteHistory': ['Unknown'], 'TotalSysCpuTimeHistory': [0.0]}, '24': {'Retries': 0, 'WallDurations': [0], 'StartTimes': [], 'SubmitTimes': [1551190191.0], 'JobIds': ['34057890.0'], 'EndTimes': [], 'Restarts': 0, 'RecordedSite': False, 'State': 'idle', 'ResidentSetSize': [0], 'TotalUserCpuTimeHistory': [0.0], 'SiteHistory': ['Unknown'], 'TotalSysCpuTimeHistory': [0.0]}, '25': {'Retries': 0, 'WallDurations': [0], 'StartTimes': [], 'SubmitTimes': [1551190191.0], 'JobIds': ['34057891.0'], 'EndTimes': [], 'Restarts': 0, 'RecordedSite': False, 'State': 'idle', 'ResidentSetSize': [0], 'TotalUserCpuTimeHistory': [0.0], 'SiteHistory': ['Unknown'], 'TotalSysCpuTimeHistory': [0.0]}, '26': {'Retries': 0, 'WallDurations': [0], 'StartTimes': [], 'SubmitTimes': [1551190191.0], 'JobIds': ['34057892.0'], 'EndTimes': [], 'Restarts': 0, 'RecordedSite': False, 'State': 'idle', 'ResidentSetSize': [0], 'TotalUserCpuTimeHistory': [0.0], 'SiteHistory': ['Unknown'], 'TotalSysCpuTimeHistory': [0.0]}, '27': {'Retries': 0, 'WallDurations': [0], 'StartTimes': [], 'SubmitTimes': [1551190192.0], 'JobIds': ['34057893.0'], 'EndTimes': [], 'Restarts': 0, 'RecordedSite': False, 'State': 'idle', 'ResidentSetSize': [0], 'TotalUserCpuTimeHistory': [0.0], 'SiteHistory': ['Unknown'], 'TotalSysCpuTimeHistory': [0.0]}, '20': {'Retries': 0, 'WallDurations': [0], 'StartTimes': [], 'SubmitTimes': [1551190190.0], 'JobIds': ['34057887.0'], 'EndTimes': [], 'Restarts': 0, 'RecordedSite': False, 'State': 'idle', 'ResidentSetSize': [0], 'TotalUserCpuTimeHistory': [0.0], 'SiteHistory': ['Unknown'], 'TotalSysCpuTimeHistory': [0.0]}, '21': {'Retries': 0, 'WallDurations': [0], 'StartTimes': [], 'SubmitTimes': [1551190220.0], 'JobIds': ['34057918.0'], 'EndTimes': [], 'Restarts': 0, 'RecordedSite': False, 'State': 'idle', 'ResidentSetSize': [0], 'TotalUserCpuTimeHistory': [0.0], 'SiteHistory': ['Unknown'], 'TotalSysCpuTimeHistory': [0.0]}, '48': {'Retries': 0, 'WallDurations': [0], 'StartTimes': [], 'SubmitTimes': [1551190220.0], 'JobIds': ['34057914.0'], 'EndTimes': [], 'Restarts': 0, 'RecordedSite': False, 'State': 'idle', 'ResidentSetSize': [0], 'TotalUserCpuTimeHistory': [0.0], 'SiteHistory': ['Unknown'], 'TotalSysCpuTimeHistory': [0.0]}, '49': {'Retries': 0, 'WallDurations': [0], 'StartTimes': [], 'SubmitTimes': [1551190220.0], 'JobIds': ['34057916.0'], 'EndTimes': [], 'Restarts': 0, 'RecordedSite': False, 'State': 'idle', 'ResidentSetSize': [0], 'TotalUserCpuTimeHistory': [0.0], 'SiteHistory': ['Unknown'], 'TotalSysCpuTimeHistory': [0.0]}, '46': {'Retries': 0, 'WallDurations': [0], 'StartTimes': [], 'SubmitTimes': [1551190219.0], 'JobIds': ['34057913.0'], 'EndTimes': [], 'Restarts': 0, 'RecordedSite': False, 'State': 'idle', 'ResidentSetSize': [0], 'TotalUserCpuTimeHistory': [0.0], 'SiteHistory': ['Unknown'], 'TotalSysCpuTimeHistory': [0.0]}, '47': {'Retries': 0, 'WallDurations': [0], 'StartTimes': [], 'SubmitTimes': [1551190220.0], 'JobIds': ['34057915.0'], 'EndTimes': [], 'Restarts': 0, 'RecordedSite': False, 'State': 'idle', 'ResidentSetSize': [0], 'TotalUserCpuTimeHistory': [0.0], 'SiteHistory': ['Unknown'], 'TotalSysCpuTimeHistory': [0.0]}, '44': {'Retries': 0, 'WallDurations': [0], 'StartTimes': [], 'SubmitTimes': [1551190219.0], 'JobIds': ['34057911.0'], 'EndTimes': [], 'Restarts': 0, 'RecordedSite': False, 'State': 'idle', 'ResidentSetSize': [0], 'TotalUserCpuTimeHistory': [0.0], 'SiteHistory': ['Unknown'], 'TotalSysCpuTimeHistory': [0.0]}, '45': {'Retries': 0, 'WallDurations': [0], 'StartTimes': [], 'SubmitTimes': [1551190219.0], 'JobIds': ['34057912.0'], 'EndTimes': [], 'Restarts': 0, 'RecordedSite': False, 'State': 'idle', 'ResidentSetSize': [0], 'TotalUserCpuTimeHistory': [0.0], 'SiteHistory': ['Unknown'], 'TotalSysCpuTimeHistory': [0.0]}, '42': {'Retries': 0, 'WallDurations': [0], 'StartTimes': [], 'SubmitTimes': [1551190213.0], 'JobIds': ['34057908.0'], 'EndTimes': [], 'Restarts': 0, 'RecordedSite': False, 'State': 'idle', 'ResidentSetSize': [0], 'TotalUserCpuTimeHistory': [0.0], 'SiteHistory': ['Unknown'], 'TotalSysCpuTimeHistory': [0.0]}, '43': {'Retries': 0, 'WallDurations': [0], 'StartTimes': [], 'SubmitTimes': [1551190214.0], 'JobIds': ['34057909.0'], 'EndTimes': [], 'Restarts': 0, 'RecordedSite': False, 'State': 'idle', 'ResidentSetSize': [0], 'TotalUserCpuTimeHistory': [0.0], 'SiteHistory': ['Unknown'], 'TotalSysCpuTimeHistory': [0.0]}, '40': {'Retries': 0, 'WallDurations': [0], 'StartTimes': [], 'SubmitTimes': [1551190213.0], 'JobIds': ['34057906.0'], 'EndTimes': [], 'Restarts': 0, 'RecordedSite': False, 'State': 'idle', 'ResidentSetSize': [0], 'TotalUserCpuTimeHistory': [0.0], 'SiteHistory': ['Unknown'], 'TotalSysCpuTimeHistory': [0.0]}, '41': {'Retries': 0, 'WallDurations': [0], 'StartTimes': [], 'SubmitTimes': [1551190213.0], 'JobIds': ['34057907.0'], 'EndTimes': [], 'Restarts': 0, 'RecordedSite': False, 'State': 'idle', 'ResidentSetSize': [0], 'TotalUserCpuTimeHistory': [0.0], 'SiteHistory': ['Unknown'], 'TotalSysCpuTimeHistory': [0.0]}, '1': {'Retries': 0, 'WallDurations': [0], 'StartTimes': [], 'SubmitTimes': [1551190186.0], 'JobIds': ['34057868.0'], 'EndTimes': [], 'Restarts': 0, 'RecordedSite': False, 'State': 'idle', 'ResidentSetSize': [0], 'TotalUserCpuTimeHistory': [0.0], 'SiteHistory': ['Unknown'], 'TotalSysCpuTimeHistory': [0.0]}, '3': {'Retries': 0, 'WallDurations': [0], 'StartTimes': [], 'SubmitTimes': [1551190187.0], 'JobIds': ['34057870.0'], 'EndTimes': [], 'Restarts': 0, 'RecordedSite': False, 'State': 'idle', 'ResidentSetSize': [0], 'TotalUserCpuTimeHistory': [0.0], 'SiteHistory': ['Unknown'], 'TotalSysCpuTimeHistory': [0.0]}, '2': {'Retries': 0, 'WallDurations': [0], 'StartTimes': [], 'SubmitTimes': [1551190187.0], 'JobIds': ['34057869.0'], 'EndTimes': [], 'Restarts': 0, 'RecordedSite': False, 'State': 'idle', 'ResidentSetSize': [0], 'TotalUserCpuTimeHistory': [0.0], 'SiteHistory': ['Unknown'], 'TotalSysCpuTimeHistory': [0.0]}, '5': {'Retries': 0, 'WallDurations': [0], 'StartTimes': [], 'SubmitTimes': [1551190187.0], 'JobIds': ['34057872.0'], 'EndTimes': [], 'Restarts': 0, 'RecordedSite': False, 'State': 'idle', 'ResidentSetSize': [0], 'TotalUserCpuTimeHistory': [0.0], 'SiteHistory': ['Unknown'], 'TotalSysCpuTimeHistory': [0.0]}, '4': {'Retries': 0, 'WallDurations': [0], 'StartTimes': [], 'SubmitTimes': [1551190187.0], 'JobIds': ['34057871.0'], 'EndTimes': [], 'Restarts': 0, 'RecordedSite': False, 'State': 'idle', 'ResidentSetSize': [0], 'TotalUserCpuTimeHistory': [0.0], 'SiteHistory': ['Unknown'], 'TotalSysCpuTimeHistory': [0.0]}, '7': {'Retries': 0, 'WallDurations': [0], 'StartTimes': [], 'SubmitTimes': [1551190187.0], 'JobIds': ['34057874.0'], 'EndTimes': [], 'Restarts': 0, 'RecordedSite': False, 'State': 'idle', 'ResidentSetSize': [0], 'TotalUserCpuTimeHistory': [0.0], 'SiteHistory': ['Unknown'], 'TotalSysCpuTimeHistory': [0.0]}, '6': {'Retries': 0, 'WallDurations': [0], 'StartTimes': [], 'SubmitTimes': [1551190187.0], 'JobIds': ['34057873.0'], 'EndTimes': [], 'Restarts': 0, 'RecordedSite': False, 'State': 'idle', 'ResidentSetSize': [0], 'TotalUserCpuTimeHistory': [0.0], 'SiteHistory': ['Unknown'], 'TotalSysCpuTimeHistory': [0.0]}, '9': {'Retries': 0, 'WallDurations': [0], 'StartTimes': [], 'SubmitTimes': [1551190188.0], 'JobIds': ['34057875.0'], 'EndTimes': [], 'Restarts': 0, 'RecordedSite': False, 'State': 'idle', 'ResidentSetSize': [0], 'TotalUserCpuTimeHistory': [0.0], 'SiteHistory': ['Unknown'], 'TotalSysCpuTimeHistory': [0.0]}, '8': {'Retries': 0, 'WallDurations': [0], 'StartTimes': [], 'SubmitTimes': [1551190188.0], 'JobIds': ['34057879.0'], 'EndTimes': [], 'Restarts': 0, 'RecordedSite': False, 'State': 'idle', 'ResidentSetSize': [0], 'TotalUserCpuTimeHistory': [0.0], 'SiteHistory': ['Unknown'], 'TotalSysCpuTimeHistory': [0.0]}, '13': {'Retries': 0, 'WallDurations': [0], 'StartTimes': [], 'SubmitTimes': [1551190188.0], 'JobIds': ['34057880.0'], 'EndTimes': [], 'Restarts': 0, 'RecordedSite': False, 'State': 'idle', 'ResidentSetSize': [0], 'TotalUserCpuTimeHistory': [0.0], 'SiteHistory': ['Unknown'], 'TotalSysCpuTimeHistory': [0.0]}, '12': {'Retries': 0, 'WallDurations': [0], 'StartTimes': [], 'SubmitTimes': [1551190188.0], 'JobIds': ['34057878.0'], 'EndTimes': [], 'Restarts': 0, 'RecordedSite': False, 'State': 'idle', 'ResidentSetSize': [0], 'TotalUserCpuTimeHistory': [0.0], 'SiteHistory': ['Unknown'], 'TotalSysCpuTimeHistory': [0.0]}, '14': {'Retries': 0, 'WallDurations': [0], 'StartTimes': [], 'SubmitTimes': [1551190188.0], 'JobIds': ['34057881.0'], 'EndTimes': [], 'Restarts': 0, 'RecordedSite': False, 'State': 'idle', 'ResidentSetSize': [0], 'TotalUserCpuTimeHistory': [0.0], 'SiteHistory': ['Unknown'], 'TotalSysCpuTimeHistory': [0.0]}, '11': {'Retries': 0, 'WallDurations': [0], 'StartTimes': [], 'SubmitTimes': [1551190188.0], 'JobIds': ['34057877.0'], 'EndTimes': [], 'Restarts': 0, 'RecordedSite': False, 'State': 'idle', 'ResidentSetSize': [0], 'TotalUserCpuTimeHistory': [0.0], 'SiteHistory': ['Unknown'], 'TotalSysCpuTimeHistory': [0.0]}, '10': {'Retries': 0, 'WallDurations': [0], 'StartTimes': [], 'SubmitTimes': [1551190188.0], 'JobIds': ['34057876.0'], 'EndTimes': [], 'Restarts': 0, 'RecordedSite': False, 'State': 'idle', 'ResidentSetSize': [0], 'TotalUserCpuTimeHistory': [0.0], 'SiteHistory': ['Unknown'], 'TotalSysCpuTimeHistory': [0.0]}, '39': {'Retries': 0, 'WallDurations': [0], 'StartTimes': [], 'SubmitTimes': [1551190212.0], 'JobIds': ['34057904.0'], 'EndTimes': [], 'Restarts': 0, 'RecordedSite': False, 'State': 'idle', 'ResidentSetSize': [0], 'TotalUserCpuTimeHistory': [0.0], 'SiteHistory': ['Unknown'], 'TotalSysCpuTimeHistory': [0.0]}, '38': {'Retries': 0, 'WallDurations': [0], 'StartTimes': [], 'SubmitTimes': [1551190213.0], 'JobIds': ['34057905.0'], 'EndTimes': [], 'Restarts': 0, 'RecordedSite': False, 'State': 'idle', 'ResidentSetSize': [0], 'TotalUserCpuTimeHistory': [0.0], 'SiteHistory': ['Unknown'], 'TotalSysCpuTimeHistory': [0.0]}, '15': {'Retries': 0, 'WallDurations': [0], 'StartTimes': [], 'SubmitTimes': [1551190189.0], 'JobIds': ['34057882.0'], 'EndTimes': [], 'Restarts': 0, 'RecordedSite': False, 'State': 'idle', 'ResidentSetSize': [0], 'TotalUserCpuTimeHistory': [0.0], 'SiteHistory': ['Unknown'], 'TotalSysCpuTimeHistory': [0.0]}, '22': {'Retries': 0, 'WallDurations': [0], 'StartTimes': [], 'SubmitTimes': [1551190190.0], 'JobIds': ['34057888.0'], 'EndTimes': [], 'Restarts': 0, 'RecordedSite': False, 'State': 'idle', 'ResidentSetSize': [0], 'TotalUserCpuTimeHistory': [0.0], 'SiteHistory': ['Unknown'], 'TotalSysCpuTimeHistory': [0.0]}, '17': {'Retries': 0, 'WallDurations': [0], 'StartTimes': [], 'SubmitTimes': [1551190189.0], 'JobIds': ['34057884.0'], 'EndTimes': [], 'Restarts': 0, 'RecordedSite': False, 'State': 'idle', 'ResidentSetSize': [0], 'TotalUserCpuTimeHistory': [0.0], 'SiteHistory': ['Unknown'], 'TotalSysCpuTimeHistory': [0.0]}, '16': {'Retries': 0, 'WallDurations': [0], 'StartTimes': [], 'SubmitTimes': [1551190189.0], 'JobIds': ['34057883.0'], 'EndTimes': [], 'Restarts': 0, 'RecordedSite': False, 'State': 'idle', 'ResidentSetSize': [0], 'TotalUserCpuTimeHistory': [0.0], 'SiteHistory': ['Unknown'], 'TotalSysCpuTimeHistory': [0.0]}, '19': {'Retries': 0, 'WallDurations': [0], 'StartTimes': [], 'SubmitTimes': [1551190190.0], 'JobIds': ['34057886.0'], 'EndTimes': [], 'Restarts': 0, 'RecordedSite': False, 'State': 'idle', 'ResidentSetSize': [0], 'TotalUserCpuTimeHistory': [0.0], 'SiteHistory': ['Unknown'], 'TotalSysCpuTimeHistory': [0.0]}, '18': {'Retries': 0, 'WallDurations': [0], 'StartTimes': [], 'SubmitTimes': [1551190189.0], 'JobIds': ['34057885.0'], 'EndTimes': [], 'Restarts': 0, 'RecordedSite': False, 'State': 'idle', 'ResidentSetSize': [0], 'TotalUserCpuTimeHistory': [0.0], 'SiteHistory': ['Unknown'], 'TotalSysCpuTimeHistory': [0.0]}, '31': {'Retries': 0, 'WallDurations': [0], 'StartTimes': [], 'SubmitTimes': [1551190202.0], 'JobIds': ['34057897.0'], 'EndTimes': [], 'Restarts': 0, 'RecordedSite': False, 'State': 'idle', 'ResidentSetSize': [0], 'TotalUserCpuTimeHistory': [0.0], 'SiteHistory': ['Unknown'], 'TotalSysCpuTimeHistory': [0.0]}, '23': {'Retries': 0, 'WallDurations': [0], 'StartTimes': [], 'SubmitTimes': [1551190191.0], 'JobIds': ['34057889.0'], 'EndTimes': [], 'Restarts': 0, 'RecordedSite': False, 'State': 'idle', 'ResidentSetSize': [0], 'TotalUserCpuTimeHistory': [0.0], 'SiteHistory': ['Unknown'], 'TotalSysCpuTimeHistory': [0.0]}, '37': {'Retries': 0, 'WallDurations': [0], 'StartTimes': [], 'SubmitTimes': [1551190210.0], 'JobIds': ['34057901.0'], 'EndTimes': [], 'Restarts': 0, 'RecordedSite': False, 'State': 'idle', 'ResidentSetSize': [0], 'TotalUserCpuTimeHistory': [0.0], 'SiteHistory': ['Unknown'], 'TotalSysCpuTimeHistory': [0.0]}, '36': {'Retries': 0, 'WallDurations': [0], 'StartTimes': [], 'SubmitTimes': [1551190212.0], 'JobIds': ['34057903.0'], 'EndTimes': [], 'Restarts': 0, 'RecordedSite': False, 'State': 'idle', 'ResidentSetSize': [0], 'TotalUserCpuTimeHistory': [0.0], 'SiteHistory': ['Unknown'], 'TotalSysCpuTimeHistory': [0.0]}, '35': {'Retries': 0, 'WallDurations': [0], 'StartTimes': [], 'SubmitTimes': [1551190210.0], 'JobIds': ['34057902.0'], 'EndTimes': [], 'Restarts': 0, 'RecordedSite': False, 'State': 'idle', 'ResidentSetSize': [0], 'TotalUserCpuTimeHistory': [0.0], 'SiteHistory': ['Unknown'], 'TotalSysCpuTimeHistory': [0.0]}, '34': {'Retries': 0, 'WallDurations': [0], 'StartTimes': [], 'SubmitTimes': [1551190209.0], 'JobIds': ['34057900.0'], 'EndTimes': [], 'Restarts': 0, 'RecordedSite': False, 'State': 'idle', 'ResidentSetSize': [0], 'TotalUserCpuTimeHistory': [0.0], 'SiteHistory': ['Unknown'], 'TotalSysCpuTimeHistory': [0.0]}, '33': {'Retries': 0, 'WallDurations': [0], 'StartTimes': [], 'SubmitTimes': [1551190203.0], 'JobIds': ['34057898.0'], 'EndTimes': [], 'Restarts': 0, 'RecordedSite': False, 'State': 'idle', 'ResidentSetSize': [0], 'TotalUserCpuTimeHistory': [0.0], 'SiteHistory': ['Unknown'], 'TotalSysCpuTimeHistory': [0.0]}, '32': {'Retries': 0, 'WallDurations': [0], 'StartTimes': [], 'SubmitTimes': [1551190209.0], 'JobIds': ['34057899.0'], 'EndTimes': [], 'Restarts': 0, 'RecordedSite': False, 'State': 'idle', 'ResidentSetSize': [0], 'TotalUserCpuTimeHistory': [0.0], 'SiteHistory': ['Unknown'], 'TotalSysCpuTimeHistory': [0.0]}, '50': {'Retries': 0, 'WallDurations': [0], 'StartTimes': [], 'SubmitTimes': [1551190220.0], 'JobIds': ['34057917.0'], 'EndTimes': [], 'Restarts': 0, 'RecordedSite': False, 'State': 'idle', 'ResidentSetSize': [0], 'TotalUserCpuTimeHistory': [0.0], 'SiteHistory': ['Unknown'], 'TotalSysCpuTimeHistory': [0.0]}}
INFO 2019-02-26 15:14:03,427: 	 Status on the scheduler:	SUBMITTED
INFO 2019-02-26 15:14:03,427: 	 
Jobs status:                    idle         		100.0% (50/50)
INFO 2019-02-26 15:14:03,427: 	 
No publication information available yet
INFO 2019-02-26 15:14:03,512: 	 Log file is /afs/cern.ch/work/b/bjoshi/private/Analysis/Tools/workdir/CMSSW_9_4_4/src/SkimProduction/CRAB/crab_projects/crab_minBias_pythia8_MC_generation_1MEvents_004/crab.log
DEBUG 2019-02-28 09:15:41,036: 	 Executing command: 'status'
DEBUG 2019-02-28 09:15:41,037: 	 Found CRAB cache file /afs/cern.ch/user/b/bjoshi/.crab3
DEBUG 2019-02-28 09:15:41,108: 	 Checking credentials
DEBUG 2019-02-28 09:15:41,109: 	 Found proxy file /tmp/x509up_u92327
DEBUG 2019-02-28 09:15:41,109: 	 Getting proxy life time left
DEBUG 2019-02-28 09:15:42,218: 	 Executing : 
 command : voms-proxy-info -file /tmp/x509up_u92327 -timeleft
 output : 42295

 error: 
 retcode : 0
DEBUG 2019-02-28 09:15:43,133: 	 Executing : 
 command : voms-proxy-info -file /tmp/x509up_u92327 -actimeleft
 output : 42294

 error: 
 retcode : 0
DEBUG 2019-02-28 09:15:43,133: 	 Proxy lifetime 42295 secs is different from voms extension lifetime 42294 secs for proxy: /tmp/x509up_u92327
DEBUG 2019-02-28 09:15:43,133: 	 Proxy valid for 11:44:54 hours
DEBUG 2019-02-28 09:15:43,286: 	 Executing : 
 command : openssl x509 -in ~/.globus/usercert.pem -subject -noout
 output : subject= /DC=ch/DC=cern/OU=Organic Units/OU=Users/CN=bjoshi/CN=796100/CN=Bhargav Madhusudan Joshi

 error: 
 retcode : 0
DEBUG 2019-02-28 09:15:43,286: 	 Checking credentials
DEBUG 2019-02-28 09:15:43,286: 	 Found proxy file /tmp/x509up_u92327
DEBUG 2019-02-28 09:15:43,286: 	 Getting proxy life time left
DEBUG 2019-02-28 09:15:44,194: 	 Executing : 
 command : voms-proxy-info -file /tmp/x509up_u92327 -timeleft
 output : 42293

 error: 
 retcode : 0
DEBUG 2019-02-28 09:15:45,103: 	 Executing : 
 command : voms-proxy-info -file /tmp/x509up_u92327 -actimeleft
 output : 42292

 error: 
 retcode : 0
DEBUG 2019-02-28 09:15:45,103: 	 Proxy lifetime 42293 secs is different from voms extension lifetime 42292 secs for proxy: /tmp/x509up_u92327
DEBUG 2019-02-28 09:15:45,103: 	 Proxy valid for 11:44:52 hours
DEBUG 2019-02-28 09:15:45,249: 	 Registering user credentials for server /DC=ch/DC=cern/OU=computers/CN=vocms(052|058|030|0118|0105|0109).cern.ch|/DC=ch/DC=cern/OU=computers/CN=crab-(preprod|prod)-tw(02|01).cern.ch
DEBUG 2019-02-28 09:15:45,364: 	 Executing : 
 command : openssl x509 -in ~/.globus/usercert.pem -subject -noout
 output : subject= /DC=ch/DC=cern/OU=Organic Units/OU=Users/CN=bjoshi/CN=796100/CN=Bhargav Madhusudan Joshi

 error: 
 retcode : 0
DEBUG 2019-02-28 09:15:45,364: 	 Getting myproxy life time left for myproxy.cern.ch
DEBUG 2019-02-28 09:15:45,364: 	 Calculating hash of /DC=ch/DC=cern/OU=Organic Units/OU=Users/CN=bjoshi/CN=796100/CN=Bhargav Madhusudan Joshi_cmsweb.cern.ch for credential name
DEBUG 2019-02-28 09:15:45,871: 	 Executing : 
 command : myproxy-info -l e9ed08ae3e67a03e4db9d489b1351b281e6abeef -s myproxy.cern.ch
 output : username: e9ed08ae3e67a03e4db9d489b1351b281e6abeef
owner: /DC=ch/DC=cern/OU=Organic Units/OU=Users/CN=bjoshi/CN=796100/CN=Bhargav Madhusudan Joshi
  renewal policy: /DC=ch/DC=cern/OU=computers/CN=vocms(052|058|030|0118|0105|0109).cern.ch|/DC=ch/DC=cern/OU=computers/CN=crab-(preprod|prod)-tw(02|01).cern.ch
  trusted retrieval policy: /DC=ch/DC=cern/OU=computers/CN=vocms(052|058|030|0118|0105|0109).cern.ch|/DC=ch/DC=cern/OU=computers/CN=crab-(preprod|prod)-tw(02|01).cern.ch
  timeleft: 393:06:11  (16.4 days)

 error: 
 retcode : 0
DEBUG 2019-02-28 09:15:45,873: 	 Myproxy is valid: 1415171
DEBUG 2019-02-28 09:15:45,874: 	 Command use: status
DEBUG 2019-02-28 09:15:45,874: 	 Options use: ['-d', 'crab_projects/crab_minBias_pythia8_MC_generation_1MEvents_004']
DEBUG 2019-02-28 09:15:45,976: 	 CRABClient version: 3.3.1902.patch1
DEBUG 2019-02-28 09:15:45,976: 	 Instance is prod
DEBUG 2019-02-28 09:15:45,976: 	 Server base url is cmsweb.cern.ch
DEBUG 2019-02-28 09:15:45,976: 	 Command url /crabserver/prod/workflow
DEBUG 2019-02-28 09:15:46,082: 	 Got information from server oracle database: {u'result': [u'190226_140857:bjoshi_crab_minBias_pythia8_MC_generation_1MEvents_004', u'None', u'None', u'SUBMITTED', u'SUBMIT', u'2019-02-26 14:08:57.578623', u'None', u'2019-02-26 14:09:32.621334', u'None', u'CMSSW_9_4_4', u'slc6_amd64_gcc630', u'None', u'F', u'0', u'[]', u'[]', u'EventBased', u"{'splitOnRun': False, 'events_per_job': 1000, 'halt_job_on_file_boundaries': False, 'runs': [], 'lumis': []}", u'9b390b1ded6b7ee1e635b3883ba468110a76039e918097f784c9b00849119ec0.tar.gz', u'https://cmsweb.cern.ch/crabcache', u'bjoshi', u'/DC=ch/DC=cern/OU=Organic Units/OU=Users/CN=bjoshi/CN=796100/CN=Bhargav Madhusudan Joshi', u'cms', u'None', u'None', u'MinBias_Pythia8_1MEvents_004-00000000000000000000000000000000', u'F', u'T2_US_Florida', u'https://cmsweb.cern.ch/dbs/prod/global/DBSReader', u'https://cmsweb.cern.ch/dbs/prod/phys03/DBSWriter', u'T', u'[]', u'[]', u"['minbias.root']", u'PrivateMC', u'pythia', u'None', u'{}', u'[]', u'F', u'crab-prod-tw01', u'[]', u'1250', u'1', u'2000', u'10', u"['/MinBias_Pythia8_1MEvents_004/bjoshi-MinBias_Pythia8_1MEvents_004-144ff01b37d80733d2f6fdd6e657a3ae/USER']", u'[]', u'http://vocms0194.cern.ch/mon/cms980/190226_140857:bjoshi_crab_minBias_pythia8_MC_generation_1MEvents_004', u'None', u'[]', u'[]', u'https://cmsweb.cern.ch/crabserver/prod', u'cmsgwms-collector-global.cern.ch:9620,cmssrv221.fnal.gov:9620', u'crab3@vocms0194.cern.ch', u'F', u'[]', u'T', u'/store/user/bjoshi/', u'F', u'None', u'F', u'None', u'MinBias_Pythia8_1MEvents_004', u'2019-02-26 19:22:11.062333', u'5a6e535de4287de27b8f2c75764da4ed85f6f2bf36527741e241b0eb1279a923.tar.gz', u'34057864', u'filetransfers', u'F', u'188.184.108.178', u'50000.0', u'None'], u'desc': {u'columns': [u'tm_taskname', u'tm_activity', u'panda_jobset_id', u'tm_task_status', u'tm_task_command', u'tm_start_time', u'tm_start_injection', u'tm_end_injection', u'tm_task_failure', u'tm_job_sw', u'tm_job_arch', u'tm_input_dataset', u'tm_nonvalid_input_dataset', u'tm_use_parent', u'tm_site_whitelist', u'tm_site_blacklist', u'tm_split_algo', u'tm_split_args', u'tm_user_sandbox', u'tm_cache_url', u'tm_username', u'tm_user_dn', u'tm_user_vo', u'tm_user_role', u'tm_user_group', u'tm_publish_name', u'tm_publish_groupname', u'tm_asyncdest', u'tm_dbs_url', u'tm_publish_dbs_url', u'tm_publication', u'tm_outfiles', u'tm_tfile_outfiles', u'tm_edm_outfiles', u'tm_job_type', u'tm_generator', u'tm_events_per_lumi', u'tm_arguments', u'panda_resubmitted_jobs', u'tm_save_logs', u'tw_name', u'tm_user_infiles', u'tm_maxjobruntime', u'tm_numcores', u'tm_maxmemory', u'tm_priority', u'tm_output_dataset', u'tm_task_warnings', u'tm_user_webdir', u'tm_scriptexe', u'tm_scriptargs', u'tm_extrajdl', u'tm_asourl', u'tm_collector', u'tm_schedd', u'tm_dry_run', u'tm_user_files', u'tm_transfer_outputs', u'tm_output_lfn', u'tm_ignore_locality', u'tm_fail_limit', u'tm_one_event_mode', u'tm_secondary_input_dataset', u'tm_primary_dataset', u'tm_last_publication', u'tm_debug_files', u'clusterid', u'tm_asodb', u'tm_ignore_global_blacklist', u'tm_submitter_ip_addr', u'tm_totalunits', u'tm_ddm_reqid']}}
INFO 2019-02-28 09:15:46,083: 	 CRAB project directory:		/afs/cern.ch/work/b/bjoshi/private/Analysis/Tools/workdir/CMSSW_9_4_4/src/SkimProduction/CRAB/crab_projects/crab_minBias_pythia8_MC_generation_1MEvents_004
INFO 2019-02-28 09:15:46,083: 	 Task name:			190226_140857:bjoshi_crab_minBias_pythia8_MC_generation_1MEvents_004
INFO 2019-02-28 09:15:46,083: 	 Grid scheduler - Task Worker:	crab3@vocms0194.cern.ch - crab-prod-tw01
INFO 2019-02-28 09:15:46,083: 	 Status on the CRAB server:	SUBMITTED
INFO 2019-02-28 09:15:46,083: 	 Task URL to use for HELP:	https://cmsweb.cern.ch/crabserver/ui/task/190226_140857%3Abjoshi_crab_minBias_pythia8_MC_generation_1MEvents_004
INFO 2019-02-28 09:15:46,083: 	 Dashboard monitoring URL:	http://dashb-cms-job.cern.ch/dashboard/templates/task-analysis/#user=bjoshi&refresh=0&table=Jobs&p=1&records=25&activemenu=2&status=&site=&tid=190226_140857%3Abjoshi_crab_minBias_pythia8_MC_generation_1MEvents_004
DEBUG 2019-02-28 09:15:46,083: 	 The CRAB server submitted your task to the Grid scheduler (cluster ID: 34057864)
DEBUG 2019-02-28 09:15:46,084: 	 Webdir is located at http://vocms0194.cern.ch/mon/cms980/190226_140857:bjoshi_crab_minBias_pythia8_MC_generation_1MEvents_004
DEBUG 2019-02-28 09:15:46,248: 	 Proxied webdir is located at https://cmsweb.cern.ch/scheddmon/0194/cms980/190226_140857:bjoshi_crab_minBias_pythia8_MC_generation_1MEvents_004
DEBUG 2019-02-28 09:15:46,249: 	 Retrieving 'status_cache' file from https://cmsweb.cern.ch/scheddmon/0194/cms980/190226_140857:bjoshi_crab_minBias_pythia8_MC_generation_1MEvents_004/status_cache
DEBUG 2019-02-28 09:15:49,188: 	 Got information from status cache file: {'42': {'Retries': 0, 'WallDurations': [0, 982.0], 'StartTimes': [1551190557.0], 'SubmitTimes': [1551190213.0], 'JobIds': ['34057908.0'], 'EndTimes': [1551191539.0], 'Restarts': 0, 'RecordedSite': True, 'State': 'finished', 'ResidentSetSize': [658004], 'TotalUserCpuTimeHistory': [223], 'SiteHistory': ['Unknown', 'T2_US_Nebraska'], 'TotalSysCpuTimeHistory': [11]}, '48': {'Retries': 0, 'WallDurations': [9.0, 981.0], 'StartTimes': [1551190598.0], 'SubmitTimes': [1551190220.0], 'JobIds': ['34057914.0'], 'EndTimes': [1551191579.0], 'Restarts': 0, 'RecordedSite': True, 'State': 'finished', 'ResidentSetSize': [662972], 'TotalUserCpuTimeHistory': [236], 'SiteHistory': ['Unknown', 'T2_US_Nebraska'], 'TotalSysCpuTimeHistory': [12]}, '43': {'Retries': 0, 'WallDurations': [9.0, 1272.0], 'StartTimes': [1551190566.0], 'SubmitTimes': [1551190214.0], 'JobIds': ['34057909.0'], 'EndTimes': [1551191838.0], 'Restarts': 0, 'RecordedSite': True, 'State': 'finished', 'ResidentSetSize': [739776], 'TotalUserCpuTimeHistory': [486], 'SiteHistory': ['Unknown', 'T2_US_Nebraska'], 'TotalSysCpuTimeHistory': [19]}, '23': {'Retries': 0, 'WallDurations': [9.0, 971.0], 'StartTimes': [1551190548.0], 'SubmitTimes': [1551190191.0], 'JobIds': ['34057889.0'], 'EndTimes': [1551191519.0], 'Restarts': 0, 'RecordedSite': True, 'State': 'finished', 'ResidentSetSize': [635372], 'TotalUserCpuTimeHistory': [211], 'SiteHistory': ['Unknown', 'T2_US_Nebraska'], 'TotalSysCpuTimeHistory': [9]}, '24': {'Retries': 0, 'WallDurations': [9.0, 909.0], 'StartTimes': [1551190548.0], 'SubmitTimes': [1551190191.0], 'JobIds': ['34057890.0'], 'EndTimes': [1551191457.0], 'Restarts': 0, 'RecordedSite': True, 'State': 'finished', 'ResidentSetSize': [359016], 'TotalUserCpuTimeHistory': [157], 'SiteHistory': ['Unknown', 'T2_US_Nebraska'], 'TotalSysCpuTimeHistory': [6]}, '25': {'Retries': 0, 'WallDurations': [8.0, 1115.0], 'StartTimes': [1551190550.0], 'SubmitTimes': [1551190191.0], 'JobIds': ['34057891.0'], 'EndTimes': [1551191665.0], 'Restarts': 0, 'RecordedSite': True, 'State': 'finished', 'ResidentSetSize': [655636], 'TotalUserCpuTimeHistory': [324], 'SiteHistory': ['Unknown', 'T2_US_Nebraska'], 'TotalSysCpuTimeHistory': [14]}, '26': {'Retries': 0, 'WallDurations': [9.0, 926.0], 'StartTimes': [1551190544.0], 'SubmitTimes': [1551190191.0], 'JobIds': ['34057892.0'], 'EndTimes': [1551191470.0], 'Restarts': 0, 'RecordedSite': True, 'State': 'finished', 'ResidentSetSize': [635032], 'TotalUserCpuTimeHistory': [155], 'SiteHistory': ['Unknown', 'T2_US_Nebraska'], 'TotalSysCpuTimeHistory': [5]}, '27': {'Retries': 0, 'WallDurations': [9.0, 876.0], 'StartTimes': [1551190871.0], 'SubmitTimes': [1551190192.0], 'JobIds': ['34057893.0'], 'EndTimes': [1551191747.0], 'Restarts': 0, 'RecordedSite': True, 'State': 'finished', 'ResidentSetSize': [639236], 'TotalUserCpuTimeHistory': [308], 'SiteHistory': ['Unknown', 'T2_EE_Estonia'], 'TotalSysCpuTimeHistory': [7]}, '20': {'Retries': 0, 'WallDurations': [9.0, 937.0], 'StartTimes': [1551190531.0], 'SubmitTimes': [1551190190.0], 'JobIds': ['34057887.0'], 'EndTimes': [1551191468.0], 'Restarts': 0, 'RecordedSite': True, 'State': 'finished', 'ResidentSetSize': [549012], 'TotalUserCpuTimeHistory': [165], 'SiteHistory': ['Unknown', 'T2_US_Vanderbilt'], 'TotalSysCpuTimeHistory': [5]}, '21': {'Retries': 0, 'WallDurations': [9.0, 3956.0], 'StartTimes': [1551190882.0], 'SubmitTimes': [1551190220.0], 'JobIds': ['34057918.0'], 'EndTimes': [1551194838.0], 'Restarts': 0, 'RecordedSite': True, 'State': 'finished', 'ResidentSetSize': [550264], 'TotalUserCpuTimeHistory': [106], 'SiteHistory': ['Unknown', 'T2_IT_Pisa'], 'TotalSysCpuTimeHistory': [6]}, '22': {'Retries': 0, 'WallDurations': [10.0, 1030.0], 'StartTimes': [1551190543.0], 'SubmitTimes': [1551190190.0], 'JobIds': ['34057888.0'], 'EndTimes': [1551191573.0], 'Restarts': 0, 'RecordedSite': True, 'State': 'finished', 'ResidentSetSize': [683516], 'TotalUserCpuTimeHistory': [266], 'SiteHistory': ['Unknown', 'T2_US_Nebraska'], 'TotalSysCpuTimeHistory': [9]}, '49': {'Retries': 0, 'WallDurations': [9.0, 1035.0], 'StartTimes': [1551190614.0], 'SubmitTimes': [1551190220.0], 'JobIds': ['34057916.0'], 'EndTimes': [1551191649.0], 'Restarts': 0, 'RecordedSite': True, 'State': 'finished', 'ResidentSetSize': [653512], 'TotalUserCpuTimeHistory': [309], 'SiteHistory': ['Unknown', 'T2_US_Nebraska'], 'TotalSysCpuTimeHistory': [15]}, '46': {'Retries': 0, 'WallDurations': [9.0, 960.0], 'StartTimes': [1551190584.0], 'SubmitTimes': [1551190219.0], 'JobIds': ['34057913.0'], 'EndTimes': [1551191544.0], 'Restarts': 0, 'RecordedSite': True, 'State': 'finished', 'ResidentSetSize': [559356], 'TotalUserCpuTimeHistory': [209], 'SiteHistory': ['Unknown', 'T2_US_Nebraska'], 'TotalSysCpuTimeHistory': [11]}, '47': {'Retries': 0, 'WallDurations': [9.0, 965.0], 'StartTimes': [1551190611.0], 'SubmitTimes': [1551190220.0], 'JobIds': ['34057915.0'], 'EndTimes': [1551191576.0], 'Restarts': 0, 'RecordedSite': True, 'State': 'finished', 'ResidentSetSize': [675880], 'TotalUserCpuTimeHistory': [238], 'SiteHistory': ['Unknown', 'T2_US_Nebraska'], 'TotalSysCpuTimeHistory': [12]}, '44': {'Retries': 0, 'WallDurations': [9.0, 896.0], 'StartTimes': [1551190543.0], 'SubmitTimes': [1551190219.0], 'JobIds': ['34057911.0'], 'EndTimes': [1551191439.0], 'Restarts': 0, 'RecordedSite': True, 'State': 'finished', 'ResidentSetSize': [349332], 'TotalUserCpuTimeHistory': [136], 'SiteHistory': ['Unknown', 'T2_US_Nebraska'], 'TotalSysCpuTimeHistory': [5]}, '45': {'Retries': 0, 'WallDurations': [0, 902.0], 'StartTimes': [1551190556.0], 'SubmitTimes': [1551190219.0], 'JobIds': ['34057912.0'], 'EndTimes': [1551191458.0], 'Restarts': 0, 'RecordedSite': True, 'State': 'finished', 'ResidentSetSize': [334400], 'TotalUserCpuTimeHistory': [156], 'SiteHistory': ['Unknown', 'T2_US_Nebraska'], 'TotalSysCpuTimeHistory': [6]}, '28': {'Retries': 0, 'WallDurations': [0, 1031.0], 'StartTimes': [1551190551.0], 'SubmitTimes': [1551190198.0], 'JobIds': ['34057894.0'], 'EndTimes': [1551191582.0], 'Restarts': 0, 'RecordedSite': True, 'State': 'finished', 'ResidentSetSize': [625436], 'TotalUserCpuTimeHistory': [267], 'SiteHistory': ['Unknown', 'T2_US_Nebraska'], 'TotalSysCpuTimeHistory': [14]}, '29': {'Retries': 0, 'WallDurations': [10.0, 936.0], 'StartTimes': [1551190534.0], 'SubmitTimes': [1551190201.0], 'JobIds': ['34057895.0'], 'EndTimes': [1551191470.0], 'Restarts': 0, 'RecordedSite': True, 'State': 'finished', 'ResidentSetSize': [561420], 'TotalUserCpuTimeHistory': [153], 'SiteHistory': ['Unknown', 'T2_US_Nebraska'], 'TotalSysCpuTimeHistory': [6]}, '40': {'Retries': 0, 'WallDurations': [10.0, 947.0], 'StartTimes': [1551190547.0], 'SubmitTimes': [1551190213.0], 'JobIds': ['34057906.0'], 'EndTimes': [1551191494.0], 'Restarts': 0, 'RecordedSite': True, 'State': 'finished', 'ResidentSetSize': [635188], 'TotalUserCpuTimeHistory': [192], 'SiteHistory': ['Unknown', 'T2_US_Nebraska'], 'TotalSysCpuTimeHistory': [6]}, '41': {'Retries': 0, 'WallDurations': [10.0, 957.0], 'StartTimes': [1551190562.0], 'SubmitTimes': [1551190213.0], 'JobIds': ['34057907.0'], 'EndTimes': [1551191519.0], 'Restarts': 0, 'RecordedSite': True, 'State': 'finished', 'ResidentSetSize': [659680], 'TotalUserCpuTimeHistory': [210], 'SiteHistory': ['Unknown', 'T2_US_Nebraska'], 'TotalSysCpuTimeHistory': [9]}, '1': {'Retries': 0, 'WallDurations': [8.0, 600.0], 'StartTimes': [1551190869.0], 'SubmitTimes': [1551190186.0], 'JobIds': ['34057868.0'], 'EndTimes': [1551191469.0], 'Restarts': 0, 'RecordedSite': True, 'State': 'finished', 'ResidentSetSize': [488864], 'TotalUserCpuTimeHistory': [337], 'SiteHistory': ['Unknown', 'T3_IT_Trieste'], 'TotalSysCpuTimeHistory': [5]}, '3': {'Retries': 0, 'WallDurations': [8.0, 513.0], 'StartTimes': [1551190869.0], 'SubmitTimes': [1551190187.0], 'JobIds': ['34057870.0'], 'EndTimes': [1551191382.0], 'Restarts': 0, 'RecordedSite': True, 'State': 'finished', 'ResidentSetSize': [480308], 'TotalUserCpuTimeHistory': [114], 'SiteHistory': ['Unknown', 'T3_IT_Trieste'], 'TotalSysCpuTimeHistory': [3]}, '2': {'Retries': 0, 'WallDurations': [8.0, 395.0], 'StartTimes': [1551190869.0], 'SubmitTimes': [1551190187.0], 'JobIds': ['34057869.0'], 'EndTimes': [1551191264.0], 'Restarts': 0, 'RecordedSite': True, 'State': 'finished', 'ResidentSetSize': [544032], 'TotalUserCpuTimeHistory': [129], 'SiteHistory': ['Unknown', 'T3_IT_Trieste'], 'TotalSysCpuTimeHistory': [3]}, '5': {'Retries': 0, 'WallDurations': [8.0, 758.0], 'StartTimes': [1551190873.0], 'SubmitTimes': [1551190187.0], 'JobIds': ['34057872.0'], 'EndTimes': [1551191631.0], 'Restarts': 0, 'RecordedSite': True, 'State': 'finished', 'ResidentSetSize': [627348], 'TotalUserCpuTimeHistory': [200], 'SiteHistory': ['Unknown', 'T2_EE_Estonia'], 'TotalSysCpuTimeHistory': [6]}, '4': {'Retries': 0, 'WallDurations': [8.0, 766.0], 'StartTimes': [1551190871.0], 'SubmitTimes': [1551190187.0], 'JobIds': ['34057871.0'], 'EndTimes': [1551191637.0], 'Restarts': 0, 'RecordedSite': True, 'State': 'finished', 'ResidentSetSize': [629572], 'TotalUserCpuTimeHistory': [210], 'SiteHistory': ['Unknown', 'T2_EE_Estonia'], 'TotalSysCpuTimeHistory': [7]}, '7': {'Retries': 0, 'WallDurations': [9.0, 990.0], 'StartTimes': [1551190531.0], 'SubmitTimes': [1551190187.0], 'JobIds': ['34057874.0'], 'EndTimes': [1551191521.0], 'Restarts': 0, 'RecordedSite': True, 'State': 'finished', 'ResidentSetSize': [675512], 'TotalUserCpuTimeHistory': [212], 'SiteHistory': ['Unknown', 'T2_US_Vanderbilt'], 'TotalSysCpuTimeHistory': [6]}, '6': {'Retries': 0, 'WallDurations': [9.0, 969.0], 'StartTimes': [1551190529.0], 'SubmitTimes': [1551190187.0], 'JobIds': ['34057873.0'], 'EndTimes': [1551191498.0], 'Restarts': 0, 'RecordedSite': True, 'State': 'finished', 'ResidentSetSize': [612452], 'TotalUserCpuTimeHistory': [207], 'SiteHistory': ['Unknown', 'T2_US_Vanderbilt'], 'TotalSysCpuTimeHistory': [5]}, '9': {'Retries': 0, 'WallDurations': [10.0, 1024.0], 'StartTimes': [1551190534.0], 'SubmitTimes': [1551190188.0], 'JobIds': ['34057875.0'], 'EndTimes': [1551191558.0], 'Restarts': 0, 'RecordedSite': True, 'State': 'finished', 'ResidentSetSize': [570716], 'TotalUserCpuTimeHistory': [222], 'SiteHistory': ['Unknown', 'T2_US_Vanderbilt'], 'TotalSysCpuTimeHistory': [6]}, '8': {'Retries': 0, 'WallDurations': [9.0, 984.0], 'StartTimes': [1551190534.0], 'SubmitTimes': [1551190188.0], 'JobIds': ['34057879.0'], 'EndTimes': [1551191518.0], 'Restarts': 0, 'RecordedSite': True, 'State': 'finished', 'ResidentSetSize': [548400], 'TotalUserCpuTimeHistory': [224], 'SiteHistory': ['Unknown', 'T2_US_Vanderbilt'], 'TotalSysCpuTimeHistory': [5]}, '39': {'Retries': 0, 'WallDurations': [0, 919.0], 'StartTimes': [1551190551.0], 'SubmitTimes': [1551190212.0], 'JobIds': ['34057904.0'], 'EndTimes': [1551191470.0], 'Restarts': 0, 'RecordedSite': True, 'State': 'finished', 'ResidentSetSize': [361056], 'TotalUserCpuTimeHistory': [173], 'SiteHistory': ['Unknown', 'T2_US_Nebraska'], 'TotalSysCpuTimeHistory': [6]}, '38': {'Retries': 0, 'WallDurations': [9.0, 1001.0], 'StartTimes': [1551190534.0], 'SubmitTimes': [1551190213.0], 'JobIds': ['34057905.0'], 'EndTimes': [1551191535.0], 'Restarts': 0, 'RecordedSite': True, 'State': 'finished', 'ResidentSetSize': [670828], 'TotalUserCpuTimeHistory': [240], 'SiteHistory': ['Unknown', 'T2_US_Nebraska'], 'TotalSysCpuTimeHistory': [7]}, '11': {'Retries': 0, 'WallDurations': [8.0, 944.0], 'StartTimes': [1551190538.0], 'SubmitTimes': [1551190188.0], 'JobIds': ['34057877.0'], 'EndTimes': [1551191482.0], 'Restarts': 0, 'RecordedSite': True, 'State': 'finished', 'ResidentSetSize': [528100], 'TotalUserCpuTimeHistory': [170], 'SiteHistory': ['Unknown', 'T2_US_Vanderbilt'], 'TotalSysCpuTimeHistory': [5]}, '10': {'Retries': 0, 'WallDurations': [10.0, 908.0], 'StartTimes': [1551190534.0], 'SubmitTimes': [1551190188.0], 'JobIds': ['34057876.0'], 'EndTimes': [1551191442.0], 'Restarts': 0, 'RecordedSite': True, 'State': 'finished', 'ResidentSetSize': [349604], 'TotalUserCpuTimeHistory': [147], 'SiteHistory': ['Unknown', 'T2_US_Vanderbilt'], 'TotalSysCpuTimeHistory': [5]}, '13': {'Retries': 0, 'WallDurations': [10.0, 863.0], 'StartTimes': [1551190540.0], 'SubmitTimes': [1551190188.0], 'JobIds': ['34057880.0'], 'EndTimes': [1551191403.0], 'Restarts': 0, 'RecordedSite': True, 'State': 'finished', 'ResidentSetSize': [364056], 'TotalUserCpuTimeHistory': [107], 'SiteHistory': ['Unknown', 'T2_US_Nebraska'], 'TotalSysCpuTimeHistory': [4]}, '12': {'Retries': 0, 'WallDurations': [9.0, 937.0], 'StartTimes': [1551190534.0], 'SubmitTimes': [1551190188.0], 'JobIds': ['34057878.0'], 'EndTimes': [1551191471.0], 'Restarts': 0, 'RecordedSite': True, 'State': 'finished', 'ResidentSetSize': [550412], 'TotalUserCpuTimeHistory': [181], 'SiteHistory': ['Unknown', 'T2_US_Vanderbilt'], 'TotalSysCpuTimeHistory': [6]}, '15': {'Retries': 0, 'WallDurations': [9.0, 901.0], 'StartTimes': [1551190534.0], 'SubmitTimes': [1551190189.0], 'JobIds': ['34057882.0'], 'EndTimes': [1551191435.0], 'Restarts': 0, 'RecordedSite': True, 'State': 'finished', 'ResidentSetSize': [362752], 'TotalUserCpuTimeHistory': [139], 'SiteHistory': ['Unknown', 'T2_US_Nebraska'], 'TotalSysCpuTimeHistory': [5]}, '14': {'Retries': 0, 'WallDurations': [9.0, 883.0], 'StartTimes': [1551190538.0], 'SubmitTimes': [1551190188.0], 'JobIds': ['34057881.0'], 'EndTimes': [1551191421.0], 'Restarts': 0, 'RecordedSite': True, 'State': 'finished', 'ResidentSetSize': [360996], 'TotalUserCpuTimeHistory': [116], 'SiteHistory': ['Unknown', 'T2_US_Nebraska'], 'TotalSysCpuTimeHistory': [4]}, '17': {'Retries': 0, 'WallDurations': [9.0, 990.0], 'StartTimes': [1551190529.0], 'SubmitTimes': [1551190189.0], 'JobIds': ['34057884.0'], 'EndTimes': [1551191519.0], 'Restarts': 0, 'RecordedSite': True, 'State': 'finished', 'ResidentSetSize': [668076], 'TotalUserCpuTimeHistory': [214], 'SiteHistory': ['Unknown', 'T2_US_Nebraska'], 'TotalSysCpuTimeHistory': [7]}, '16': {'Retries': 0, 'WallDurations': [10.0, 886.0], 'StartTimes': [1551190543.0], 'SubmitTimes': [1551190189.0], 'JobIds': ['34057883.0'], 'EndTimes': [1551191429.0], 'Restarts': 0, 'RecordedSite': True, 'State': 'finished', 'ResidentSetSize': [363040], 'TotalUserCpuTimeHistory': [132], 'SiteHistory': ['Unknown', 'T2_US_Nebraska'], 'TotalSysCpuTimeHistory': [6]}, '19': {'Retries': 0, 'WallDurations': [10.0, 1075.0], 'StartTimes': [1551190529.0], 'SubmitTimes': [1551190190.0], 'JobIds': ['34057886.0'], 'EndTimes': [1551191604.0], 'Restarts': 0, 'RecordedSite': True, 'State': 'finished', 'ResidentSetSize': [579080], 'TotalUserCpuTimeHistory': [306], 'SiteHistory': ['Unknown', 'T2_US_Vanderbilt'], 'TotalSysCpuTimeHistory': [6]}, '18': {'Retries': 0, 'WallDurations': [9.0, 939.0], 'StartTimes': [1551190531.0], 'SubmitTimes': [1551190189.0], 'JobIds': ['34057885.0'], 'EndTimes': [1551191470.0], 'Restarts': 0, 'RecordedSite': True, 'State': 'finished', 'ResidentSetSize': [550276], 'TotalUserCpuTimeHistory': [164], 'SiteHistory': ['Unknown', 'T2_US_Nebraska'], 'TotalSysCpuTimeHistory': [4]}, '31': {'Retries': 0, 'WallDurations': [9.0, 993.0], 'StartTimes': [1551190531.0], 'SubmitTimes': [1551190202.0], 'JobIds': ['34057897.0'], 'EndTimes': [1551191524.0], 'Restarts': 0, 'RecordedSite': True, 'State': 'finished', 'ResidentSetSize': [631444], 'TotalUserCpuTimeHistory': [206], 'SiteHistory': ['Unknown', 'T2_US_Nebraska'], 'TotalSysCpuTimeHistory': [6]}, '30': {'Retries': 0, 'WallDurations': [10.0, 882.0], 'StartTimes': [1551190543.0], 'SubmitTimes': [1551190201.0], 'JobIds': ['34057896.0'], 'EndTimes': [1551191425.0], 'Restarts': 0, 'RecordedSite': True, 'State': 'finished', 'ResidentSetSize': [333708], 'TotalUserCpuTimeHistory': [125], 'SiteHistory': ['Unknown', 'T2_US_Nebraska'], 'TotalSysCpuTimeHistory': [6]}, '37': {'Retries': 0, 'WallDurations': [10.0, 881.0], 'StartTimes': [1551190543.0], 'SubmitTimes': [1551190210.0], 'JobIds': ['34057901.0'], 'EndTimes': [1551191424.0], 'Restarts': 0, 'RecordedSite': True, 'State': 'finished', 'ResidentSetSize': [361880], 'TotalUserCpuTimeHistory': [126], 'SiteHistory': ['Unknown', 'T2_US_Nebraska'], 'TotalSysCpuTimeHistory': [6]}, '36': {'Retries': 0, 'WallDurations': [9.0, 851.0], 'StartTimes': [1551190541.0], 'SubmitTimes': [1551190212.0], 'JobIds': ['34057903.0'], 'EndTimes': [1551191392.0], 'Restarts': 0, 'RecordedSite': True, 'State': 'finished', 'ResidentSetSize': [339488], 'TotalUserCpuTimeHistory': [81], 'SiteHistory': ['Unknown', 'T2_US_Nebraska'], 'TotalSysCpuTimeHistory': [4]}, '35': {'Retries': 0, 'WallDurations': [9.0, 949.0], 'StartTimes': [1551190548.0], 'SubmitTimes': [1551190210.0], 'JobIds': ['34057902.0'], 'EndTimes': [1551191497.0], 'Restarts': 0, 'RecordedSite': True, 'State': 'finished', 'ResidentSetSize': [641340], 'TotalUserCpuTimeHistory': [193], 'SiteHistory': ['Unknown', 'T2_US_Nebraska'], 'TotalSysCpuTimeHistory': [8]}, '34': {'Retries': 0, 'WallDurations': [9.0, 993.0], 'StartTimes': [1551190534.0], 'SubmitTimes': [1551190209.0], 'JobIds': ['34057900.0'], 'EndTimes': [1551191527.0], 'Restarts': 0, 'RecordedSite': True, 'State': 'finished', 'ResidentSetSize': [568488], 'TotalUserCpuTimeHistory': [230], 'SiteHistory': ['Unknown', 'T2_US_Nebraska'], 'TotalSysCpuTimeHistory': [7]}, '33': {'Retries': 0, 'WallDurations': [9.0, 939.0], 'StartTimes': [1551190534.0], 'SubmitTimes': [1551190203.0], 'JobIds': ['34057898.0'], 'EndTimes': [1551191473.0], 'Restarts': 0, 'RecordedSite': True, 'State': 'finished', 'ResidentSetSize': [590120], 'TotalUserCpuTimeHistory': [174], 'SiteHistory': ['Unknown', 'T2_US_Nebraska'], 'TotalSysCpuTimeHistory': [5]}, '32': {'Retries': 0, 'WallDurations': [10.0, 966.0], 'StartTimes': [1551190534.0], 'SubmitTimes': [1551190209.0], 'JobIds': ['34057899.0'], 'EndTimes': [1551191500.0], 'Restarts': 0, 'RecordedSite': True, 'State': 'finished', 'ResidentSetSize': [627828], 'TotalUserCpuTimeHistory': [211], 'SiteHistory': ['Unknown', 'T2_US_Vanderbilt'], 'TotalSysCpuTimeHistory': [6]}, '50': {'Retries': 0, 'WallDurations': [8.0, 3253.0], 'StartTimes': [1551190881.0], 'SubmitTimes': [1551190220.0], 'JobIds': ['34057917.0'], 'EndTimes': [1551194134.0], 'Restarts': 0, 'RecordedSite': True, 'State': 'finished', 'ResidentSetSize': [463344], 'TotalUserCpuTimeHistory': [244], 'SiteHistory': ['Unknown', 'T3_KR_KNU'], 'TotalSysCpuTimeHistory': [6]}}
INFO 2019-02-28 09:15:49,188: 	 Status on the scheduler:	COMPLETED
INFO 2019-02-28 09:15:49,188: 	 
Jobs status:                    finished     		100.0% (50/50)
INFO 2019-02-28 09:15:49,329: 	 
Publication status:		done         		100.0% (50/50)
(from CRAB internal bookkeeping in transferdb)
INFO 2019-02-28 09:15:49,329: 	 
Output dataset:			/MinBias_Pythia8_1MEvents_004/bjoshi-MinBias_Pythia8_1MEvents_004-144ff01b37d80733d2f6fdd6e657a3ae/USER
Output dataset DAS URL:		https://cmsweb.cern.ch/das/request?input=%2FMinBias_Pythia8_1MEvents_004%2Fbjoshi-MinBias_Pythia8_1MEvents_004-144ff01b37d80733d2f6fdd6e657a3ae%2FUSER&instance=prod%2Fphys03
INFO 2019-02-28 09:15:49,331: 	 
Warning: the max jobs runtime is less than 30% of the task requested value (1250 min), please consider to request a lower value for failed jobs (allowed through crab resubmit) and/or improve the jobs splitting (e.g. config.Data.splitting = 'Automatic') in a new task.
INFO 2019-02-28 09:15:49,331: 	 
Warning: the average jobs CPU efficiency is less than 50%, please consider to improve the jobs splitting (e.g. config.Data.splitting = 'Automatic') in a new task
INFO 2019-02-28 09:15:49,331: 	 
Summary of run jobs:
 * Memory: 469MB min, 722MB max, 533MB ave
 * Runtime: 0:06:35 min, 1:05:56 max, 0:17:10 ave
 * CPU eff: 3% min, 57% max, 20% ave
 * Waste: 0:06:58 (1% of total)

INFO 2019-02-28 09:15:49,434: 	 Log file is /afs/cern.ch/work/b/bjoshi/private/Analysis/Tools/workdir/CMSSW_9_4_4/src/SkimProduction/CRAB/crab_projects/crab_minBias_pythia8_MC_generation_1MEvents_004/crab.log
DEBUG 2019-02-28 16:41:14,611: 	 Executing command: 'status'
DEBUG 2019-02-28 16:41:14,612: 	 Found CRAB cache file /afs/cern.ch/user/b/bjoshi/.crab3
DEBUG 2019-02-28 16:41:14,678: 	 Checking credentials
DEBUG 2019-02-28 16:41:14,679: 	 Found proxy file /tmp/x509up_u92327
DEBUG 2019-02-28 16:41:14,679: 	 Getting proxy life time left
DEBUG 2019-02-28 16:41:15,891: 	 Executing : 
 command : voms-proxy-info -file /tmp/x509up_u92327 -timeleft
 output : 29823

 error: 
 retcode : 0
DEBUG 2019-02-28 16:41:16,917: 	 Executing : 
 command : voms-proxy-info -file /tmp/x509up_u92327 -actimeleft
 output : 29822

 error: 
 retcode : 0
DEBUG 2019-02-28 16:41:16,918: 	 Proxy lifetime 29823 secs is different from voms extension lifetime 29822 secs for proxy: /tmp/x509up_u92327
DEBUG 2019-02-28 16:41:16,918: 	 Proxy valid for 08:17:02 hours
DEBUG 2019-02-28 16:41:17,119: 	 Executing : 
 command : openssl x509 -in ~/.globus/usercert.pem -subject -noout
 output : subject= /DC=ch/DC=cern/OU=Organic Units/OU=Users/CN=bjoshi/CN=796100/CN=Bhargav Madhusudan Joshi

 error: 
 retcode : 0
DEBUG 2019-02-28 16:41:17,120: 	 Checking credentials
DEBUG 2019-02-28 16:41:17,120: 	 Found proxy file /tmp/x509up_u92327
DEBUG 2019-02-28 16:41:17,120: 	 Getting proxy life time left
DEBUG 2019-02-28 16:41:18,233: 	 Executing : 
 command : voms-proxy-info -file /tmp/x509up_u92327 -timeleft
 output : 29820

 error: 
 retcode : 0
DEBUG 2019-02-28 16:41:19,558: 	 Executing : 
 command : voms-proxy-info -file /tmp/x509up_u92327 -actimeleft
 output : 29819

 error: 
 retcode : 0
DEBUG 2019-02-28 16:41:19,558: 	 Proxy lifetime 29820 secs is different from voms extension lifetime 29819 secs for proxy: /tmp/x509up_u92327
DEBUG 2019-02-28 16:41:19,558: 	 Proxy valid for 08:16:59 hours
DEBUG 2019-02-28 16:41:19,716: 	 Registering user credentials for server /DC=ch/DC=cern/OU=computers/CN=vocms(052|058|030|0118|0105|0109).cern.ch|/DC=ch/DC=cern/OU=computers/CN=crab-(preprod|prod)-tw(02|01).cern.ch
DEBUG 2019-02-28 16:41:19,832: 	 Executing : 
 command : openssl x509 -in ~/.globus/usercert.pem -subject -noout
 output : subject= /DC=ch/DC=cern/OU=Organic Units/OU=Users/CN=bjoshi/CN=796100/CN=Bhargav Madhusudan Joshi

 error: 
 retcode : 0
DEBUG 2019-02-28 16:41:19,832: 	 Getting myproxy life time left for myproxy.cern.ch
DEBUG 2019-02-28 16:41:19,832: 	 Calculating hash of /DC=ch/DC=cern/OU=Organic Units/OU=Users/CN=bjoshi/CN=796100/CN=Bhargav Madhusudan Joshi_cmsweb.cern.ch for credential name
DEBUG 2019-02-28 16:41:20,239: 	 Executing : 
 command : myproxy-info -l e9ed08ae3e67a03e4db9d489b1351b281e6abeef -s myproxy.cern.ch
 output : username: e9ed08ae3e67a03e4db9d489b1351b281e6abeef
owner: /DC=ch/DC=cern/OU=Organic Units/OU=Users/CN=bjoshi/CN=796100/CN=Bhargav Madhusudan Joshi
  renewal policy: /DC=ch/DC=cern/OU=computers/CN=vocms(052|058|030|0118|0105|0109).cern.ch|/DC=ch/DC=cern/OU=computers/CN=crab-(preprod|prod)-tw(02|01).cern.ch
  trusted retrieval policy: /DC=ch/DC=cern/OU=computers/CN=vocms(052|058|030|0118|0105|0109).cern.ch|/DC=ch/DC=cern/OU=computers/CN=crab-(preprod|prod)-tw(02|01).cern.ch
  timeleft: 385:40:36  (16.1 days)

 error: 
 retcode : 0
DEBUG 2019-02-28 16:41:20,241: 	 Myproxy is valid: 1388436
DEBUG 2019-02-28 16:41:20,242: 	 Command use: status
DEBUG 2019-02-28 16:41:20,242: 	 Options use: ['-d', 'crab_minBias_pythia8_MC_generation_1MEvents_004/']
DEBUG 2019-02-28 16:41:20,377: 	 CRABClient version: 3.3.1902.patch1
DEBUG 2019-02-28 16:41:20,377: 	 Instance is prod
DEBUG 2019-02-28 16:41:20,377: 	 Server base url is cmsweb.cern.ch
DEBUG 2019-02-28 16:41:20,377: 	 Command url /crabserver/prod/workflow
DEBUG 2019-02-28 16:41:20,501: 	 Got information from server oracle database: {u'result': [u'190226_140857:bjoshi_crab_minBias_pythia8_MC_generation_1MEvents_004', u'None', u'None', u'SUBMITTED', u'SUBMIT', u'2019-02-26 14:08:57.578623', u'None', u'2019-02-26 14:09:32.621334', u'None', u'CMSSW_9_4_4', u'slc6_amd64_gcc630', u'None', u'F', u'0', u'[]', u'[]', u'EventBased', u"{'splitOnRun': False, 'events_per_job': 1000, 'halt_job_on_file_boundaries': False, 'runs': [], 'lumis': []}", u'9b390b1ded6b7ee1e635b3883ba468110a76039e918097f784c9b00849119ec0.tar.gz', u'https://cmsweb.cern.ch/crabcache', u'bjoshi', u'/DC=ch/DC=cern/OU=Organic Units/OU=Users/CN=bjoshi/CN=796100/CN=Bhargav Madhusudan Joshi', u'cms', u'None', u'None', u'MinBias_Pythia8_1MEvents_004-00000000000000000000000000000000', u'F', u'T2_US_Florida', u'https://cmsweb.cern.ch/dbs/prod/global/DBSReader', u'https://cmsweb.cern.ch/dbs/prod/phys03/DBSWriter', u'T', u'[]', u'[]', u"['minbias.root']", u'PrivateMC', u'pythia', u'None', u'{}', u'[]', u'F', u'crab-prod-tw01', u'[]', u'1250', u'1', u'2000', u'10', u"['/MinBias_Pythia8_1MEvents_004/bjoshi-MinBias_Pythia8_1MEvents_004-144ff01b37d80733d2f6fdd6e657a3ae/USER']", u'[]', u'http://vocms0194.cern.ch/mon/cms980/190226_140857:bjoshi_crab_minBias_pythia8_MC_generation_1MEvents_004', u'None', u'[]', u'[]', u'https://cmsweb.cern.ch/crabserver/prod', u'cmsgwms-collector-global.cern.ch:9620,cmssrv221.fnal.gov:9620', u'crab3@vocms0194.cern.ch', u'F', u'[]', u'T', u'/store/user/bjoshi/', u'F', u'None', u'F', u'None', u'MinBias_Pythia8_1MEvents_004', u'2019-02-26 19:22:11.062333', u'5a6e535de4287de27b8f2c75764da4ed85f6f2bf36527741e241b0eb1279a923.tar.gz', u'34057864', u'filetransfers', u'F', u'188.184.108.178', u'50000.0', u'None'], u'desc': {u'columns': [u'tm_taskname', u'tm_activity', u'panda_jobset_id', u'tm_task_status', u'tm_task_command', u'tm_start_time', u'tm_start_injection', u'tm_end_injection', u'tm_task_failure', u'tm_job_sw', u'tm_job_arch', u'tm_input_dataset', u'tm_nonvalid_input_dataset', u'tm_use_parent', u'tm_site_whitelist', u'tm_site_blacklist', u'tm_split_algo', u'tm_split_args', u'tm_user_sandbox', u'tm_cache_url', u'tm_username', u'tm_user_dn', u'tm_user_vo', u'tm_user_role', u'tm_user_group', u'tm_publish_name', u'tm_publish_groupname', u'tm_asyncdest', u'tm_dbs_url', u'tm_publish_dbs_url', u'tm_publication', u'tm_outfiles', u'tm_tfile_outfiles', u'tm_edm_outfiles', u'tm_job_type', u'tm_generator', u'tm_events_per_lumi', u'tm_arguments', u'panda_resubmitted_jobs', u'tm_save_logs', u'tw_name', u'tm_user_infiles', u'tm_maxjobruntime', u'tm_numcores', u'tm_maxmemory', u'tm_priority', u'tm_output_dataset', u'tm_task_warnings', u'tm_user_webdir', u'tm_scriptexe', u'tm_scriptargs', u'tm_extrajdl', u'tm_asourl', u'tm_collector', u'tm_schedd', u'tm_dry_run', u'tm_user_files', u'tm_transfer_outputs', u'tm_output_lfn', u'tm_ignore_locality', u'tm_fail_limit', u'tm_one_event_mode', u'tm_secondary_input_dataset', u'tm_primary_dataset', u'tm_last_publication', u'tm_debug_files', u'clusterid', u'tm_asodb', u'tm_ignore_global_blacklist', u'tm_submitter_ip_addr', u'tm_totalunits', u'tm_ddm_reqid']}}
INFO 2019-02-28 16:41:20,502: 	 CRAB project directory:		/afs/cern.ch/work/b/bjoshi/private/Analysis/Tools/workdir/CMSSW_9_4_4/src/SkimProduction/CRAB/crab_projects/crab_minBias_pythia8_MC_generation_1MEvents_004
INFO 2019-02-28 16:41:20,502: 	 Task name:			190226_140857:bjoshi_crab_minBias_pythia8_MC_generation_1MEvents_004
INFO 2019-02-28 16:41:20,502: 	 Grid scheduler - Task Worker:	crab3@vocms0194.cern.ch - crab-prod-tw01
INFO 2019-02-28 16:41:20,502: 	 Status on the CRAB server:	SUBMITTED
INFO 2019-02-28 16:41:20,502: 	 Task URL to use for HELP:	https://cmsweb.cern.ch/crabserver/ui/task/190226_140857%3Abjoshi_crab_minBias_pythia8_MC_generation_1MEvents_004
INFO 2019-02-28 16:41:20,502: 	 Dashboard monitoring URL:	http://dashb-cms-job.cern.ch/dashboard/templates/task-analysis/#user=bjoshi&refresh=0&table=Jobs&p=1&records=25&activemenu=2&status=&site=&tid=190226_140857%3Abjoshi_crab_minBias_pythia8_MC_generation_1MEvents_004
DEBUG 2019-02-28 16:41:20,502: 	 The CRAB server submitted your task to the Grid scheduler (cluster ID: 34057864)
DEBUG 2019-02-28 16:41:20,502: 	 Webdir is located at http://vocms0194.cern.ch/mon/cms980/190226_140857:bjoshi_crab_minBias_pythia8_MC_generation_1MEvents_004
DEBUG 2019-02-28 16:41:20,649: 	 Proxied webdir is located at https://cmsweb.cern.ch/scheddmon/0194/cms980/190226_140857:bjoshi_crab_minBias_pythia8_MC_generation_1MEvents_004
DEBUG 2019-02-28 16:41:20,649: 	 Retrieving 'status_cache' file from https://cmsweb.cern.ch/scheddmon/0194/cms980/190226_140857:bjoshi_crab_minBias_pythia8_MC_generation_1MEvents_004/status_cache
DEBUG 2019-02-28 16:41:21,003: 	 Got information from status cache file: {'42': {'Retries': 0, 'WallDurations': [0, 982.0], 'StartTimes': [1551190557.0], 'SubmitTimes': [1551190213.0], 'JobIds': ['34057908.0'], 'EndTimes': [1551191539.0], 'Restarts': 0, 'RecordedSite': True, 'State': 'finished', 'ResidentSetSize': [658004], 'TotalUserCpuTimeHistory': [223], 'SiteHistory': ['Unknown', 'T2_US_Nebraska'], 'TotalSysCpuTimeHistory': [11]}, '48': {'Retries': 0, 'WallDurations': [9.0, 981.0], 'StartTimes': [1551190598.0], 'SubmitTimes': [1551190220.0], 'JobIds': ['34057914.0'], 'EndTimes': [1551191579.0], 'Restarts': 0, 'RecordedSite': True, 'State': 'finished', 'ResidentSetSize': [662972], 'TotalUserCpuTimeHistory': [236], 'SiteHistory': ['Unknown', 'T2_US_Nebraska'], 'TotalSysCpuTimeHistory': [12]}, '43': {'Retries': 0, 'WallDurations': [9.0, 1272.0], 'StartTimes': [1551190566.0], 'SubmitTimes': [1551190214.0], 'JobIds': ['34057909.0'], 'EndTimes': [1551191838.0], 'Restarts': 0, 'RecordedSite': True, 'State': 'finished', 'ResidentSetSize': [739776], 'TotalUserCpuTimeHistory': [486], 'SiteHistory': ['Unknown', 'T2_US_Nebraska'], 'TotalSysCpuTimeHistory': [19]}, '23': {'Retries': 0, 'WallDurations': [9.0, 971.0], 'StartTimes': [1551190548.0], 'SubmitTimes': [1551190191.0], 'JobIds': ['34057889.0'], 'EndTimes': [1551191519.0], 'Restarts': 0, 'RecordedSite': True, 'State': 'finished', 'ResidentSetSize': [635372], 'TotalUserCpuTimeHistory': [211], 'SiteHistory': ['Unknown', 'T2_US_Nebraska'], 'TotalSysCpuTimeHistory': [9]}, '24': {'Retries': 0, 'WallDurations': [9.0, 909.0], 'StartTimes': [1551190548.0], 'SubmitTimes': [1551190191.0], 'JobIds': ['34057890.0'], 'EndTimes': [1551191457.0], 'Restarts': 0, 'RecordedSite': True, 'State': 'finished', 'ResidentSetSize': [359016], 'TotalUserCpuTimeHistory': [157], 'SiteHistory': ['Unknown', 'T2_US_Nebraska'], 'TotalSysCpuTimeHistory': [6]}, '25': {'Retries': 0, 'WallDurations': [8.0, 1115.0], 'StartTimes': [1551190550.0], 'SubmitTimes': [1551190191.0], 'JobIds': ['34057891.0'], 'EndTimes': [1551191665.0], 'Restarts': 0, 'RecordedSite': True, 'State': 'finished', 'ResidentSetSize': [655636], 'TotalUserCpuTimeHistory': [324], 'SiteHistory': ['Unknown', 'T2_US_Nebraska'], 'TotalSysCpuTimeHistory': [14]}, '26': {'Retries': 0, 'WallDurations': [9.0, 926.0], 'StartTimes': [1551190544.0], 'SubmitTimes': [1551190191.0], 'JobIds': ['34057892.0'], 'EndTimes': [1551191470.0], 'Restarts': 0, 'RecordedSite': True, 'State': 'finished', 'ResidentSetSize': [635032], 'TotalUserCpuTimeHistory': [155], 'SiteHistory': ['Unknown', 'T2_US_Nebraska'], 'TotalSysCpuTimeHistory': [5]}, '27': {'Retries': 0, 'WallDurations': [9.0, 876.0], 'StartTimes': [1551190871.0], 'SubmitTimes': [1551190192.0], 'JobIds': ['34057893.0'], 'EndTimes': [1551191747.0], 'Restarts': 0, 'RecordedSite': True, 'State': 'finished', 'ResidentSetSize': [639236], 'TotalUserCpuTimeHistory': [308], 'SiteHistory': ['Unknown', 'T2_EE_Estonia'], 'TotalSysCpuTimeHistory': [7]}, '20': {'Retries': 0, 'WallDurations': [9.0, 937.0], 'StartTimes': [1551190531.0], 'SubmitTimes': [1551190190.0], 'JobIds': ['34057887.0'], 'EndTimes': [1551191468.0], 'Restarts': 0, 'RecordedSite': True, 'State': 'finished', 'ResidentSetSize': [549012], 'TotalUserCpuTimeHistory': [165], 'SiteHistory': ['Unknown', 'T2_US_Vanderbilt'], 'TotalSysCpuTimeHistory': [5]}, '21': {'Retries': 0, 'WallDurations': [9.0, 3956.0], 'StartTimes': [1551190882.0], 'SubmitTimes': [1551190220.0], 'JobIds': ['34057918.0'], 'EndTimes': [1551194838.0], 'Restarts': 0, 'RecordedSite': True, 'State': 'finished', 'ResidentSetSize': [550264], 'TotalUserCpuTimeHistory': [106], 'SiteHistory': ['Unknown', 'T2_IT_Pisa'], 'TotalSysCpuTimeHistory': [6]}, '22': {'Retries': 0, 'WallDurations': [10.0, 1030.0], 'StartTimes': [1551190543.0], 'SubmitTimes': [1551190190.0], 'JobIds': ['34057888.0'], 'EndTimes': [1551191573.0], 'Restarts': 0, 'RecordedSite': True, 'State': 'finished', 'ResidentSetSize': [683516], 'TotalUserCpuTimeHistory': [266], 'SiteHistory': ['Unknown', 'T2_US_Nebraska'], 'TotalSysCpuTimeHistory': [9]}, '49': {'Retries': 0, 'WallDurations': [9.0, 1035.0], 'StartTimes': [1551190614.0], 'SubmitTimes': [1551190220.0], 'JobIds': ['34057916.0'], 'EndTimes': [1551191649.0], 'Restarts': 0, 'RecordedSite': True, 'State': 'finished', 'ResidentSetSize': [653512], 'TotalUserCpuTimeHistory': [309], 'SiteHistory': ['Unknown', 'T2_US_Nebraska'], 'TotalSysCpuTimeHistory': [15]}, '46': {'Retries': 0, 'WallDurations': [9.0, 960.0], 'StartTimes': [1551190584.0], 'SubmitTimes': [1551190219.0], 'JobIds': ['34057913.0'], 'EndTimes': [1551191544.0], 'Restarts': 0, 'RecordedSite': True, 'State': 'finished', 'ResidentSetSize': [559356], 'TotalUserCpuTimeHistory': [209], 'SiteHistory': ['Unknown', 'T2_US_Nebraska'], 'TotalSysCpuTimeHistory': [11]}, '47': {'Retries': 0, 'WallDurations': [9.0, 965.0], 'StartTimes': [1551190611.0], 'SubmitTimes': [1551190220.0], 'JobIds': ['34057915.0'], 'EndTimes': [1551191576.0], 'Restarts': 0, 'RecordedSite': True, 'State': 'finished', 'ResidentSetSize': [675880], 'TotalUserCpuTimeHistory': [238], 'SiteHistory': ['Unknown', 'T2_US_Nebraska'], 'TotalSysCpuTimeHistory': [12]}, '44': {'Retries': 0, 'WallDurations': [9.0, 896.0], 'StartTimes': [1551190543.0], 'SubmitTimes': [1551190219.0], 'JobIds': ['34057911.0'], 'EndTimes': [1551191439.0], 'Restarts': 0, 'RecordedSite': True, 'State': 'finished', 'ResidentSetSize': [349332], 'TotalUserCpuTimeHistory': [136], 'SiteHistory': ['Unknown', 'T2_US_Nebraska'], 'TotalSysCpuTimeHistory': [5]}, '45': {'Retries': 0, 'WallDurations': [0, 902.0], 'StartTimes': [1551190556.0], 'SubmitTimes': [1551190219.0], 'JobIds': ['34057912.0'], 'EndTimes': [1551191458.0], 'Restarts': 0, 'RecordedSite': True, 'State': 'finished', 'ResidentSetSize': [334400], 'TotalUserCpuTimeHistory': [156], 'SiteHistory': ['Unknown', 'T2_US_Nebraska'], 'TotalSysCpuTimeHistory': [6]}, '28': {'Retries': 0, 'WallDurations': [0, 1031.0], 'StartTimes': [1551190551.0], 'SubmitTimes': [1551190198.0], 'JobIds': ['34057894.0'], 'EndTimes': [1551191582.0], 'Restarts': 0, 'RecordedSite': True, 'State': 'finished', 'ResidentSetSize': [625436], 'TotalUserCpuTimeHistory': [267], 'SiteHistory': ['Unknown', 'T2_US_Nebraska'], 'TotalSysCpuTimeHistory': [14]}, '29': {'Retries': 0, 'WallDurations': [10.0, 936.0], 'StartTimes': [1551190534.0], 'SubmitTimes': [1551190201.0], 'JobIds': ['34057895.0'], 'EndTimes': [1551191470.0], 'Restarts': 0, 'RecordedSite': True, 'State': 'finished', 'ResidentSetSize': [561420], 'TotalUserCpuTimeHistory': [153], 'SiteHistory': ['Unknown', 'T2_US_Nebraska'], 'TotalSysCpuTimeHistory': [6]}, '40': {'Retries': 0, 'WallDurations': [10.0, 947.0], 'StartTimes': [1551190547.0], 'SubmitTimes': [1551190213.0], 'JobIds': ['34057906.0'], 'EndTimes': [1551191494.0], 'Restarts': 0, 'RecordedSite': True, 'State': 'finished', 'ResidentSetSize': [635188], 'TotalUserCpuTimeHistory': [192], 'SiteHistory': ['Unknown', 'T2_US_Nebraska'], 'TotalSysCpuTimeHistory': [6]}, '41': {'Retries': 0, 'WallDurations': [10.0, 957.0], 'StartTimes': [1551190562.0], 'SubmitTimes': [1551190213.0], 'JobIds': ['34057907.0'], 'EndTimes': [1551191519.0], 'Restarts': 0, 'RecordedSite': True, 'State': 'finished', 'ResidentSetSize': [659680], 'TotalUserCpuTimeHistory': [210], 'SiteHistory': ['Unknown', 'T2_US_Nebraska'], 'TotalSysCpuTimeHistory': [9]}, '1': {'Retries': 0, 'WallDurations': [8.0, 600.0], 'StartTimes': [1551190869.0], 'SubmitTimes': [1551190186.0], 'JobIds': ['34057868.0'], 'EndTimes': [1551191469.0], 'Restarts': 0, 'RecordedSite': True, 'State': 'finished', 'ResidentSetSize': [488864], 'TotalUserCpuTimeHistory': [337], 'SiteHistory': ['Unknown', 'T3_IT_Trieste'], 'TotalSysCpuTimeHistory': [5]}, '3': {'Retries': 0, 'WallDurations': [8.0, 513.0], 'StartTimes': [1551190869.0], 'SubmitTimes': [1551190187.0], 'JobIds': ['34057870.0'], 'EndTimes': [1551191382.0], 'Restarts': 0, 'RecordedSite': True, 'State': 'finished', 'ResidentSetSize': [480308], 'TotalUserCpuTimeHistory': [114], 'SiteHistory': ['Unknown', 'T3_IT_Trieste'], 'TotalSysCpuTimeHistory': [3]}, '2': {'Retries': 0, 'WallDurations': [8.0, 395.0], 'StartTimes': [1551190869.0], 'SubmitTimes': [1551190187.0], 'JobIds': ['34057869.0'], 'EndTimes': [1551191264.0], 'Restarts': 0, 'RecordedSite': True, 'State': 'finished', 'ResidentSetSize': [544032], 'TotalUserCpuTimeHistory': [129], 'SiteHistory': ['Unknown', 'T3_IT_Trieste'], 'TotalSysCpuTimeHistory': [3]}, '5': {'Retries': 0, 'WallDurations': [8.0, 758.0], 'StartTimes': [1551190873.0], 'SubmitTimes': [1551190187.0], 'JobIds': ['34057872.0'], 'EndTimes': [1551191631.0], 'Restarts': 0, 'RecordedSite': True, 'State': 'finished', 'ResidentSetSize': [627348], 'TotalUserCpuTimeHistory': [200], 'SiteHistory': ['Unknown', 'T2_EE_Estonia'], 'TotalSysCpuTimeHistory': [6]}, '4': {'Retries': 0, 'WallDurations': [8.0, 766.0], 'StartTimes': [1551190871.0], 'SubmitTimes': [1551190187.0], 'JobIds': ['34057871.0'], 'EndTimes': [1551191637.0], 'Restarts': 0, 'RecordedSite': True, 'State': 'finished', 'ResidentSetSize': [629572], 'TotalUserCpuTimeHistory': [210], 'SiteHistory': ['Unknown', 'T2_EE_Estonia'], 'TotalSysCpuTimeHistory': [7]}, '7': {'Retries': 0, 'WallDurations': [9.0, 990.0], 'StartTimes': [1551190531.0], 'SubmitTimes': [1551190187.0], 'JobIds': ['34057874.0'], 'EndTimes': [1551191521.0], 'Restarts': 0, 'RecordedSite': True, 'State': 'finished', 'ResidentSetSize': [675512], 'TotalUserCpuTimeHistory': [212], 'SiteHistory': ['Unknown', 'T2_US_Vanderbilt'], 'TotalSysCpuTimeHistory': [6]}, '6': {'Retries': 0, 'WallDurations': [9.0, 969.0], 'StartTimes': [1551190529.0], 'SubmitTimes': [1551190187.0], 'JobIds': ['34057873.0'], 'EndTimes': [1551191498.0], 'Restarts': 0, 'RecordedSite': True, 'State': 'finished', 'ResidentSetSize': [612452], 'TotalUserCpuTimeHistory': [207], 'SiteHistory': ['Unknown', 'T2_US_Vanderbilt'], 'TotalSysCpuTimeHistory': [5]}, '9': {'Retries': 0, 'WallDurations': [10.0, 1024.0], 'StartTimes': [1551190534.0], 'SubmitTimes': [1551190188.0], 'JobIds': ['34057875.0'], 'EndTimes': [1551191558.0], 'Restarts': 0, 'RecordedSite': True, 'State': 'finished', 'ResidentSetSize': [570716], 'TotalUserCpuTimeHistory': [222], 'SiteHistory': ['Unknown', 'T2_US_Vanderbilt'], 'TotalSysCpuTimeHistory': [6]}, '8': {'Retries': 0, 'WallDurations': [9.0, 984.0], 'StartTimes': [1551190534.0], 'SubmitTimes': [1551190188.0], 'JobIds': ['34057879.0'], 'EndTimes': [1551191518.0], 'Restarts': 0, 'RecordedSite': True, 'State': 'finished', 'ResidentSetSize': [548400], 'TotalUserCpuTimeHistory': [224], 'SiteHistory': ['Unknown', 'T2_US_Vanderbilt'], 'TotalSysCpuTimeHistory': [5]}, '39': {'Retries': 0, 'WallDurations': [0, 919.0], 'StartTimes': [1551190551.0], 'SubmitTimes': [1551190212.0], 'JobIds': ['34057904.0'], 'EndTimes': [1551191470.0], 'Restarts': 0, 'RecordedSite': True, 'State': 'finished', 'ResidentSetSize': [361056], 'TotalUserCpuTimeHistory': [173], 'SiteHistory': ['Unknown', 'T2_US_Nebraska'], 'TotalSysCpuTimeHistory': [6]}, '38': {'Retries': 0, 'WallDurations': [9.0, 1001.0], 'StartTimes': [1551190534.0], 'SubmitTimes': [1551190213.0], 'JobIds': ['34057905.0'], 'EndTimes': [1551191535.0], 'Restarts': 0, 'RecordedSite': True, 'State': 'finished', 'ResidentSetSize': [670828], 'TotalUserCpuTimeHistory': [240], 'SiteHistory': ['Unknown', 'T2_US_Nebraska'], 'TotalSysCpuTimeHistory': [7]}, '11': {'Retries': 0, 'WallDurations': [8.0, 944.0], 'StartTimes': [1551190538.0], 'SubmitTimes': [1551190188.0], 'JobIds': ['34057877.0'], 'EndTimes': [1551191482.0], 'Restarts': 0, 'RecordedSite': True, 'State': 'finished', 'ResidentSetSize': [528100], 'TotalUserCpuTimeHistory': [170], 'SiteHistory': ['Unknown', 'T2_US_Vanderbilt'], 'TotalSysCpuTimeHistory': [5]}, '10': {'Retries': 0, 'WallDurations': [10.0, 908.0], 'StartTimes': [1551190534.0], 'SubmitTimes': [1551190188.0], 'JobIds': ['34057876.0'], 'EndTimes': [1551191442.0], 'Restarts': 0, 'RecordedSite': True, 'State': 'finished', 'ResidentSetSize': [349604], 'TotalUserCpuTimeHistory': [147], 'SiteHistory': ['Unknown', 'T2_US_Vanderbilt'], 'TotalSysCpuTimeHistory': [5]}, '13': {'Retries': 0, 'WallDurations': [10.0, 863.0], 'StartTimes': [1551190540.0], 'SubmitTimes': [1551190188.0], 'JobIds': ['34057880.0'], 'EndTimes': [1551191403.0], 'Restarts': 0, 'RecordedSite': True, 'State': 'finished', 'ResidentSetSize': [364056], 'TotalUserCpuTimeHistory': [107], 'SiteHistory': ['Unknown', 'T2_US_Nebraska'], 'TotalSysCpuTimeHistory': [4]}, '12': {'Retries': 0, 'WallDurations': [9.0, 937.0], 'StartTimes': [1551190534.0], 'SubmitTimes': [1551190188.0], 'JobIds': ['34057878.0'], 'EndTimes': [1551191471.0], 'Restarts': 0, 'RecordedSite': True, 'State': 'finished', 'ResidentSetSize': [550412], 'TotalUserCpuTimeHistory': [181], 'SiteHistory': ['Unknown', 'T2_US_Vanderbilt'], 'TotalSysCpuTimeHistory': [6]}, '15': {'Retries': 0, 'WallDurations': [9.0, 901.0], 'StartTimes': [1551190534.0], 'SubmitTimes': [1551190189.0], 'JobIds': ['34057882.0'], 'EndTimes': [1551191435.0], 'Restarts': 0, 'RecordedSite': True, 'State': 'finished', 'ResidentSetSize': [362752], 'TotalUserCpuTimeHistory': [139], 'SiteHistory': ['Unknown', 'T2_US_Nebraska'], 'TotalSysCpuTimeHistory': [5]}, '14': {'Retries': 0, 'WallDurations': [9.0, 883.0], 'StartTimes': [1551190538.0], 'SubmitTimes': [1551190188.0], 'JobIds': ['34057881.0'], 'EndTimes': [1551191421.0], 'Restarts': 0, 'RecordedSite': True, 'State': 'finished', 'ResidentSetSize': [360996], 'TotalUserCpuTimeHistory': [116], 'SiteHistory': ['Unknown', 'T2_US_Nebraska'], 'TotalSysCpuTimeHistory': [4]}, '17': {'Retries': 0, 'WallDurations': [9.0, 990.0], 'StartTimes': [1551190529.0], 'SubmitTimes': [1551190189.0], 'JobIds': ['34057884.0'], 'EndTimes': [1551191519.0], 'Restarts': 0, 'RecordedSite': True, 'State': 'finished', 'ResidentSetSize': [668076], 'TotalUserCpuTimeHistory': [214], 'SiteHistory': ['Unknown', 'T2_US_Nebraska'], 'TotalSysCpuTimeHistory': [7]}, '16': {'Retries': 0, 'WallDurations': [10.0, 886.0], 'StartTimes': [1551190543.0], 'SubmitTimes': [1551190189.0], 'JobIds': ['34057883.0'], 'EndTimes': [1551191429.0], 'Restarts': 0, 'RecordedSite': True, 'State': 'finished', 'ResidentSetSize': [363040], 'TotalUserCpuTimeHistory': [132], 'SiteHistory': ['Unknown', 'T2_US_Nebraska'], 'TotalSysCpuTimeHistory': [6]}, '19': {'Retries': 0, 'WallDurations': [10.0, 1075.0], 'StartTimes': [1551190529.0], 'SubmitTimes': [1551190190.0], 'JobIds': ['34057886.0'], 'EndTimes': [1551191604.0], 'Restarts': 0, 'RecordedSite': True, 'State': 'finished', 'ResidentSetSize': [579080], 'TotalUserCpuTimeHistory': [306], 'SiteHistory': ['Unknown', 'T2_US_Vanderbilt'], 'TotalSysCpuTimeHistory': [6]}, '18': {'Retries': 0, 'WallDurations': [9.0, 939.0], 'StartTimes': [1551190531.0], 'SubmitTimes': [1551190189.0], 'JobIds': ['34057885.0'], 'EndTimes': [1551191470.0], 'Restarts': 0, 'RecordedSite': True, 'State': 'finished', 'ResidentSetSize': [550276], 'TotalUserCpuTimeHistory': [164], 'SiteHistory': ['Unknown', 'T2_US_Nebraska'], 'TotalSysCpuTimeHistory': [4]}, '31': {'Retries': 0, 'WallDurations': [9.0, 993.0], 'StartTimes': [1551190531.0], 'SubmitTimes': [1551190202.0], 'JobIds': ['34057897.0'], 'EndTimes': [1551191524.0], 'Restarts': 0, 'RecordedSite': True, 'State': 'finished', 'ResidentSetSize': [631444], 'TotalUserCpuTimeHistory': [206], 'SiteHistory': ['Unknown', 'T2_US_Nebraska'], 'TotalSysCpuTimeHistory': [6]}, '30': {'Retries': 0, 'WallDurations': [10.0, 882.0], 'StartTimes': [1551190543.0], 'SubmitTimes': [1551190201.0], 'JobIds': ['34057896.0'], 'EndTimes': [1551191425.0], 'Restarts': 0, 'RecordedSite': True, 'State': 'finished', 'ResidentSetSize': [333708], 'TotalUserCpuTimeHistory': [125], 'SiteHistory': ['Unknown', 'T2_US_Nebraska'], 'TotalSysCpuTimeHistory': [6]}, '37': {'Retries': 0, 'WallDurations': [10.0, 881.0], 'StartTimes': [1551190543.0], 'SubmitTimes': [1551190210.0], 'JobIds': ['34057901.0'], 'EndTimes': [1551191424.0], 'Restarts': 0, 'RecordedSite': True, 'State': 'finished', 'ResidentSetSize': [361880], 'TotalUserCpuTimeHistory': [126], 'SiteHistory': ['Unknown', 'T2_US_Nebraska'], 'TotalSysCpuTimeHistory': [6]}, '36': {'Retries': 0, 'WallDurations': [9.0, 851.0], 'StartTimes': [1551190541.0], 'SubmitTimes': [1551190212.0], 'JobIds': ['34057903.0'], 'EndTimes': [1551191392.0], 'Restarts': 0, 'RecordedSite': True, 'State': 'finished', 'ResidentSetSize': [339488], 'TotalUserCpuTimeHistory': [81], 'SiteHistory': ['Unknown', 'T2_US_Nebraska'], 'TotalSysCpuTimeHistory': [4]}, '35': {'Retries': 0, 'WallDurations': [9.0, 949.0], 'StartTimes': [1551190548.0], 'SubmitTimes': [1551190210.0], 'JobIds': ['34057902.0'], 'EndTimes': [1551191497.0], 'Restarts': 0, 'RecordedSite': True, 'State': 'finished', 'ResidentSetSize': [641340], 'TotalUserCpuTimeHistory': [193], 'SiteHistory': ['Unknown', 'T2_US_Nebraska'], 'TotalSysCpuTimeHistory': [8]}, '34': {'Retries': 0, 'WallDurations': [9.0, 993.0], 'StartTimes': [1551190534.0], 'SubmitTimes': [1551190209.0], 'JobIds': ['34057900.0'], 'EndTimes': [1551191527.0], 'Restarts': 0, 'RecordedSite': True, 'State': 'finished', 'ResidentSetSize': [568488], 'TotalUserCpuTimeHistory': [230], 'SiteHistory': ['Unknown', 'T2_US_Nebraska'], 'TotalSysCpuTimeHistory': [7]}, '33': {'Retries': 0, 'WallDurations': [9.0, 939.0], 'StartTimes': [1551190534.0], 'SubmitTimes': [1551190203.0], 'JobIds': ['34057898.0'], 'EndTimes': [1551191473.0], 'Restarts': 0, 'RecordedSite': True, 'State': 'finished', 'ResidentSetSize': [590120], 'TotalUserCpuTimeHistory': [174], 'SiteHistory': ['Unknown', 'T2_US_Nebraska'], 'TotalSysCpuTimeHistory': [5]}, '32': {'Retries': 0, 'WallDurations': [10.0, 966.0], 'StartTimes': [1551190534.0], 'SubmitTimes': [1551190209.0], 'JobIds': ['34057899.0'], 'EndTimes': [1551191500.0], 'Restarts': 0, 'RecordedSite': True, 'State': 'finished', 'ResidentSetSize': [627828], 'TotalUserCpuTimeHistory': [211], 'SiteHistory': ['Unknown', 'T2_US_Vanderbilt'], 'TotalSysCpuTimeHistory': [6]}, '50': {'Retries': 0, 'WallDurations': [8.0, 3253.0], 'StartTimes': [1551190881.0], 'SubmitTimes': [1551190220.0], 'JobIds': ['34057917.0'], 'EndTimes': [1551194134.0], 'Restarts': 0, 'RecordedSite': True, 'State': 'finished', 'ResidentSetSize': [463344], 'TotalUserCpuTimeHistory': [244], 'SiteHistory': ['Unknown', 'T3_KR_KNU'], 'TotalSysCpuTimeHistory': [6]}}
INFO 2019-02-28 16:41:21,003: 	 Status on the scheduler:	COMPLETED
INFO 2019-02-28 16:41:21,003: 	 
Jobs status:                    finished     		100.0% (50/50)
INFO 2019-02-28 16:41:21,117: 	 
Publication status:		done         		100.0% (50/50)
(from CRAB internal bookkeeping in transferdb)
INFO 2019-02-28 16:41:21,117: 	 
Output dataset:			/MinBias_Pythia8_1MEvents_004/bjoshi-MinBias_Pythia8_1MEvents_004-144ff01b37d80733d2f6fdd6e657a3ae/USER
Output dataset DAS URL:		https://cmsweb.cern.ch/das/request?input=%2FMinBias_Pythia8_1MEvents_004%2Fbjoshi-MinBias_Pythia8_1MEvents_004-144ff01b37d80733d2f6fdd6e657a3ae%2FUSER&instance=prod%2Fphys03
INFO 2019-02-28 16:41:21,119: 	 
Warning: the max jobs runtime is less than 30% of the task requested value (1250 min), please consider to request a lower value for failed jobs (allowed through crab resubmit) and/or improve the jobs splitting (e.g. config.Data.splitting = 'Automatic') in a new task.
INFO 2019-02-28 16:41:21,119: 	 
Warning: the average jobs CPU efficiency is less than 50%, please consider to improve the jobs splitting (e.g. config.Data.splitting = 'Automatic') in a new task
INFO 2019-02-28 16:41:21,119: 	 
Summary of run jobs:
 * Memory: 469MB min, 722MB max, 533MB ave
 * Runtime: 0:06:35 min, 1:05:56 max, 0:17:10 ave
 * CPU eff: 3% min, 57% max, 20% ave
 * Waste: 0:06:58 (1% of total)

INFO 2019-02-28 16:41:21,168: 	 Log file is /afs/cern.ch/work/b/bjoshi/private/Analysis/Tools/workdir/CMSSW_9_4_4/src/SkimProduction/CRAB/crab_projects/crab_minBias_pythia8_MC_generation_1MEvents_004/crab.log
